nncp compress: input bytes=2804201 model dim=256 depth=4 heads=8
num_params_M: 3.483136
nncp compress: bytes=2804201 ctx=1024 slide=768 train_every=256 train_batch=8 train_seq=256
/home/andrew/Developer/a-compressed-world/.venv/lib/python3.12/site-packages/torch/autograd/graph.py:869: UserWarning: Memory Efficient attention defaults to a non-deterministic algorithm. To explicitly enable determinism call torch.use_deterministic_algorithms(True, warn_only=False). (Triggered internally at /pytorch/aten/src/ATen/native/transformers/cuda/attention_backward.cu:900.)
  return Variable._execution_engine.run_backward(  # Calls into the C++ engine to run the backward pass
step 1024 bytes 1024 bits 7599 bpb 7.4209 window_bpb 7.4209 elapsed 1.6s
step 2048 bytes 2048 bits 14816 bpb 7.2344 window_bpb 7.0479 elapsed 3.0s
step 3072 bytes 3072 bits 21985 bpb 7.1566 window_bpb 7.0010 elapsed 4.4s
step 4096 bytes 4096 bits 28865 bpb 7.0471 window_bpb 6.7188 elapsed 5.8s
step 5120 bytes 5120 bits 35333 bpb 6.9010 window_bpb 6.3164 elapsed 7.2s
step 6144 bytes 6144 bits 42286 bpb 6.8825 window_bpb 6.7900 elapsed 8.5s
step 7168 bytes 7168 bits 48674 bpb 6.7905 window_bpb 6.2383 elapsed 9.9s
step 8192 bytes 8192 bits 54770 bpb 6.6858 window_bpb 5.9531 elapsed 11.3s
step 9216 bytes 9216 bits 60869 bpb 6.6047 window_bpb 5.9561 elapsed 12.7s
step 10240 bytes 10240 bits 66902 bpb 6.5334 window_bpb 5.8916 elapsed 14.2s
step 11264 bytes 11264 bits 73084 bpb 6.4883 window_bpb 6.0371 elapsed 15.6s
step 12288 bytes 12288 bits 78995 bpb 6.4286 window_bpb 5.7725 elapsed 17.0s
step 13312 bytes 13312 bits 84841 bpb 6.3733 window_bpb 5.7090 elapsed 18.4s
step 14336 bytes 14336 bits 90867 bpb 6.3384 window_bpb 5.8848 elapsed 19.8s
step 15360 bytes 15360 bits 97168 bpb 6.3260 window_bpb 6.1533 elapsed 21.2s
step 16384 bytes 16384 bits 103342 bpb 6.3075 window_bpb 6.0293 elapsed 22.6s
step 17408 bytes 17408 bits 109300 bpb 6.2787 window_bpb 5.8184 elapsed 24.0s
step 18432 bytes 18432 bits 115379 bpb 6.2597 window_bpb 5.9365 elapsed 25.3s
step 19456 bytes 19456 bits 121225 bpb 6.2307 window_bpb 5.7090 elapsed 26.7s
step 20480 bytes 20480 bits 126967 bpb 6.1996 window_bpb 5.6074 elapsed 28.1s
step 21504 bytes 21504 bits 132673 bpb 6.1697 window_bpb 5.5723 elapsed 29.5s
step 22528 bytes 22528 bits 138317 bpb 6.1398 window_bpb 5.5117 elapsed 30.9s
step 23552 bytes 23552 bits 143891 bpb 6.1095 window_bpb 5.4434 elapsed 32.3s
step 24576 bytes 24576 bits 149634 bpb 6.0886 window_bpb 5.6084 elapsed 33.7s
step 25600 bytes 25600 bits 155365 bpb 6.0689 window_bpb 5.5967 elapsed 35.1s
step 26624 bytes 26624 bits 161158 bpb 6.0531 window_bpb 5.6572 elapsed 36.5s
step 27648 bytes 27648 bits 166947 bpb 6.0383 window_bpb 5.6533 elapsed 37.9s
step 28672 bytes 28672 bits 172840 bpb 6.0282 window_bpb 5.7549 elapsed 39.3s
step 29696 bytes 29696 bits 178287 bpb 6.0037 window_bpb 5.3193 elapsed 40.7s
step 30720 bytes 30720 bits 183753 bpb 5.9815 window_bpb 5.3379 elapsed 42.1s
step 31744 bytes 31744 bits 189387 bpb 5.9661 window_bpb 5.5020 elapsed 43.5s
step 32768 bytes 32768 bits 194876 bpb 5.9471 window_bpb 5.3604 elapsed 44.9s
step 33792 bytes 33792 bits 200390 bpb 5.9301 window_bpb 5.3848 elapsed 46.3s
step 34816 bytes 34816 bits 205855 bpb 5.9127 window_bpb 5.3369 elapsed 47.7s
step 35840 bytes 35840 bits 211266 bpb 5.8947 window_bpb 5.2842 elapsed 49.1s
step 36864 bytes 36864 bits 216601 bpb 5.8757 window_bpb 5.2100 elapsed 50.5s
step 37888 bytes 37888 bits 221973 bpb 5.8587 window_bpb 5.2461 elapsed 51.9s
step 38912 bytes 38912 bits 227519 bpb 5.8470 window_bpb 5.4160 elapsed 53.3s
step 39936 bytes 39936 bits 233098 bpb 5.8368 window_bpb 5.4482 elapsed 54.7s
step 40960 bytes 40960 bits 238804 bpb 5.8302 window_bpb 5.5723 elapsed 56.1s
step 41984 bytes 41984 bits 244357 bpb 5.8202 window_bpb 5.4229 elapsed 57.5s
step 43008 bytes 43008 bits 249848 bpb 5.8093 window_bpb 5.3623 elapsed 58.9s
step 44032 bytes 44032 bits 255213 bpb 5.7961 window_bpb 5.2393 elapsed 60.3s
step 45056 bytes 45056 bits 260680 bpb 5.7857 window_bpb 5.3389 elapsed 61.7s
step 46080 bytes 46080 bits 265867 bpb 5.7697 window_bpb 5.0654 elapsed 63.1s
step 47104 bytes 47104 bits 271263 bpb 5.7588 window_bpb 5.2695 elapsed 64.5s
step 48128 bytes 48128 bits 276768 bpb 5.7507 window_bpb 5.3760 elapsed 65.9s
step 49152 bytes 49152 bits 282120 bpb 5.7397 window_bpb 5.2266 elapsed 67.3s
step 50176 bytes 50176 bits 287492 bpb 5.7297 window_bpb 5.2461 elapsed 68.7s
step 51200 bytes 51200 bits 292793 bpb 5.7186 window_bpb 5.1768 elapsed 70.1s
step 52224 bytes 52224 bits 298224 bpb 5.7105 window_bpb 5.3037 elapsed 71.5s
step 53248 bytes 53248 bits 303524 bpb 5.7002 window_bpb 5.1758 elapsed 72.9s
step 54272 bytes 54272 bits 308809 bpb 5.6900 window_bpb 5.1611 elapsed 74.3s
step 55296 bytes 55296 bits 314260 bpb 5.6832 window_bpb 5.3232 elapsed 75.7s
step 56320 bytes 56320 bits 319868 bpb 5.6795 window_bpb 5.4766 elapsed 77.1s
step 57344 bytes 57344 bits 325322 bpb 5.6732 window_bpb 5.3262 elapsed 78.5s
step 58368 bytes 58368 bits 330647 bpb 5.6649 window_bpb 5.2002 elapsed 79.9s
step 59392 bytes 59392 bits 336010 bpb 5.6575 window_bpb 5.2373 elapsed 81.3s
step 60416 bytes 60416 bits 341661 bpb 5.6551 window_bpb 5.5186 elapsed 82.7s
step 61440 bytes 61440 bits 346989 bpb 5.6476 window_bpb 5.2031 elapsed 84.1s
step 62464 bytes 62464 bits 352375 bpb 5.6412 window_bpb 5.2598 elapsed 85.5s
step 63488 bytes 63488 bits 357935 bpb 5.6378 window_bpb 5.4297 elapsed 86.9s
step 64512 bytes 64512 bits 363081 bpb 5.6281 window_bpb 5.0254 elapsed 88.3s
step 65536 bytes 65536 bits 368416 bpb 5.6216 window_bpb 5.2100 elapsed 89.7s
step 66560 bytes 66560 bits 373895 bpb 5.6174 window_bpb 5.3506 elapsed 91.1s
step 67584 bytes 67584 bits 379332 bpb 5.6127 window_bpb 5.3096 elapsed 92.5s
step 68608 bytes 68608 bits 384902 bpb 5.6102 window_bpb 5.4395 elapsed 93.9s
step 69632 bytes 69632 bits 390353 bpb 5.6059 window_bpb 5.3232 elapsed 95.3s
step 70656 bytes 70656 bits 395925 bpb 5.6036 window_bpb 5.4414 elapsed 96.6s
step 71680 bytes 71680 bits 401254 bpb 5.5979 window_bpb 5.2041 elapsed 98.0s
step 72704 bytes 72704 bits 406604 bpb 5.5926 window_bpb 5.2246 elapsed 99.4s
step 73728 bytes 73728 bits 411885 bpb 5.5865 window_bpb 5.1572 elapsed 100.8s
step 74752 bytes 74752 bits 417139 bpb 5.5803 window_bpb 5.1309 elapsed 102.2s
step 75776 bytes 75776 bits 422598 bpb 5.5769 window_bpb 5.3311 elapsed 103.5s
step 76800 bytes 76800 bits 428128 bpb 5.5746 window_bpb 5.4004 elapsed 104.9s
step 77824 bytes 77824 bits 435148 bpb 5.5914 window_bpb 6.8555 elapsed 106.3s
step 78848 bytes 78848 bits 441367 bpb 5.5977 window_bpb 6.0732 elapsed 107.7s
step 79872 bytes 79872 bits 447417 bpb 5.6017 window_bpb 5.9082 elapsed 109.0s
step 80896 bytes 80896 bits 453464 bpb 5.6055 window_bpb 5.9053 elapsed 110.4s
step 81920 bytes 81920 bits 459450 bpb 5.6085 window_bpb 5.8457 elapsed 111.8s
step 82944 bytes 82944 bits 465376 bpb 5.6107 window_bpb 5.7871 elapsed 113.2s
step 83968 bytes 83968 bits 471406 bpb 5.6141 window_bpb 5.8887 elapsed 114.5s
step 84992 bytes 84992 bits 477310 bpb 5.6159 window_bpb 5.7656 elapsed 115.9s
step 86016 bytes 86016 bits 483084 bpb 5.6162 window_bpb 5.6387 elapsed 117.3s
step 87040 bytes 87040 bits 489153 bpb 5.6199 window_bpb 5.9268 elapsed 118.7s
step 88064 bytes 88064 bits 495094 bpb 5.6220 window_bpb 5.8018 elapsed 120.1s
step 89088 bytes 89088 bits 501078 bpb 5.6245 window_bpb 5.8438 elapsed 121.4s
step 90112 bytes 90112 bits 508925 bpb 5.6477 window_bpb 7.6631 elapsed 122.8s
step 91136 bytes 91136 bits 516711 bpb 5.6697 window_bpb 7.6035 elapsed 124.2s
step 92160 bytes 92160 bits 524305 bpb 5.6891 window_bpb 7.4160 elapsed 125.6s
step 93184 bytes 93184 bits 531570 bpb 5.7045 window_bpb 7.0947 elapsed 127.0s
step 94208 bytes 94208 bits 536616 bpb 5.6961 window_bpb 4.9277 elapsed 128.3s
step 95232 bytes 95232 bits 542884 bpb 5.7006 window_bpb 6.1211 elapsed 129.7s
step 96256 bytes 96256 bits 549262 bpb 5.7063 window_bpb 6.2285 elapsed 131.1s
step 97280 bytes 97280 bits 555597 bpb 5.7113 window_bpb 6.1865 elapsed 132.5s
step 98304 bytes 98304 bits 561626 bpb 5.7132 window_bpb 5.8877 elapsed 133.9s
step 99328 bytes 99328 bits 567923 bpb 5.7177 window_bpb 6.1494 elapsed 135.2s
step 100352 bytes 100352 bits 574109 bpb 5.7210 window_bpb 6.0410 elapsed 136.6s
step 101376 bytes 101376 bits 580203 bpb 5.7233 window_bpb 5.9512 elapsed 138.0s
step 102400 bytes 102400 bits 586243 bpb 5.7250 window_bpb 5.8984 elapsed 139.4s
step 103424 bytes 103424 bits 592466 bpb 5.7285 window_bpb 6.0771 elapsed 140.8s
step 104448 bytes 104448 bits 598551 bpb 5.7306 window_bpb 5.9424 elapsed 142.1s
step 105472 bytes 105472 bits 604921 bpb 5.7354 window_bpb 6.2207 elapsed 143.5s
step 106496 bytes 106496 bits 611047 bpb 5.7377 window_bpb 5.9824 elapsed 144.9s
step 107520 bytes 107520 bits 617238 bpb 5.7407 window_bpb 6.0459 elapsed 146.3s
step 108544 bytes 108544 bits 622919 bpb 5.7389 window_bpb 5.5479 elapsed 147.7s
step 109568 bytes 109568 bits 628813 bpb 5.7390 window_bpb 5.7559 elapsed 149.0s
step 110592 bytes 110592 bits 634522 bpb 5.7375 window_bpb 5.5752 elapsed 150.4s
step 111616 bytes 111616 bits 639999 bpb 5.7339 window_bpb 5.3486 elapsed 151.8s
step 112640 bytes 112640 bits 645991 bpb 5.7350 window_bpb 5.8516 elapsed 153.2s
step 113664 bytes 113664 bits 651923 bpb 5.7355 window_bpb 5.7930 elapsed 154.6s
step 114688 bytes 114688 bits 657661 bpb 5.7343 window_bpb 5.6035 elapsed 156.0s
step 115712 bytes 115712 bits 663261 bpb 5.7320 window_bpb 5.4688 elapsed 157.3s
step 116736 bytes 116736 bits 668823 bpb 5.7294 window_bpb 5.4316 elapsed 158.7s
step 117760 bytes 117760 bits 674413 bpb 5.7270 window_bpb 5.4590 elapsed 160.1s
step 118784 bytes 118784 bits 679929 bpb 5.7241 window_bpb 5.3867 elapsed 161.5s
step 119808 bytes 119808 bits 685479 bpb 5.7215 window_bpb 5.4199 elapsed 162.9s
step 120832 bytes 120832 bits 691089 bpb 5.7194 window_bpb 5.4785 elapsed 164.2s
step 121856 bytes 121856 bits 696785 bpb 5.7181 window_bpb 5.5625 elapsed 165.6s
step 122880 bytes 122880 bits 702340 bpb 5.7157 window_bpb 5.4248 elapsed 167.0s
step 123904 bytes 123904 bits 707964 bpb 5.7138 window_bpb 5.4922 elapsed 168.4s
step 124928 bytes 124928 bits 713601 bpb 5.7121 window_bpb 5.5049 elapsed 169.7s
step 125952 bytes 125952 bits 719191 bpb 5.7100 window_bpb 5.4590 elapsed 171.1s
step 126976 bytes 126976 bits 724739 bpb 5.7077 window_bpb 5.4180 elapsed 172.5s
step 128000 bytes 128000 bits 730629 bpb 5.7080 window_bpb 5.7520 elapsed 173.9s
step 129024 bytes 129024 bits 736230 bpb 5.7061 window_bpb 5.4697 elapsed 175.3s
step 130048 bytes 130048 bits 742351 bpb 5.7083 window_bpb 5.9775 elapsed 176.6s
step 131072 bytes 131072 bits 748156 bpb 5.7080 window_bpb 5.6689 elapsed 178.0s
step 132096 bytes 132096 bits 753771 bpb 5.7062 window_bpb 5.4834 elapsed 179.4s
step 133120 bytes 133120 bits 759364 bpb 5.7044 window_bpb 5.4619 elapsed 180.8s
step 134144 bytes 134144 bits 764961 bpb 5.7025 window_bpb 5.4658 elapsed 182.2s
step 135168 bytes 135168 bits 770624 bpb 5.7012 window_bpb 5.5303 elapsed 183.5s
step 136192 bytes 136192 bits 776247 bpb 5.6997 window_bpb 5.4912 elapsed 184.9s
step 137216 bytes 137216 bits 781654 bpb 5.6965 window_bpb 5.2803 elapsed 186.3s
step 138240 bytes 138240 bits 787072 bpb 5.6935 window_bpb 5.2910 elapsed 187.7s
step 139264 bytes 139264 bits 792459 bpb 5.6903 window_bpb 5.2607 elapsed 189.1s
step 140288 bytes 140288 bits 798024 bpb 5.6885 window_bpb 5.4346 elapsed 190.4s
step 141312 bytes 141312 bits 803535 bpb 5.6862 window_bpb 5.3818 elapsed 191.8s
step 142336 bytes 142336 bits 808949 bpb 5.6834 window_bpb 5.2871 elapsed 193.2s
step 143360 bytes 143360 bits 814306 bpb 5.6801 window_bpb 5.2314 elapsed 194.6s
step 144384 bytes 144384 bits 819937 bpb 5.6789 window_bpb 5.4990 elapsed 195.9s
step 145408 bytes 145408 bits 825566 bpb 5.6776 window_bpb 5.4971 elapsed 197.3s
step 146432 bytes 146432 bits 831245 bpb 5.6767 window_bpb 5.5459 elapsed 198.7s
step 147456 bytes 147456 bits 836860 bpb 5.6753 window_bpb 5.4834 elapsed 200.1s
step 148480 bytes 148480 bits 842550 bpb 5.6745 window_bpb 5.5566 elapsed 201.5s
step 149504 bytes 149504 bits 848228 bpb 5.6736 window_bpb 5.5449 elapsed 202.8s
step 150528 bytes 150528 bits 854245 bpb 5.6750 window_bpb 5.8760 elapsed 204.2s
step 151552 bytes 151552 bits 859857 bpb 5.6737 window_bpb 5.4805 elapsed 205.6s
step 152576 bytes 152576 bits 865451 bpb 5.6723 window_bpb 5.4629 elapsed 207.0s
step 153600 bytes 153600 bits 871084 bpb 5.6711 window_bpb 5.5010 elapsed 208.4s
step 154624 bytes 154624 bits 876610 bpb 5.6693 window_bpb 5.3965 elapsed 209.7s
step 155648 bytes 155648 bits 882179 bpb 5.6678 window_bpb 5.4385 elapsed 211.1s
step 156672 bytes 156672 bits 887685 bpb 5.6659 window_bpb 5.3770 elapsed 212.5s
step 157696 bytes 157696 bits 893396 bpb 5.6653 window_bpb 5.5771 elapsed 213.9s
step 158720 bytes 158720 bits 899180 bpb 5.6652 window_bpb 5.6484 elapsed 215.2s
step 159744 bytes 159744 bits 904902 bpb 5.6647 window_bpb 5.5879 elapsed 216.6s
step 160768 bytes 160768 bits 910579 bpb 5.6639 window_bpb 5.5439 elapsed 218.0s
step 161792 bytes 161792 bits 916107 bpb 5.6623 window_bpb 5.3984 elapsed 219.4s
step 162816 bytes 162816 bits 921735 bpb 5.6612 window_bpb 5.4961 elapsed 220.7s
step 163840 bytes 163840 bits 927150 bpb 5.6589 window_bpb 5.2881 elapsed 222.1s
step 164864 bytes 164864 bits 932901 bpb 5.6586 window_bpb 5.6162 elapsed 223.5s
step 165888 bytes 165888 bits 938532 bpb 5.6576 window_bpb 5.4990 elapsed 224.9s
step 166912 bytes 166912 bits 944084 bpb 5.6562 window_bpb 5.4219 elapsed 226.2s
step 167936 bytes 167936 bits 949805 bpb 5.6558 window_bpb 5.5869 elapsed 227.6s
step 168960 bytes 168960 bits 955598 bpb 5.6558 window_bpb 5.6572 elapsed 229.0s
step 169984 bytes 169984 bits 961314 bpb 5.6553 window_bpb 5.5820 elapsed 230.4s
step 171008 bytes 171008 bits 967160 bpb 5.6556 window_bpb 5.7090 elapsed 231.7s
step 172032 bytes 172032 bits 974236 bpb 5.6631 window_bpb 6.9102 elapsed 233.1s
step 173056 bytes 173056 bits 981670 bpb 5.6726 window_bpb 7.2598 elapsed 234.5s
step 174080 bytes 174080 bits 989286 bpb 5.6829 window_bpb 7.4375 elapsed 235.9s
step 175104 bytes 175104 bits 997052 bpb 5.6941 window_bpb 7.5840 elapsed 237.2s
step 176128 bytes 176128 bits 1004349 bpb 5.7024 window_bpb 7.1260 elapsed 238.6s
step 177152 bytes 177152 bits 1010500 bpb 5.7041 window_bpb 6.0068 elapsed 240.0s
step 178176 bytes 178176 bits 1016591 bpb 5.7055 window_bpb 5.9482 elapsed 241.3s
step 179200 bytes 179200 bits 1022369 bpb 5.7052 window_bpb 5.6426 elapsed 242.7s
step 180224 bytes 180224 bits 1028394 bpb 5.7062 window_bpb 5.8838 elapsed 244.1s
step 181248 bytes 181248 bits 1034359 bpb 5.7069 window_bpb 5.8252 elapsed 245.5s
step 182272 bytes 182272 bits 1040063 bpb 5.7061 window_bpb 5.5703 elapsed 246.9s
step 183296 bytes 183296 bits 1045723 bpb 5.7051 window_bpb 5.5273 elapsed 248.2s
step 184320 bytes 184320 bits 1051503 bpb 5.7048 window_bpb 5.6445 elapsed 249.6s
step 185344 bytes 185344 bits 1057265 bpb 5.7043 window_bpb 5.6270 elapsed 251.0s
step 186368 bytes 186368 bits 1062618 bpb 5.7017 window_bpb 5.2275 elapsed 252.4s
step 187392 bytes 187392 bits 1067941 bpb 5.6990 window_bpb 5.1982 elapsed 253.7s
step 188416 bytes 188416 bits 1073296 bpb 5.6964 window_bpb 5.2295 elapsed 255.1s
step 189440 bytes 189440 bits 1078620 bpb 5.6937 window_bpb 5.1992 elapsed 256.5s
step 190464 bytes 190464 bits 1084032 bpb 5.6915 window_bpb 5.2852 elapsed 257.9s
step 191488 bytes 191488 bits 1090569 bpb 5.6952 window_bpb 6.3838 elapsed 259.2s
step 192512 bytes 192512 bits 1096859 bpb 5.6976 window_bpb 6.1426 elapsed 260.6s
step 193536 bytes 193536 bits 1103069 bpb 5.6996 window_bpb 6.0645 elapsed 262.0s
step 194560 bytes 194560 bits 1109230 bpb 5.7012 window_bpb 6.0166 elapsed 263.4s
step 195584 bytes 195584 bits 1115498 bpb 5.7034 window_bpb 6.1211 elapsed 264.8s
step 196608 bytes 196608 bits 1121903 bpb 5.7063 window_bpb 6.2549 elapsed 266.2s
step 197632 bytes 197632 bits 1128040 bpb 5.7078 window_bpb 5.9932 elapsed 267.5s
step 198656 bytes 198656 bits 1134121 bpb 5.7090 window_bpb 5.9385 elapsed 268.9s
step 199680 bytes 199680 bits 1139643 bpb 5.7073 window_bpb 5.3926 elapsed 270.3s
step 200704 bytes 200704 bits 1146128 bpb 5.7105 window_bpb 6.3330 elapsed 271.7s
step 201728 bytes 201728 bits 1152234 bpb 5.7118 window_bpb 5.9629 elapsed 273.0s
step 202752 bytes 202752 bits 1158496 bpb 5.7139 window_bpb 6.1152 elapsed 274.4s
step 203776 bytes 203776 bits 1165185 bpb 5.7180 window_bpb 6.5322 elapsed 275.8s
step 204800 bytes 204800 bits 1171625 bpb 5.7208 window_bpb 6.2891 elapsed 277.2s
step 205824 bytes 205824 bits 1177707 bpb 5.7219 window_bpb 5.9395 elapsed 278.6s
step 206848 bytes 206848 bits 1183617 bpb 5.7222 window_bpb 5.7715 elapsed 280.0s
step 207872 bytes 207872 bits 1189940 bpb 5.7244 window_bpb 6.1748 elapsed 281.3s
step 208896 bytes 208896 bits 1196391 bpb 5.7272 window_bpb 6.2998 elapsed 282.7s
step 209920 bytes 209920 bits 1203048 bpb 5.7310 window_bpb 6.5010 elapsed 284.1s
step 210944 bytes 210944 bits 1209472 bpb 5.7336 window_bpb 6.2734 elapsed 285.5s
step 211968 bytes 211968 bits 1215573 bpb 5.7347 window_bpb 5.9580 elapsed 286.9s
step 212992 bytes 212992 bits 1221508 bpb 5.7350 window_bpb 5.7959 elapsed 288.2s
step 214016 bytes 214016 bits 1227704 bpb 5.7365 window_bpb 6.0508 elapsed 289.6s
step 215040 bytes 215040 bits 1233719 bpb 5.7372 window_bpb 5.8740 elapsed 291.0s
step 216064 bytes 216064 bits 1239718 bpb 5.7377 window_bpb 5.8584 elapsed 292.4s
step 217088 bytes 217088 bits 1245536 bpb 5.7375 window_bpb 5.6816 elapsed 293.8s
step 218112 bytes 218112 bits 1251278 bpb 5.7369 window_bpb 5.6074 elapsed 295.1s
step 219136 bytes 219136 bits 1257231 bpb 5.7372 window_bpb 5.8135 elapsed 296.5s
step 220160 bytes 220160 bits 1263093 bpb 5.7372 window_bpb 5.7246 elapsed 297.9s
step 221184 bytes 221184 bits 1269051 bpb 5.7375 window_bpb 5.8184 elapsed 299.3s
step 222208 bytes 222208 bits 1274936 bpb 5.7376 window_bpb 5.7471 elapsed 300.6s
step 223232 bytes 223232 bits 1280771 bpb 5.7374 window_bpb 5.6982 elapsed 302.0s
step 224256 bytes 224256 bits 1286662 bpb 5.7375 window_bpb 5.7529 elapsed 303.4s
step 225280 bytes 225280 bits 1292513 bpb 5.7374 window_bpb 5.7139 elapsed 304.8s
step 226304 bytes 226304 bits 1298266 bpb 5.7368 window_bpb 5.6182 elapsed 306.1s
step 227328 bytes 227328 bits 1304126 bpb 5.7368 window_bpb 5.7227 elapsed 307.5s
step 228352 bytes 228352 bits 1309953 bpb 5.7366 window_bpb 5.6904 elapsed 308.9s
step 229376 bytes 229376 bits 1315681 bpb 5.7359 window_bpb 5.5938 elapsed 310.3s
step 230400 bytes 230400 bits 1321505 bpb 5.7357 window_bpb 5.6875 elapsed 311.6s
step 231424 bytes 231424 bits 1327318 bpb 5.7354 window_bpb 5.6768 elapsed 313.0s
step 232448 bytes 232448 bits 1333253 bpb 5.7357 window_bpb 5.7959 elapsed 314.4s
step 233472 bytes 233472 bits 1339248 bpb 5.7362 window_bpb 5.8545 elapsed 315.8s
step 234496 bytes 234496 bits 1345098 bpb 5.7361 window_bpb 5.7129 elapsed 317.1s
step 235520 bytes 235520 bits 1351049 bpb 5.7365 window_bpb 5.8115 elapsed 318.5s
step 236544 bytes 236544 bits 1357071 bpb 5.7371 window_bpb 5.8809 elapsed 319.9s
step 237568 bytes 237568 bits 1362879 bpb 5.7368 window_bpb 5.6719 elapsed 321.3s
step 238592 bytes 238592 bits 1368803 bpb 5.7370 window_bpb 5.7852 elapsed 322.6s
step 239616 bytes 239616 bits 1374593 bpb 5.7366 window_bpb 5.6543 elapsed 324.0s
step 240640 bytes 240640 bits 1380339 bpb 5.7361 window_bpb 5.6113 elapsed 325.4s
step 241664 bytes 241664 bits 1386243 bpb 5.7362 window_bpb 5.7656 elapsed 326.8s
step 242688 bytes 242688 bits 1391921 bpb 5.7354 window_bpb 5.5449 elapsed 328.1s
step 243712 bytes 243712 bits 1397686 bpb 5.7350 window_bpb 5.6299 elapsed 329.5s
step 244736 bytes 244736 bits 1403497 bpb 5.7347 window_bpb 5.6748 elapsed 330.9s
step 245760 bytes 245760 bits 1409421 bpb 5.7349 window_bpb 5.7852 elapsed 332.3s
step 246784 bytes 246784 bits 1415407 bpb 5.7354 window_bpb 5.8457 elapsed 333.6s
step 247808 bytes 247808 bits 1421312 bpb 5.7355 window_bpb 5.7666 elapsed 335.0s
step 248832 bytes 248832 bits 1427221 bpb 5.7357 window_bpb 5.7705 elapsed 336.4s
step 249856 bytes 249856 bits 1433005 bpb 5.7353 window_bpb 5.6484 elapsed 337.8s
step 250880 bytes 250880 bits 1438742 bpb 5.7348 window_bpb 5.6025 elapsed 339.1s
step 251904 bytes 251904 bits 1444397 bpb 5.7339 window_bpb 5.5225 elapsed 340.5s
step 252928 bytes 252928 bits 1450253 bpb 5.7339 window_bpb 5.7188 elapsed 341.9s
step 253952 bytes 253952 bits 1455876 bpb 5.7329 window_bpb 5.4912 elapsed 343.3s
step 254976 bytes 254976 bits 1461532 bpb 5.7320 window_bpb 5.5234 elapsed 344.7s
step 256000 bytes 256000 bits 1467306 bpb 5.7317 window_bpb 5.6387 elapsed 346.0s
step 257024 bytes 257024 bits 1473088 bpb 5.7313 window_bpb 5.6465 elapsed 347.4s
step 258048 bytes 258048 bits 1478970 bpb 5.7314 window_bpb 5.7441 elapsed 348.8s
step 259072 bytes 259072 bits 1484874 bpb 5.7315 window_bpb 5.7656 elapsed 350.2s
step 260096 bytes 260096 bits 1490643 bpb 5.7311 window_bpb 5.6338 elapsed 351.5s
step 261120 bytes 261120 bits 1496496 bpb 5.7311 window_bpb 5.7158 elapsed 352.9s
step 262144 bytes 262144 bits 1502234 bpb 5.7306 window_bpb 5.6035 elapsed 354.3s
step 263168 bytes 263168 bits 1508207 bpb 5.7310 window_bpb 5.8330 elapsed 355.7s
step 264192 bytes 264192 bits 1514200 bpb 5.7314 window_bpb 5.8525 elapsed 357.0s
step 265216 bytes 265216 bits 1520146 bpb 5.7317 window_bpb 5.8066 elapsed 358.4s
step 266240 bytes 266240 bits 1525938 bpb 5.7314 window_bpb 5.6562 elapsed 359.8s
step 267264 bytes 267264 bits 1531751 bpb 5.7312 window_bpb 5.6768 elapsed 361.2s
step 268288 bytes 268288 bits 1537714 bpb 5.7316 window_bpb 5.8232 elapsed 362.5s
step 269312 bytes 269312 bits 1543504 bpb 5.7313 window_bpb 5.6543 elapsed 363.9s
step 270336 bytes 270336 bits 1549293 bpb 5.7310 window_bpb 5.6533 elapsed 365.3s
step 271360 bytes 271360 bits 1555378 bpb 5.7318 window_bpb 5.9424 elapsed 366.6s
step 272384 bytes 272384 bits 1561153 bpb 5.7314 window_bpb 5.6396 elapsed 368.0s
step 273408 bytes 273408 bits 1567169 bpb 5.7320 window_bpb 5.8750 elapsed 369.4s
step 274432 bytes 274432 bits 1572997 bpb 5.7318 window_bpb 5.6914 elapsed 370.7s
step 275456 bytes 275456 bits 1578924 bpb 5.7320 window_bpb 5.7881 elapsed 372.1s
step 276480 bytes 276480 bits 1584832 bpb 5.7322 window_bpb 5.7695 elapsed 373.5s
step 277504 bytes 277504 bits 1590689 bpb 5.7321 window_bpb 5.7197 elapsed 374.9s
step 278528 bytes 278528 bits 1596519 bpb 5.7320 window_bpb 5.6934 elapsed 376.3s
step 279552 bytes 279552 bits 1602428 bpb 5.7321 window_bpb 5.7705 elapsed 377.6s
step 280576 bytes 280576 bits 1608281 bpb 5.7321 window_bpb 5.7158 elapsed 379.0s
step 281600 bytes 281600 bits 1614336 bpb 5.7327 window_bpb 5.9131 elapsed 380.4s
step 282624 bytes 282624 bits 1620368 bpb 5.7333 window_bpb 5.8906 elapsed 381.7s
step 283648 bytes 283648 bits 1626259 bpb 5.7334 window_bpb 5.7529 elapsed 383.1s
step 284672 bytes 284672 bits 1632291 bpb 5.7339 window_bpb 5.8906 elapsed 384.5s
step 285696 bytes 285696 bits 1638310 bpb 5.7345 window_bpb 5.8779 elapsed 385.8s
step 286720 bytes 286720 bits 1644370 bpb 5.7351 window_bpb 5.9180 elapsed 387.2s
step 287744 bytes 287744 bits 1650244 bpb 5.7351 window_bpb 5.7363 elapsed 388.6s
step 288768 bytes 288768 bits 1656069 bpb 5.7349 window_bpb 5.6885 elapsed 389.9s
step 289792 bytes 289792 bits 1661792 bpb 5.7344 window_bpb 5.5889 elapsed 391.3s
step 290816 bytes 290816 bits 1667741 bpb 5.7347 window_bpb 5.8096 elapsed 392.7s
step 291840 bytes 291840 bits 1673623 bpb 5.7347 window_bpb 5.7441 elapsed 394.1s
step 292864 bytes 292864 bits 1679452 bpb 5.7346 window_bpb 5.6924 elapsed 395.4s
step 293888 bytes 293888 bits 1685279 bpb 5.7344 window_bpb 5.6904 elapsed 396.8s
step 294912 bytes 294912 bits 1691122 bpb 5.7343 window_bpb 5.7061 elapsed 398.2s
step 295936 bytes 295936 bits 1697243 bpb 5.7352 window_bpb 5.9775 elapsed 399.5s
step 296960 bytes 296960 bits 1703170 bpb 5.7354 window_bpb 5.7881 elapsed 400.9s
step 297984 bytes 297984 bits 1709125 bpb 5.7356 window_bpb 5.8154 elapsed 402.3s
step 299008 bytes 299008 bits 1715186 bpb 5.7363 window_bpb 5.9189 elapsed 403.7s
step 300032 bytes 300032 bits 1721189 bpb 5.7367 window_bpb 5.8623 elapsed 405.0s
step 301056 bytes 301056 bits 1726797 bpb 5.7358 window_bpb 5.4766 elapsed 406.4s
step 302080 bytes 302080 bits 1732414 bpb 5.7350 window_bpb 5.4854 elapsed 407.8s
step 303104 bytes 303104 bits 1737703 bpb 5.7330 window_bpb 5.1650 elapsed 409.1s
step 304128 bytes 304128 bits 1742983 bpb 5.7311 window_bpb 5.1562 elapsed 410.5s
step 305152 bytes 305152 bits 1748782 bpb 5.7309 window_bpb 5.6631 elapsed 411.9s
step 306176 bytes 306176 bits 1754724 bpb 5.7311 window_bpb 5.8027 elapsed 413.3s
step 307200 bytes 307200 bits 1760419 bpb 5.7305 window_bpb 5.5615 elapsed 414.6s
step 308224 bytes 308224 bits 1766006 bpb 5.7296 window_bpb 5.4561 elapsed 416.0s
step 309248 bytes 309248 bits 1771175 bpb 5.7274 window_bpb 5.0479 elapsed 417.4s
step 310272 bytes 310272 bits 1776375 bpb 5.7252 window_bpb 5.0781 elapsed 418.7s
step 311296 bytes 311296 bits 1781610 bpb 5.7232 window_bpb 5.1123 elapsed 420.1s
step 312320 bytes 312320 bits 1787139 bpb 5.7221 window_bpb 5.3994 elapsed 421.5s
step 313344 bytes 313344 bits 1792949 bpb 5.7220 window_bpb 5.6738 elapsed 422.8s
step 314368 bytes 314368 bits 1798360 bpb 5.7206 window_bpb 5.2842 elapsed 424.2s
step 315392 bytes 315392 bits 1803721 bpb 5.7190 window_bpb 5.2354 elapsed 425.6s
step 316416 bytes 316416 bits 1809207 bpb 5.7178 window_bpb 5.3574 elapsed 426.9s
step 317440 bytes 317440 bits 1814599 bpb 5.7164 window_bpb 5.2656 elapsed 428.3s
step 318464 bytes 318464 bits 1819043 bpb 5.7119 window_bpb 4.3398 elapsed 429.7s
step 319488 bytes 319488 bits 1823414 bpb 5.7073 window_bpb 4.2686 elapsed 431.0s
step 320512 bytes 320512 bits 1827671 bpb 5.7023 window_bpb 4.1572 elapsed 432.4s
step 321536 bytes 321536 bits 1832318 bpb 5.6986 window_bpb 4.5381 elapsed 433.8s
step 322560 bytes 322560 bits 1839205 bpb 5.7019 window_bpb 6.7256 elapsed 435.2s
step 323584 bytes 323584 bits 1844918 bpb 5.7015 window_bpb 5.5791 elapsed 436.5s
step 324608 bytes 324608 bits 1850677 bpb 5.7013 window_bpb 5.6240 elapsed 437.9s
step 325632 bytes 325632 bits 1856414 bpb 5.7010 window_bpb 5.6025 elapsed 439.3s
step 326656 bytes 326656 bits 1863090 bpb 5.7035 window_bpb 6.5195 elapsed 440.7s
step 327680 bytes 327680 bits 1870579 bpb 5.7086 window_bpb 7.3135 elapsed 442.0s
step 328704 bytes 328704 bits 1878470 bpb 5.7148 window_bpb 7.7061 elapsed 443.4s
step 329728 bytes 329728 bits 1886185 bpb 5.7204 window_bpb 7.5342 elapsed 444.8s
step 330752 bytes 330752 bits 1893341 bpb 5.7244 window_bpb 6.9883 elapsed 446.2s
step 331776 bytes 331776 bits 1900775 bpb 5.7291 window_bpb 7.2598 elapsed 447.5s
step 332800 bytes 332800 bits 1908201 bpb 5.7338 window_bpb 7.2520 elapsed 448.9s
step 333824 bytes 333824 bits 1915285 bpb 5.7374 window_bpb 6.9180 elapsed 450.3s
step 334848 bytes 334848 bits 1919755 bpb 5.7332 window_bpb 4.3652 elapsed 451.7s
step 335872 bytes 335872 bits 1923976 bpb 5.7283 window_bpb 4.1221 elapsed 453.0s
step 336896 bytes 336896 bits 1927994 bpb 5.7228 window_bpb 3.9238 elapsed 454.4s
step 337920 bytes 337920 bits 1932088 bpb 5.7176 window_bpb 3.9980 elapsed 455.8s
step 338944 bytes 338944 bits 1936262 bpb 5.7126 window_bpb 4.0762 elapsed 457.1s
step 339968 bytes 339968 bits 1940633 bpb 5.7083 window_bpb 4.2686 elapsed 458.5s
step 340992 bytes 340992 bits 1945173 bpb 5.7045 window_bpb 4.4336 elapsed 459.9s
step 342016 bytes 342016 bits 1950068 bpb 5.7017 window_bpb 4.7803 elapsed 461.3s
step 343040 bytes 343040 bits 1954994 bpb 5.6990 window_bpb 4.8105 elapsed 462.6s
step 344064 bytes 344064 bits 1959164 bpb 5.6942 window_bpb 4.0723 elapsed 464.0s
step 345088 bytes 345088 bits 1963656 bpb 5.6903 window_bpb 4.3867 elapsed 465.4s
step 346112 bytes 346112 bits 1967967 bpb 5.6859 window_bpb 4.2100 elapsed 466.8s
step 347136 bytes 347136 bits 1972688 bpb 5.6828 window_bpb 4.6104 elapsed 468.2s
step 348160 bytes 348160 bits 1977163 bpb 5.6789 window_bpb 4.3701 elapsed 469.5s
step 349184 bytes 349184 bits 1981619 bpb 5.6750 window_bpb 4.3516 elapsed 470.9s
step 350208 bytes 350208 bits 1986074 bpb 5.6711 window_bpb 4.3506 elapsed 472.3s
step 351232 bytes 351232 bits 1990532 bpb 5.6673 window_bpb 4.3535 elapsed 473.7s
step 352256 bytes 352256 bits 1994727 bpb 5.6627 window_bpb 4.0967 elapsed 475.0s
step 353280 bytes 353280 bits 1999456 bpb 5.6597 window_bpb 4.6182 elapsed 476.4s
step 354304 bytes 354304 bits 2004268 bpb 5.6569 window_bpb 4.6992 elapsed 477.8s
step 355328 bytes 355328 bits 2008740 bpb 5.6532 window_bpb 4.3672 elapsed 479.1s
step 356352 bytes 356352 bits 2013551 bpb 5.6505 window_bpb 4.6982 elapsed 480.5s
step 357376 bytes 357376 bits 2018540 bpb 5.6482 window_bpb 4.8721 elapsed 481.9s
step 358400 bytes 358400 bits 2023420 bpb 5.6457 window_bpb 4.7656 elapsed 483.3s
step 359424 bytes 359424 bits 2027925 bpb 5.6422 window_bpb 4.3994 elapsed 484.6s
step 360448 bytes 360448 bits 2032269 bpb 5.6382 window_bpb 4.2422 elapsed 486.0s
step 361472 bytes 361472 bits 2036731 bpb 5.6345 window_bpb 4.3574 elapsed 487.4s
step 362496 bytes 362496 bits 2041320 bpb 5.6313 window_bpb 4.4814 elapsed 488.8s
step 363520 bytes 363520 bits 2045805 bpb 5.6278 window_bpb 4.3799 elapsed 490.1s
step 364544 bytes 364544 bits 2050314 bpb 5.6243 window_bpb 4.4033 elapsed 491.5s
step 365568 bytes 365568 bits 2054877 bpb 5.6211 window_bpb 4.4561 elapsed 492.9s
step 366592 bytes 366592 bits 2059276 bpb 5.6174 window_bpb 4.2959 elapsed 494.3s
step 367616 bytes 367616 bits 2063465 bpb 5.6131 window_bpb 4.0908 elapsed 495.6s
step 368640 bytes 368640 bits 2067856 bpb 5.6094 window_bpb 4.2881 elapsed 497.0s
step 369664 bytes 369664 bits 2072545 bpb 5.6066 window_bpb 4.5791 elapsed 498.4s
step 370688 bytes 370688 bits 2078477 bpb 5.6071 window_bpb 5.7930 elapsed 499.8s
step 371712 bytes 371712 bits 2084719 bpb 5.6084 window_bpb 6.0957 elapsed 501.1s
step 372736 bytes 372736 bits 2090989 bpb 5.6098 window_bpb 6.1230 elapsed 502.5s
step 373760 bytes 373760 bits 2097567 bpb 5.6121 window_bpb 6.4238 elapsed 503.9s
step 374784 bytes 374784 bits 2104298 bpb 5.6147 window_bpb 6.5732 elapsed 505.3s
step 375808 bytes 375808 bits 2110838 bpb 5.6168 window_bpb 6.3867 elapsed 506.6s
step 376832 bytes 376832 bits 2117195 bpb 5.6184 window_bpb 6.2080 elapsed 508.0s
step 377856 bytes 377856 bits 2123364 bpb 5.6195 window_bpb 6.0244 elapsed 509.4s
step 378880 bytes 378880 bits 2129699 bpb 5.6210 window_bpb 6.1865 elapsed 510.7s
step 379904 bytes 379904 bits 2136123 bpb 5.6228 window_bpb 6.2734 elapsed 512.1s
step 380928 bytes 380928 bits 2142387 bpb 5.6241 window_bpb 6.1172 elapsed 513.5s
step 381952 bytes 381952 bits 2148468 bpb 5.6250 window_bpb 5.9385 elapsed 514.9s
step 382976 bytes 382976 bits 2154733 bpb 5.6263 window_bpb 6.1182 elapsed 516.2s
step 384000 bytes 384000 bits 2160972 bpb 5.6275 window_bpb 6.0928 elapsed 517.6s
step 385024 bytes 385024 bits 2167797 bpb 5.6303 window_bpb 6.6650 elapsed 519.0s
step 386048 bytes 386048 bits 2174431 bpb 5.6325 window_bpb 6.4785 elapsed 520.4s
step 387072 bytes 387072 bits 2181334 bpb 5.6355 window_bpb 6.7412 elapsed 521.7s
step 388096 bytes 388096 bits 2187704 bpb 5.6370 window_bpb 6.2207 elapsed 523.1s
step 389120 bytes 389120 bits 2193846 bpb 5.6380 window_bpb 5.9980 elapsed 524.5s
step 390144 bytes 390144 bits 2199860 bpb 5.6386 window_bpb 5.8730 elapsed 525.9s
step 391168 bytes 391168 bits 2205971 bpb 5.6394 window_bpb 5.9678 elapsed 527.2s
step 392192 bytes 392192 bits 2212059 bpb 5.6402 window_bpb 5.9453 elapsed 528.6s
step 393216 bytes 393216 bits 2218353 bpb 5.6416 window_bpb 6.1465 elapsed 530.0s
step 394240 bytes 394240 bits 2224510 bpb 5.6425 window_bpb 6.0127 elapsed 531.4s
step 395264 bytes 395264 bits 2230647 bpb 5.6434 window_bpb 5.9932 elapsed 532.7s
step 396288 bytes 396288 bits 2236784 bpb 5.6443 window_bpb 5.9932 elapsed 534.1s
step 397312 bytes 397312 bits 2242808 bpb 5.6450 window_bpb 5.8828 elapsed 535.5s
step 398336 bytes 398336 bits 2248853 bpb 5.6456 window_bpb 5.9033 elapsed 536.8s
step 399360 bytes 399360 bits 2255039 bpb 5.6466 window_bpb 6.0410 elapsed 538.2s
step 400384 bytes 400384 bits 2261347 bpb 5.6479 window_bpb 6.1602 elapsed 539.6s
step 401408 bytes 401408 bits 2267578 bpb 5.6491 window_bpb 6.0850 elapsed 541.0s
step 402432 bytes 402432 bits 2273637 bpb 5.6497 window_bpb 5.9170 elapsed 542.3s
step 403456 bytes 403456 bits 2279734 bpb 5.6505 window_bpb 5.9541 elapsed 543.7s
step 404480 bytes 404480 bits 2285733 bpb 5.6510 window_bpb 5.8584 elapsed 545.1s
step 405504 bytes 405504 bits 2291907 bpb 5.6520 window_bpb 6.0293 elapsed 546.5s
step 406528 bytes 406528 bits 2298109 bpb 5.6530 window_bpb 6.0566 elapsed 547.8s
step 407552 bytes 407552 bits 2304238 bpb 5.6539 window_bpb 5.9854 elapsed 549.2s
step 408576 bytes 408576 bits 2310298 bpb 5.6545 window_bpb 5.9180 elapsed 550.6s
step 409600 bytes 409600 bits 2316280 bpb 5.6550 window_bpb 5.8418 elapsed 552.0s
step 410624 bytes 410624 bits 2322249 bpb 5.6554 window_bpb 5.8291 elapsed 553.3s
step 411648 bytes 411648 bits 2328170 bpb 5.6557 window_bpb 5.7822 elapsed 554.7s
step 412672 bytes 412672 bits 2334148 bpb 5.6562 window_bpb 5.8379 elapsed 556.1s
step 413696 bytes 413696 bits 2340148 bpb 5.6567 window_bpb 5.8594 elapsed 557.5s
step 414720 bytes 414720 bits 2346247 bpb 5.6574 window_bpb 5.9561 elapsed 558.8s
step 415744 bytes 415744 bits 2352386 bpb 5.6583 window_bpb 5.9951 elapsed 560.2s
step 416768 bytes 416768 bits 2358449 bpb 5.6589 window_bpb 5.9209 elapsed 561.6s
step 417792 bytes 417792 bits 2364462 bpb 5.6594 window_bpb 5.8721 elapsed 563.0s
step 418816 bytes 418816 bits 2370521 bpb 5.6601 window_bpb 5.9170 elapsed 564.3s
step 419840 bytes 419840 bits 2376678 bpb 5.6609 window_bpb 6.0127 elapsed 565.7s
step 420864 bytes 420864 bits 2382849 bpb 5.6618 window_bpb 6.0264 elapsed 567.1s
step 421888 bytes 421888 bits 2388997 bpb 5.6626 window_bpb 6.0039 elapsed 568.4s
step 422912 bytes 422912 bits 2395124 bpb 5.6634 window_bpb 5.9834 elapsed 569.8s
step 423936 bytes 423936 bits 2401581 bpb 5.6650 window_bpb 6.3057 elapsed 571.2s
step 424960 bytes 424960 bits 2408005 bpb 5.6664 window_bpb 6.2734 elapsed 572.6s
step 425984 bytes 425984 bits 2414356 bpb 5.6677 window_bpb 6.2021 elapsed 573.9s
step 427008 bytes 427008 bits 2420652 bpb 5.6689 window_bpb 6.1484 elapsed 575.3s
step 428032 bytes 428032 bits 2426960 bpb 5.6700 window_bpb 6.1602 elapsed 576.7s
step 429056 bytes 429056 bits 2433356 bpb 5.6714 window_bpb 6.2461 elapsed 578.1s
step 430080 bytes 430080 bits 2439337 bpb 5.6718 window_bpb 5.8408 elapsed 579.4s
step 431104 bytes 431104 bits 2445389 bpb 5.6724 window_bpb 5.9102 elapsed 580.8s
step 432128 bytes 432128 bits 2451423 bpb 5.6729 window_bpb 5.8926 elapsed 582.2s
step 433152 bytes 433152 bits 2457507 bpb 5.6735 window_bpb 5.9414 elapsed 583.5s
step 434176 bytes 434176 bits 2463704 bpb 5.6744 window_bpb 6.0518 elapsed 584.9s
step 435200 bytes 435200 bits 2470106 bpb 5.6758 window_bpb 6.2520 elapsed 586.3s
step 436224 bytes 436224 bits 2476083 bpb 5.6762 window_bpb 5.8369 elapsed 587.7s
step 437248 bytes 437248 bits 2482111 bpb 5.6767 window_bpb 5.8867 elapsed 589.0s
step 438272 bytes 438272 bits 2488243 bpb 5.6774 window_bpb 5.9883 elapsed 590.4s
step 439296 bytes 439296 bits 2494451 bpb 5.6783 window_bpb 6.0625 elapsed 591.8s
step 440320 bytes 440320 bits 2500693 bpb 5.6793 window_bpb 6.0957 elapsed 593.2s
step 441344 bytes 441344 bits 2506878 bpb 5.6801 window_bpb 6.0400 elapsed 594.5s
step 442368 bytes 442368 bits 2513012 bpb 5.6808 window_bpb 5.9902 elapsed 595.9s
step 443392 bytes 443392 bits 2518939 bpb 5.6811 window_bpb 5.7881 elapsed 597.3s
step 444416 bytes 444416 bits 2525048 bpb 5.6817 window_bpb 5.9658 elapsed 598.7s
step 445440 bytes 445440 bits 2531275 bpb 5.6826 window_bpb 6.0811 elapsed 600.0s
step 446464 bytes 446464 bits 2537147 bpb 5.6828 window_bpb 5.7344 elapsed 601.4s
step 447488 bytes 447488 bits 2542378 bpb 5.6814 window_bpb 5.1084 elapsed 602.8s
step 448512 bytes 448512 bits 2547421 bpb 5.6797 window_bpb 4.9248 elapsed 604.2s
step 449536 bytes 449536 bits 2552544 bpb 5.6782 window_bpb 5.0029 elapsed 605.5s
step 450560 bytes 450560 bits 2557605 bpb 5.6765 window_bpb 4.9424 elapsed 606.9s
step 451584 bytes 451584 bits 2563645 bpb 5.6770 window_bpb 5.8984 elapsed 608.3s
step 452608 bytes 452608 bits 2568722 bpb 5.6754 window_bpb 4.9580 elapsed 609.7s
step 453632 bytes 453632 bits 2573436 bpb 5.6730 window_bpb 4.6035 elapsed 611.0s
step 454656 bytes 454656 bits 2578915 bpb 5.6722 window_bpb 5.3506 elapsed 612.4s
step 455680 bytes 455680 bits 2584322 bpb 5.6714 window_bpb 5.2803 elapsed 613.8s
step 456704 bytes 456704 bits 2589475 bpb 5.6699 window_bpb 5.0322 elapsed 615.2s
step 457728 bytes 457728 bits 2595083 bpb 5.6695 window_bpb 5.4766 elapsed 616.5s
step 458752 bytes 458752 bits 2600283 bpb 5.6682 window_bpb 5.0781 elapsed 617.9s
step 459776 bytes 459776 bits 2605171 bpb 5.6662 window_bpb 4.7734 elapsed 619.3s
step 460800 bytes 460800 bits 2610553 bpb 5.6653 window_bpb 5.2559 elapsed 620.6s
step 461824 bytes 461824 bits 2615796 bpb 5.6641 window_bpb 5.1201 elapsed 622.0s
step 462848 bytes 462848 bits 2620656 bpb 5.6620 window_bpb 4.7461 elapsed 623.4s
step 463872 bytes 463872 bits 2625910 bpb 5.6609 window_bpb 5.1309 elapsed 624.8s
step 464896 bytes 464896 bits 2631051 bpb 5.6594 window_bpb 5.0205 elapsed 626.1s
step 465920 bytes 465920 bits 2636297 bpb 5.6583 window_bpb 5.1230 elapsed 627.5s
step 466944 bytes 466944 bits 2640693 bpb 5.6553 window_bpb 4.2930 elapsed 628.9s
step 467968 bytes 467968 bits 2645098 bpb 5.6523 window_bpb 4.3018 elapsed 630.3s
step 468992 bytes 468992 bits 2649755 bpb 5.6499 window_bpb 4.5479 elapsed 631.6s
step 470016 bytes 470016 bits 2654720 bpb 5.6481 window_bpb 4.8486 elapsed 633.0s
step 471040 bytes 471040 bits 2661471 bpb 5.6502 window_bpb 6.5928 elapsed 634.4s
step 472064 bytes 472064 bits 2666963 bpb 5.6496 window_bpb 5.3633 elapsed 635.8s
step 473088 bytes 473088 bits 2672659 bpb 5.6494 window_bpb 5.5625 elapsed 637.1s
step 474112 bytes 474112 bits 2678409 bpb 5.6493 window_bpb 5.6152 elapsed 638.5s
step 475136 bytes 475136 bits 2684166 bpb 5.6493 window_bpb 5.6221 elapsed 639.9s
step 476160 bytes 476160 bits 2690475 bpb 5.6504 window_bpb 6.1611 elapsed 641.3s
step 477184 bytes 477184 bits 2696584 bpb 5.6510 window_bpb 5.9658 elapsed 642.6s
step 478208 bytes 478208 bits 2702753 bpb 5.6518 window_bpb 6.0244 elapsed 644.0s
step 479232 bytes 479232 bits 2708987 bpb 5.6528 window_bpb 6.0879 elapsed 645.4s
step 480256 bytes 480256 bits 2715415 bpb 5.6541 window_bpb 6.2773 elapsed 646.7s
step 481280 bytes 481280 bits 2721137 bpb 5.6540 window_bpb 5.5879 elapsed 648.1s
step 482304 bytes 482304 bits 2725463 bpb 5.6509 window_bpb 4.2246 elapsed 649.5s
step 483328 bytes 483328 bits 2729827 bpb 5.6480 window_bpb 4.2617 elapsed 650.9s
step 484352 bytes 484352 bits 2734228 bpb 5.6451 window_bpb 4.2979 elapsed 652.3s
step 485376 bytes 485376 bits 2738856 bpb 5.6428 window_bpb 4.5195 elapsed 653.6s
step 486400 bytes 486400 bits 2743215 bpb 5.6398 window_bpb 4.2568 elapsed 655.0s
step 487424 bytes 487424 bits 2747737 bpb 5.6373 window_bpb 4.4160 elapsed 656.4s
step 488448 bytes 488448 bits 2752216 bpb 5.6346 window_bpb 4.3740 elapsed 657.7s
step 489472 bytes 489472 bits 2756807 bpb 5.6322 window_bpb 4.4834 elapsed 659.1s
step 490496 bytes 490496 bits 2761633 bpb 5.6303 window_bpb 4.7129 elapsed 660.5s
step 491520 bytes 491520 bits 2766209 bpb 5.6279 window_bpb 4.4688 elapsed 661.9s
step 492544 bytes 492544 bits 2770643 bpb 5.6252 window_bpb 4.3301 elapsed 663.2s
step 493568 bytes 493568 bits 2775112 bpb 5.6226 window_bpb 4.3643 elapsed 664.6s
step 494592 bytes 494592 bits 2779637 bpb 5.6201 window_bpb 4.4189 elapsed 666.0s
step 495616 bytes 495616 bits 2784310 bpb 5.6179 window_bpb 4.5635 elapsed 667.4s
step 496640 bytes 496640 bits 2789189 bpb 5.6161 window_bpb 4.7646 elapsed 668.7s
step 497664 bytes 497664 bits 2793821 bpb 5.6139 window_bpb 4.5234 elapsed 670.1s
step 498688 bytes 498688 bits 2798578 bpb 5.6119 window_bpb 4.6455 elapsed 671.5s
step 499712 bytes 499712 bits 2803126 bpb 5.6095 window_bpb 4.4414 elapsed 672.8s
step 500736 bytes 500736 bits 2808109 bpb 5.6080 window_bpb 4.8662 elapsed 674.2s
step 501760 bytes 501760 bits 2812895 bpb 5.6061 window_bpb 4.6738 elapsed 675.6s
step 502784 bytes 502784 bits 2817740 bpb 5.6043 window_bpb 4.7314 elapsed 677.0s
step 503808 bytes 503808 bits 2823074 bpb 5.6035 window_bpb 5.2090 elapsed 678.3s
step 504832 bytes 504832 bits 2827947 bpb 5.6018 window_bpb 4.7588 elapsed 679.7s
step 505856 bytes 505856 bits 2832806 bpb 5.6000 window_bpb 4.7451 elapsed 681.1s
step 506880 bytes 506880 bits 2837705 bpb 5.5984 window_bpb 4.7842 elapsed 682.5s
step 507904 bytes 507904 bits 2842432 bpb 5.5964 window_bpb 4.6162 elapsed 683.8s
step 508928 bytes 508928 bits 2847310 bpb 5.5947 window_bpb 4.7637 elapsed 685.2s
step 509952 bytes 509952 bits 2852287 bpb 5.5932 window_bpb 4.8604 elapsed 686.6s
step 510976 bytes 510976 bits 2857500 bpb 5.5922 window_bpb 5.0908 elapsed 687.9s
step 512000 bytes 512000 bits 2862485 bpb 5.5908 window_bpb 4.8682 elapsed 689.3s
step 513024 bytes 513024 bits 2867302 bpb 5.5890 window_bpb 4.7041 elapsed 690.7s
step 514048 bytes 514048 bits 2874216 bpb 5.5913 window_bpb 6.7520 elapsed 692.1s
step 515072 bytes 515072 bits 2880020 bpb 5.5915 window_bpb 5.6680 elapsed 693.4s
step 516096 bytes 516096 bits 2885758 bpb 5.5915 window_bpb 5.6035 elapsed 694.8s
step 517120 bytes 517120 bits 2891412 bpb 5.5914 window_bpb 5.5215 elapsed 696.2s
step 518144 bytes 518144 bits 2897102 bpb 5.5913 window_bpb 5.5566 elapsed 697.6s
step 519168 bytes 519168 bits 2902873 bpb 5.5914 window_bpb 5.6357 elapsed 698.9s
step 520192 bytes 520192 bits 2908568 bpb 5.5913 window_bpb 5.5615 elapsed 700.3s
step 521216 bytes 521216 bits 2914251 bpb 5.5913 window_bpb 5.5498 elapsed 701.7s
step 522240 bytes 522240 bits 2919904 bpb 5.5911 window_bpb 5.5205 elapsed 703.1s
step 523264 bytes 523264 bits 2925659 bpb 5.5912 window_bpb 5.6201 elapsed 704.4s
step 524288 bytes 524288 bits 2931352 bpb 5.5911 window_bpb 5.5596 elapsed 705.8s
step 525312 bytes 525312 bits 2937044 bpb 5.5910 window_bpb 5.5586 elapsed 707.2s
step 526336 bytes 526336 bits 2942804 bpb 5.5911 window_bpb 5.6250 elapsed 708.6s
step 527360 bytes 527360 bits 2948508 bpb 5.5911 window_bpb 5.5703 elapsed 709.9s
step 528384 bytes 528384 bits 2954225 bpb 5.5911 window_bpb 5.5830 elapsed 711.3s
step 529408 bytes 529408 bits 2960029 bpb 5.5912 window_bpb 5.6680 elapsed 712.7s
step 530432 bytes 530432 bits 2965841 bpb 5.5914 window_bpb 5.6758 elapsed 714.1s
step 531456 bytes 531456 bits 2971719 bpb 5.5917 window_bpb 5.7402 elapsed 715.4s
step 532480 bytes 532480 bits 2977495 bpb 5.5917 window_bpb 5.6406 elapsed 716.8s
step 533504 bytes 533504 bits 2984338 bpb 5.5938 window_bpb 6.6826 elapsed 718.2s
step 534528 bytes 534528 bits 2990805 bpb 5.5952 window_bpb 6.3154 elapsed 719.5s
step 535552 bytes 535552 bits 2997453 bpb 5.5969 window_bpb 6.4922 elapsed 720.9s
step 536576 bytes 536576 bits 3004191 bpb 5.5988 window_bpb 6.5801 elapsed 722.3s
step 537600 bytes 537600 bits 3011197 bpb 5.6012 window_bpb 6.8418 elapsed 723.7s
step 538624 bytes 538624 bits 3017134 bpb 5.6016 window_bpb 5.7979 elapsed 725.0s
step 539648 bytes 539648 bits 3021861 bpb 5.5997 window_bpb 4.6162 elapsed 726.4s
step 540672 bytes 540672 bits 3028104 bpb 5.6006 window_bpb 6.0967 elapsed 727.8s
step 541696 bytes 541696 bits 3034657 bpb 5.6021 window_bpb 6.3994 elapsed 729.2s
step 542720 bytes 542720 bits 3040985 bpb 5.6032 window_bpb 6.1797 elapsed 730.5s
step 543744 bytes 543744 bits 3047481 bpb 5.6046 window_bpb 6.3438 elapsed 731.9s
step 544768 bytes 544768 bits 3054063 bpb 5.6062 window_bpb 6.4277 elapsed 733.3s
step 545792 bytes 545792 bits 3061513 bpb 5.6093 window_bpb 7.2754 elapsed 734.6s
step 546816 bytes 546816 bits 3068933 bpb 5.6124 window_bpb 7.2461 elapsed 736.0s
step 547840 bytes 547840 bits 3075340 bpb 5.6136 window_bpb 6.2568 elapsed 737.4s
step 548864 bytes 548864 bits 3081557 bpb 5.6144 window_bpb 6.0713 elapsed 738.8s
step 549888 bytes 549888 bits 3087753 bpb 5.6152 window_bpb 6.0508 elapsed 740.1s
step 550912 bytes 550912 bits 3093820 bpb 5.6158 window_bpb 5.9248 elapsed 741.5s
step 551936 bytes 551936 bits 3099987 bpb 5.6166 window_bpb 6.0225 elapsed 742.9s
step 552960 bytes 552960 bits 3106248 bpb 5.6175 window_bpb 6.1143 elapsed 744.3s
step 553984 bytes 553984 bits 3112510 bpb 5.6184 window_bpb 6.1152 elapsed 745.6s
step 555008 bytes 555008 bits 3118853 bpb 5.6195 window_bpb 6.1943 elapsed 747.0s
step 556032 bytes 556032 bits 3125251 bpb 5.6206 window_bpb 6.2480 elapsed 748.4s
step 557056 bytes 557056 bits 3131573 bpb 5.6216 window_bpb 6.1738 elapsed 749.8s
step 558080 bytes 558080 bits 3137815 bpb 5.6225 window_bpb 6.0957 elapsed 751.1s
step 559104 bytes 559104 bits 3144099 bpb 5.6235 window_bpb 6.1367 elapsed 752.5s
step 560128 bytes 560128 bits 3150318 bpb 5.6243 window_bpb 6.0732 elapsed 753.9s
step 561152 bytes 561152 bits 3156541 bpb 5.6251 window_bpb 6.0771 elapsed 755.3s
step 562176 bytes 562176 bits 3162828 bpb 5.6260 window_bpb 6.1396 elapsed 756.6s
step 563200 bytes 563200 bits 3169089 bpb 5.6269 window_bpb 6.1143 elapsed 758.0s
step 564224 bytes 564224 bits 3175251 bpb 5.6276 window_bpb 6.0176 elapsed 759.4s
step 565248 bytes 565248 bits 3181523 bpb 5.6285 window_bpb 6.1250 elapsed 760.8s
step 566272 bytes 566272 bits 3187844 bpb 5.6295 window_bpb 6.1729 elapsed 762.1s
step 567296 bytes 567296 bits 3193886 bpb 5.6300 window_bpb 5.9004 elapsed 763.5s
step 568320 bytes 568320 bits 3199983 bpb 5.6306 window_bpb 5.9541 elapsed 764.9s
step 569344 bytes 569344 bits 3206086 bpb 5.6312 window_bpb 5.9600 elapsed 766.2s
step 570368 bytes 570368 bits 3212307 bpb 5.6320 window_bpb 6.0752 elapsed 767.6s
step 571392 bytes 571392 bits 3218353 bpb 5.6325 window_bpb 5.9043 elapsed 769.0s
step 572416 bytes 572416 bits 3224348 bpb 5.6329 window_bpb 5.8545 elapsed 770.4s
step 573440 bytes 573440 bits 3230345 bpb 5.6333 window_bpb 5.8564 elapsed 771.7s
step 574464 bytes 574464 bits 3236509 bpb 5.6340 window_bpb 6.0195 elapsed 773.1s
step 575488 bytes 575488 bits 3242434 bpb 5.6342 window_bpb 5.7861 elapsed 774.5s
step 576512 bytes 576512 bits 3248459 bpb 5.6347 window_bpb 5.8838 elapsed 775.9s
step 577536 bytes 577536 bits 3254635 bpb 5.6354 window_bpb 6.0312 elapsed 777.2s
step 578560 bytes 578560 bits 3260727 bpb 5.6359 window_bpb 5.9492 elapsed 778.6s
step 579584 bytes 579584 bits 3266855 bpb 5.6366 window_bpb 5.9844 elapsed 780.0s
step 580608 bytes 580608 bits 3272981 bpb 5.6372 window_bpb 5.9824 elapsed 781.4s
step 581632 bytes 581632 bits 3279057 bpb 5.6377 window_bpb 5.9336 elapsed 782.7s
step 582656 bytes 582656 bits 3285195 bpb 5.6383 window_bpb 5.9941 elapsed 784.1s
step 583680 bytes 583680 bits 3291420 bpb 5.6391 window_bpb 6.0791 elapsed 785.5s
step 584704 bytes 584704 bits 3297694 bpb 5.6399 window_bpb 6.1270 elapsed 786.9s
step 585728 bytes 585728 bits 3303829 bpb 5.6406 window_bpb 5.9912 elapsed 788.2s
step 586752 bytes 586752 bits 3310050 bpb 5.6413 window_bpb 6.0752 elapsed 789.6s
step 587776 bytes 587776 bits 3316407 bpb 5.6423 window_bpb 6.2080 elapsed 791.0s
step 588800 bytes 588800 bits 3322949 bpb 5.6436 window_bpb 6.3887 elapsed 792.4s
step 589824 bytes 589824 bits 3329280 bpb 5.6445 window_bpb 6.1826 elapsed 793.7s
step 590848 bytes 590848 bits 3335659 bpb 5.6455 window_bpb 6.2295 elapsed 795.1s
step 591872 bytes 591872 bits 3341843 bpb 5.6462 window_bpb 6.0391 elapsed 796.5s
step 592896 bytes 592896 bits 3347948 bpb 5.6468 window_bpb 5.9619 elapsed 797.9s
step 593920 bytes 593920 bits 3354079 bpb 5.6474 window_bpb 5.9873 elapsed 799.2s
step 594944 bytes 594944 bits 3360099 bpb 5.6478 window_bpb 5.8789 elapsed 800.6s
step 595968 bytes 595968 bits 3366422 bpb 5.6487 window_bpb 6.1748 elapsed 802.0s
step 596992 bytes 596992 bits 3372682 bpb 5.6495 window_bpb 6.1133 elapsed 803.4s
step 598016 bytes 598016 bits 3378915 bpb 5.6502 window_bpb 6.0869 elapsed 804.7s
step 599040 bytes 599040 bits 3385048 bpb 5.6508 window_bpb 5.9893 elapsed 806.1s
step 600064 bytes 600064 bits 3391296 bpb 5.6516 window_bpb 6.1016 elapsed 807.5s
step 601088 bytes 601088 bits 3397644 bpb 5.6525 window_bpb 6.1992 elapsed 808.9s
step 602112 bytes 602112 bits 3403401 bpb 5.6524 window_bpb 5.6221 elapsed 810.2s
step 603136 bytes 603136 bits 3409176 bpb 5.6524 window_bpb 5.6396 elapsed 811.6s
step 604160 bytes 604160 bits 3413911 bpb 5.6507 window_bpb 4.6240 elapsed 813.0s
step 605184 bytes 605184 bits 3418794 bpb 5.6492 window_bpb 4.7686 elapsed 814.3s
step 606208 bytes 606208 bits 3423927 bpb 5.6481 window_bpb 5.0127 elapsed 815.7s
step 607232 bytes 607232 bits 3428895 bpb 5.6468 window_bpb 4.8516 elapsed 817.1s
step 608256 bytes 608256 bits 3434195 bpb 5.6460 window_bpb 5.1758 elapsed 818.5s
step 609280 bytes 609280 bits 3439422 bpb 5.6451 window_bpb 5.1045 elapsed 819.8s
step 610304 bytes 610304 bits 3444554 bpb 5.6440 window_bpb 5.0117 elapsed 821.2s
step 611328 bytes 611328 bits 3449528 bpb 5.6427 window_bpb 4.8574 elapsed 822.6s
step 612352 bytes 612352 bits 3454430 bpb 5.6412 window_bpb 4.7871 elapsed 824.0s
step 613376 bytes 613376 bits 3459862 bpb 5.6407 window_bpb 5.3047 elapsed 825.3s
step 614400 bytes 614400 bits 3465016 bpb 5.6397 window_bpb 5.0332 elapsed 826.7s
step 615424 bytes 615424 bits 3470281 bpb 5.6388 window_bpb 5.1416 elapsed 828.1s
step 616448 bytes 616448 bits 3474804 bpb 5.6368 window_bpb 4.4170 elapsed 829.4s
step 617472 bytes 617472 bits 3480004 bpb 5.6359 window_bpb 5.0781 elapsed 830.8s
step 618496 bytes 618496 bits 3485195 bpb 5.6350 window_bpb 5.0693 elapsed 832.2s
step 619520 bytes 619520 bits 3489997 bpb 5.6334 window_bpb 4.6895 elapsed 833.6s
step 620544 bytes 620544 bits 3494028 bpb 5.6306 window_bpb 3.9365 elapsed 834.9s
step 621568 bytes 621568 bits 3498424 bpb 5.6284 window_bpb 4.2930 elapsed 836.3s
step 622592 bytes 622592 bits 3503504 bpb 5.6273 window_bpb 4.9609 elapsed 837.7s
step 623616 bytes 623616 bits 3508144 bpb 5.6255 window_bpb 4.5312 elapsed 839.1s
step 624640 bytes 624640 bits 3512484 bpb 5.6232 window_bpb 4.2383 elapsed 840.4s
step 625664 bytes 625664 bits 3517790 bpb 5.6225 window_bpb 5.1816 elapsed 841.8s
step 626688 bytes 626688 bits 3522539 bpb 5.6209 window_bpb 4.6377 elapsed 843.2s
step 627712 bytes 627712 bits 3527424 bpb 5.6195 window_bpb 4.7705 elapsed 844.6s
step 628736 bytes 628736 bits 3532497 bpb 5.6184 window_bpb 4.9541 elapsed 845.9s
step 629760 bytes 629760 bits 3537383 bpb 5.6170 window_bpb 4.7715 elapsed 847.3s
step 630784 bytes 630784 bits 3542611 bpb 5.6162 window_bpb 5.1055 elapsed 848.7s
step 631808 bytes 631808 bits 3548262 bpb 5.6160 window_bpb 5.5186 elapsed 850.0s
step 632832 bytes 632832 bits 3553255 bpb 5.6148 window_bpb 4.8760 elapsed 851.4s
step 633856 bytes 633856 bits 3558049 bpb 5.6133 window_bpb 4.6816 elapsed 852.8s
step 634880 bytes 634880 bits 3562784 bpb 5.6117 window_bpb 4.6240 elapsed 854.2s
step 635904 bytes 635904 bits 3567558 bpb 5.6102 window_bpb 4.6621 elapsed 855.5s
step 636928 bytes 636928 bits 3572860 bpb 5.6095 window_bpb 5.1777 elapsed 856.9s
step 637952 bytes 637952 bits 3578071 bpb 5.6087 window_bpb 5.0889 elapsed 858.3s
step 638976 bytes 638976 bits 3583169 bpb 5.6077 window_bpb 4.9785 elapsed 859.7s
step 640000 bytes 640000 bits 3589555 bpb 5.6087 window_bpb 6.2363 elapsed 861.0s
step 641024 bytes 641024 bits 3595328 bpb 5.6087 window_bpb 5.6377 elapsed 862.4s
step 642048 bytes 642048 bits 3601359 bpb 5.6092 window_bpb 5.8896 elapsed 863.8s
step 643072 bytes 643072 bits 3607229 bpb 5.6094 window_bpb 5.7324 elapsed 865.2s
step 644096 bytes 644096 bits 3612957 bpb 5.6093 window_bpb 5.5938 elapsed 866.5s
step 645120 bytes 645120 bits 3619368 bpb 5.6104 window_bpb 6.2607 elapsed 867.9s
step 646144 bytes 646144 bits 3625899 bpb 5.6116 window_bpb 6.3779 elapsed 869.3s
step 647168 bytes 647168 bits 3631990 bpb 5.6121 window_bpb 5.9482 elapsed 870.7s
step 648192 bytes 648192 bits 3638164 bpb 5.6128 window_bpb 6.0293 elapsed 872.1s
step 649216 bytes 649216 bits 3644483 bpb 5.6137 window_bpb 6.1709 elapsed 873.4s
step 650240 bytes 650240 bits 3650720 bpb 5.6144 window_bpb 6.0908 elapsed 874.8s
step 651264 bytes 651264 bits 3657748 bpb 5.6164 window_bpb 6.8633 elapsed 876.2s
step 652288 bytes 652288 bits 3665916 bpb 5.6201 window_bpb 7.9766 elapsed 877.6s
step 653312 bytes 653312 bits 3674096 bpb 5.6238 window_bpb 7.9883 elapsed 878.9s
step 654336 bytes 654336 bits 3677992 bpb 5.6210 window_bpb 3.8047 elapsed 880.3s
step 655360 bytes 655360 bits 3682291 bpb 5.6187 window_bpb 4.1982 elapsed 881.7s
step 656384 bytes 656384 bits 3687036 bpb 5.6172 window_bpb 4.6338 elapsed 883.1s
step 657408 bytes 657408 bits 3692039 bpb 5.6161 window_bpb 4.8857 elapsed 884.4s
step 658432 bytes 658432 bits 3696561 bpb 5.6142 window_bpb 4.4160 elapsed 885.8s
step 659456 bytes 659456 bits 3701392 bpb 5.6128 window_bpb 4.7178 elapsed 887.2s
step 660480 bytes 660480 bits 3705988 bpb 5.6111 window_bpb 4.4883 elapsed 888.6s
step 661504 bytes 661504 bits 3710622 bpb 5.6094 window_bpb 4.5254 elapsed 889.9s
step 662528 bytes 662528 bits 3715440 bpb 5.6080 window_bpb 4.7051 elapsed 891.3s
step 663552 bytes 663552 bits 3720120 bpb 5.6064 window_bpb 4.5703 elapsed 892.7s
step 664576 bytes 664576 bits 3725013 bpb 5.6051 window_bpb 4.7783 elapsed 894.1s
step 665600 bytes 665600 bits 3730025 bpb 5.6040 window_bpb 4.8945 elapsed 895.4s
step 666624 bytes 666624 bits 3734559 bpb 5.6022 window_bpb 4.4277 elapsed 896.8s
step 667648 bytes 667648 bits 3739135 bpb 5.6005 window_bpb 4.4688 elapsed 898.2s
step 668672 bytes 668672 bits 3743906 bpb 5.5990 window_bpb 4.6592 elapsed 899.5s
step 669696 bytes 669696 bits 3748636 bpb 5.5975 window_bpb 4.6191 elapsed 900.9s
step 670720 bytes 670720 bits 3753659 bpb 5.5965 window_bpb 4.9053 elapsed 902.3s
step 671744 bytes 671744 bits 3758639 bpb 5.5953 window_bpb 4.8633 elapsed 903.7s
step 672768 bytes 672768 bits 3763631 bpb 5.5942 window_bpb 4.8750 elapsed 905.0s
step 673792 bytes 673792 bits 3768625 bpb 5.5932 window_bpb 4.8770 elapsed 906.4s
step 674816 bytes 674816 bits 3773973 bpb 5.5926 window_bpb 5.2227 elapsed 907.8s
step 675840 bytes 675840 bits 3778815 bpb 5.5913 window_bpb 4.7285 elapsed 909.1s
step 676864 bytes 676864 bits 3783281 bpb 5.5894 window_bpb 4.3613 elapsed 910.5s
step 677888 bytes 677888 bits 3787997 bpb 5.5879 window_bpb 4.6055 elapsed 911.9s
step 678912 bytes 678912 bits 3792934 bpb 5.5868 window_bpb 4.8213 elapsed 913.3s
step 679936 bytes 679936 bits 3798623 bpb 5.5867 window_bpb 5.5557 elapsed 914.6s
step 680960 bytes 680960 bits 3803491 bpb 5.5855 window_bpb 4.7539 elapsed 916.0s
step 681984 bytes 681984 bits 3808346 bpb 5.5842 window_bpb 4.7412 elapsed 917.4s
step 683008 bytes 683008 bits 3813209 bpb 5.5830 window_bpb 4.7490 elapsed 918.8s
step 684032 bytes 684032 bits 3818064 bpb 5.5817 window_bpb 4.7412 elapsed 920.1s
step 685056 bytes 685056 bits 3822926 bpb 5.5805 window_bpb 4.7480 elapsed 921.5s
step 686080 bytes 686080 bits 3827806 bpb 5.5792 window_bpb 4.7656 elapsed 922.9s
step 687104 bytes 687104 bits 3832805 bpb 5.5782 window_bpb 4.8818 elapsed 924.3s
step 688128 bytes 688128 bits 3837753 bpb 5.5771 window_bpb 4.8320 elapsed 925.6s
step 689152 bytes 689152 bits 3843088 bpb 5.5765 window_bpb 5.2100 elapsed 927.0s
step 690176 bytes 690176 bits 3848066 bpb 5.5755 window_bpb 4.8613 elapsed 928.4s
step 691200 bytes 691200 bits 3853408 bpb 5.5750 window_bpb 5.2168 elapsed 929.8s
step 692224 bytes 692224 bits 3858205 bpb 5.5736 window_bpb 4.6846 elapsed 931.1s
step 693248 bytes 693248 bits 3863399 bpb 5.5729 window_bpb 5.0723 elapsed 932.5s
step 694272 bytes 694272 bits 3870774 bpb 5.5753 window_bpb 7.2021 elapsed 933.9s
step 695296 bytes 695296 bits 3876685 bpb 5.5756 window_bpb 5.7725 elapsed 935.3s
step 696320 bytes 696320 bits 3882491 bpb 5.5757 window_bpb 5.6699 elapsed 936.6s
step 697344 bytes 697344 bits 3888364 bpb 5.5760 window_bpb 5.7354 elapsed 938.0s
step 698368 bytes 698368 bits 3894150 bpb 5.5761 window_bpb 5.6504 elapsed 939.4s
step 699392 bytes 699392 bits 3900028 bpb 5.5763 window_bpb 5.7402 elapsed 940.8s
step 700416 bytes 700416 bits 3905783 bpb 5.5764 window_bpb 5.6201 elapsed 942.1s
step 701440 bytes 701440 bits 3911713 bpb 5.5767 window_bpb 5.7910 elapsed 943.5s
step 702464 bytes 702464 bits 3917505 bpb 5.5768 window_bpb 5.6562 elapsed 944.9s
step 703488 bytes 703488 bits 3923181 bpb 5.5768 window_bpb 5.5430 elapsed 946.3s
step 704512 bytes 704512 bits 3928885 bpb 5.5767 window_bpb 5.5703 elapsed 947.6s
step 705536 bytes 705536 bits 3934591 bpb 5.5767 window_bpb 5.5723 elapsed 949.0s
step 706560 bytes 706560 bits 3940570 bpb 5.5771 window_bpb 5.8389 elapsed 950.4s
step 707584 bytes 707584 bits 3946496 bpb 5.5774 window_bpb 5.7871 elapsed 951.8s
step 708608 bytes 708608 bits 3952262 bpb 5.5775 window_bpb 5.6309 elapsed 953.1s
step 709632 bytes 709632 bits 3957977 bpb 5.5775 window_bpb 5.5811 elapsed 954.5s
step 710656 bytes 710656 bits 3963728 bpb 5.5776 window_bpb 5.6162 elapsed 955.9s
step 711680 bytes 711680 bits 3969761 bpb 5.5780 window_bpb 5.8916 elapsed 957.3s
step 712704 bytes 712704 bits 3975669 bpb 5.5783 window_bpb 5.7695 elapsed 958.6s
step 713728 bytes 713728 bits 3981631 bpb 5.5786 window_bpb 5.8223 elapsed 960.0s
step 714752 bytes 714752 bits 3987504 bpb 5.5789 window_bpb 5.7354 elapsed 961.4s
step 715776 bytes 715776 bits 3993563 bpb 5.5793 window_bpb 5.9170 elapsed 962.7s
step 716800 bytes 716800 bits 3999816 bpb 5.5801 window_bpb 6.1064 elapsed 964.1s
step 717824 bytes 717824 bits 4005701 bpb 5.5803 window_bpb 5.7471 elapsed 965.5s
step 718848 bytes 718848 bits 4011536 bpb 5.5805 window_bpb 5.6982 elapsed 966.9s
step 719872 bytes 719872 bits 4017412 bpb 5.5807 window_bpb 5.7383 elapsed 968.3s
step 720896 bytes 720896 bits 4024259 bpb 5.5823 window_bpb 6.6865 elapsed 969.6s
step 721920 bytes 721920 bits 4031418 bpb 5.5843 window_bpb 6.9912 elapsed 971.0s
step 722944 bytes 722944 bits 4038468 bpb 5.5861 window_bpb 6.8848 elapsed 972.4s
step 723968 bytes 723968 bits 4045217 bpb 5.5876 window_bpb 6.5908 elapsed 973.8s
step 724992 bytes 724992 bits 4051884 bpb 5.5889 window_bpb 6.5107 elapsed 975.1s
step 726016 bytes 726016 bits 4058790 bpb 5.5905 window_bpb 6.7441 elapsed 976.5s
step 727040 bytes 727040 bits 4065736 bpb 5.5922 window_bpb 6.7832 elapsed 977.9s
step 728064 bytes 728064 bits 4072338 bpb 5.5934 window_bpb 6.4473 elapsed 979.3s
step 729088 bytes 729088 bits 4078717 bpb 5.5943 window_bpb 6.2295 elapsed 980.7s
step 730112 bytes 730112 bits 4085075 bpb 5.5951 window_bpb 6.2090 elapsed 982.0s
step 731136 bytes 731136 bits 4091518 bpb 5.5961 window_bpb 6.2920 elapsed 983.4s
step 732160 bytes 732160 bits 4097893 bpb 5.5970 window_bpb 6.2256 elapsed 984.8s
step 733184 bytes 733184 bits 4104267 bpb 5.5979 window_bpb 6.2246 elapsed 986.2s
step 734208 bytes 734208 bits 4110599 bpb 5.5987 window_bpb 6.1836 elapsed 987.5s
step 735232 bytes 735232 bits 4116939 bpb 5.5995 window_bpb 6.1914 elapsed 988.9s
step 736256 bytes 736256 bits 4123216 bpb 5.6002 window_bpb 6.1299 elapsed 990.3s
step 737280 bytes 737280 bits 4129481 bpb 5.6010 window_bpb 6.1182 elapsed 991.7s
step 738304 bytes 738304 bits 4135936 bpb 5.6019 window_bpb 6.3037 elapsed 993.0s
step 739328 bytes 739328 bits 4142325 bpb 5.6028 window_bpb 6.2393 elapsed 994.4s
step 740352 bytes 740352 bits 4148704 bpb 5.6037 window_bpb 6.2295 elapsed 995.8s
step 741376 bytes 741376 bits 4155106 bpb 5.6046 window_bpb 6.2520 elapsed 997.2s
step 742400 bytes 742400 bits 4161665 bpb 5.6057 window_bpb 6.4053 elapsed 998.6s
step 743424 bytes 743424 bits 4167949 bpb 5.6064 window_bpb 6.1367 elapsed 999.9s
step 744448 bytes 744448 bits 4174392 bpb 5.6074 window_bpb 6.2920 elapsed 1001.3s
step 745472 bytes 745472 bits 4180706 bpb 5.6081 window_bpb 6.1660 elapsed 1002.7s
step 746496 bytes 746496 bits 4186929 bpb 5.6088 window_bpb 6.0771 elapsed 1004.0s
step 747520 bytes 747520 bits 4193386 bpb 5.6097 window_bpb 6.3057 elapsed 1005.4s
step 748544 bytes 748544 bits 4199632 bpb 5.6104 window_bpb 6.0996 elapsed 1006.8s
step 749568 bytes 749568 bits 4206211 bpb 5.6115 window_bpb 6.4248 elapsed 1008.2s
step 750592 bytes 750592 bits 4212816 bpb 5.6127 window_bpb 6.4502 elapsed 1009.5s
step 751616 bytes 751616 bits 4219252 bpb 5.6136 window_bpb 6.2852 elapsed 1010.9s
step 752640 bytes 752640 bits 4225740 bpb 5.6146 window_bpb 6.3359 elapsed 1012.3s
step 753664 bytes 753664 bits 4232228 bpb 5.6155 window_bpb 6.3359 elapsed 1013.7s
step 754688 bytes 754688 bits 4238718 bpb 5.6165 window_bpb 6.3379 elapsed 1015.0s
step 755712 bytes 755712 bits 4244983 bpb 5.6172 window_bpb 6.1182 elapsed 1016.4s
step 756736 bytes 756736 bits 4250208 bpb 5.6165 window_bpb 5.1025 elapsed 1017.8s
step 757760 bytes 757760 bits 4255085 bpb 5.6153 window_bpb 4.7627 elapsed 1019.2s
step 758784 bytes 758784 bits 4260396 bpb 5.6148 window_bpb 5.1865 elapsed 1020.5s
step 759808 bytes 759808 bits 4265602 bpb 5.6141 window_bpb 5.0840 elapsed 1021.9s
step 760832 bytes 760832 bits 4271020 bpb 5.6136 window_bpb 5.2910 elapsed 1023.3s
step 761856 bytes 761856 bits 4275871 bpb 5.6124 window_bpb 4.7373 elapsed 1024.7s
step 762880 bytes 762880 bits 4280866 bpb 5.6115 window_bpb 4.8779 elapsed 1026.0s
step 763904 bytes 763904 bits 4285540 bpb 5.6101 window_bpb 4.5645 elapsed 1027.4s
step 764928 bytes 764928 bits 4290215 bpb 5.6087 window_bpb 4.5654 elapsed 1028.8s
step 765952 bytes 765952 bits 4295363 bpb 5.6079 window_bpb 5.0273 elapsed 1030.2s
step 766976 bytes 766976 bits 4300098 bpb 5.6066 window_bpb 4.6240 elapsed 1031.5s
step 768000 bytes 768000 bits 4304663 bpb 5.6050 window_bpb 4.4580 elapsed 1032.9s
step 769024 bytes 769024 bits 4309582 bpb 5.6040 window_bpb 4.8037 elapsed 1034.3s
step 770048 bytes 770048 bits 4314374 bpb 5.6027 window_bpb 4.6797 elapsed 1035.7s
step 771072 bytes 771072 bits 4319129 bpb 5.6015 window_bpb 4.6436 elapsed 1037.0s
step 772096 bytes 772096 bits 4324211 bpb 5.6006 window_bpb 4.9629 elapsed 1038.4s
step 773120 bytes 773120 bits 4329026 bpb 5.5994 window_bpb 4.7021 elapsed 1039.8s
step 774144 bytes 774144 bits 4334248 bpb 5.5988 window_bpb 5.0996 elapsed 1041.2s
step 775168 bytes 775168 bits 4339439 bpb 5.5981 window_bpb 5.0693 elapsed 1042.5s
step 776192 bytes 776192 bits 4344580 bpb 5.5973 window_bpb 5.0205 elapsed 1043.9s
step 777216 bytes 777216 bits 4349852 bpb 5.5967 window_bpb 5.1484 elapsed 1045.3s
step 778240 bytes 778240 bits 4355149 bpb 5.5962 window_bpb 5.1729 elapsed 1046.7s
step 779264 bytes 779264 bits 4360277 bpb 5.5954 window_bpb 5.0078 elapsed 1048.0s
step 780288 bytes 780288 bits 4364712 bpb 5.5937 window_bpb 4.3311 elapsed 1049.4s
step 781312 bytes 781312 bits 4369221 bpb 5.5922 window_bpb 4.4033 elapsed 1050.8s
step 782336 bytes 782336 bits 4373869 bpb 5.5908 window_bpb 4.5391 elapsed 1052.2s
step 783360 bytes 783360 bits 4378950 bpb 5.5900 window_bpb 4.9619 elapsed 1053.5s
step 784384 bytes 784384 bits 4383486 bpb 5.5884 window_bpb 4.4297 elapsed 1054.9s
step 785408 bytes 785408 bits 4387799 bpb 5.5866 window_bpb 4.2119 elapsed 1056.3s
step 786432 bytes 786432 bits 4392555 bpb 5.5854 window_bpb 4.6445 elapsed 1057.7s
step 787456 bytes 787456 bits 4396872 bpb 5.5836 window_bpb 4.2158 elapsed 1059.1s
step 788480 bytes 788480 bits 4401452 bpb 5.5822 window_bpb 4.4727 elapsed 1060.4s
step 789504 bytes 789504 bits 4405761 bpb 5.5804 window_bpb 4.2080 elapsed 1061.8s
step 790528 bytes 790528 bits 4410629 bpb 5.5793 window_bpb 4.7539 elapsed 1063.2s
step 791552 bytes 791552 bits 4415455 bpb 5.5782 window_bpb 4.7129 elapsed 1064.6s
step 792576 bytes 792576 bits 4420183 bpb 5.5770 window_bpb 4.6172 elapsed 1065.9s
step 793600 bytes 793600 bits 4425045 bpb 5.5759 window_bpb 4.7480 elapsed 1067.3s
step 794624 bytes 794624 bits 4429794 bpb 5.5747 window_bpb 4.6377 elapsed 1068.7s
step 795648 bytes 795648 bits 4434821 bpb 5.5738 window_bpb 4.9092 elapsed 1070.1s
step 796672 bytes 796672 bits 4440112 bpb 5.5733 window_bpb 5.1670 elapsed 1071.4s
step 797696 bytes 797696 bits 4444887 bpb 5.5722 window_bpb 4.6631 elapsed 1072.8s
step 798720 bytes 798720 bits 4449541 bpb 5.5708 window_bpb 4.5449 elapsed 1074.2s
step 799744 bytes 799744 bits 4453949 bpb 5.5692 window_bpb 4.3047 elapsed 1075.6s
step 800768 bytes 800768 bits 4458610 bpb 5.5679 window_bpb 4.5518 elapsed 1076.9s
step 801792 bytes 801792 bits 4463107 bpb 5.5664 window_bpb 4.3916 elapsed 1078.3s
step 802816 bytes 802816 bits 4468076 bpb 5.5655 window_bpb 4.8525 elapsed 1079.7s
step 803840 bytes 803840 bits 4473055 bpb 5.5646 window_bpb 4.8623 elapsed 1081.0s
step 804864 bytes 804864 bits 4477804 bpb 5.5634 window_bpb 4.6377 elapsed 1082.4s
step 805888 bytes 805888 bits 4483035 bpb 5.5629 window_bpb 5.1084 elapsed 1083.8s
step 806912 bytes 806912 bits 4488225 bpb 5.5622 window_bpb 5.0684 elapsed 1085.2s
step 807936 bytes 807936 bits 4492968 bpb 5.5610 window_bpb 4.6318 elapsed 1086.5s
step 808960 bytes 808960 bits 4498080 bpb 5.5603 window_bpb 4.9922 elapsed 1087.9s
step 809984 bytes 809984 bits 4502684 bpb 5.5590 window_bpb 4.4961 elapsed 1089.3s
step 811008 bytes 811008 bits 4507564 bpb 5.5580 window_bpb 4.7656 elapsed 1090.7s
step 812032 bytes 812032 bits 4512203 bpb 5.5567 window_bpb 4.5303 elapsed 1092.0s
step 813056 bytes 813056 bits 4516707 bpb 5.5552 window_bpb 4.3984 elapsed 1093.4s
step 814080 bytes 814080 bits 4521340 bpb 5.5539 window_bpb 4.5244 elapsed 1094.8s
step 815104 bytes 815104 bits 4526010 bpb 5.5527 window_bpb 4.5605 elapsed 1096.2s
step 816128 bytes 816128 bits 4530989 bpb 5.5518 window_bpb 4.8623 elapsed 1097.5s
step 817152 bytes 817152 bits 4535310 bpb 5.5501 window_bpb 4.2197 elapsed 1098.9s
step 818176 bytes 818176 bits 4539882 bpb 5.5488 window_bpb 4.4648 elapsed 1100.3s
step 819200 bytes 819200 bits 4544261 bpb 5.5472 window_bpb 4.2764 elapsed 1101.7s
step 820224 bytes 820224 bits 4548632 bpb 5.5456 window_bpb 4.2686 elapsed 1103.0s
step 821248 bytes 821248 bits 4555242 bpb 5.5467 window_bpb 6.4551 elapsed 1104.4s
step 822272 bytes 822272 bits 4561107 bpb 5.5470 window_bpb 5.7275 elapsed 1105.8s
step 823296 bytes 823296 bits 4567248 bpb 5.5475 window_bpb 5.9971 elapsed 1107.1s
step 824320 bytes 824320 bits 4573382 bpb 5.5481 window_bpb 5.9902 elapsed 1108.5s
step 825344 bytes 825344 bits 4579787 bpb 5.5489 window_bpb 6.2549 elapsed 1109.9s
step 826368 bytes 826368 bits 4586383 bpb 5.5500 window_bpb 6.4414 elapsed 1111.3s
step 827392 bytes 827392 bits 4593217 bpb 5.5514 window_bpb 6.6738 elapsed 1112.6s
step 828416 bytes 828416 bits 4599683 bpb 5.5524 window_bpb 6.3145 elapsed 1114.0s
step 829440 bytes 829440 bits 4606527 bpb 5.5538 window_bpb 6.6836 elapsed 1115.4s
step 830464 bytes 830464 bits 4611419 bpb 5.5528 window_bpb 4.7773 elapsed 1116.8s
step 831488 bytes 831488 bits 4615844 bpb 5.5513 window_bpb 4.3213 elapsed 1118.1s
step 832512 bytes 832512 bits 4620803 bpb 5.5504 window_bpb 4.8428 elapsed 1119.5s
step 833536 bytes 833536 bits 4625515 bpb 5.5493 window_bpb 4.6016 elapsed 1120.9s
step 834560 bytes 834560 bits 4630594 bpb 5.5485 window_bpb 4.9600 elapsed 1122.2s
step 835584 bytes 835584 bits 4635543 bpb 5.5477 window_bpb 4.8330 elapsed 1123.6s
step 836608 bytes 836608 bits 4640802 bpb 5.5472 window_bpb 5.1357 elapsed 1125.0s
step 837632 bytes 837632 bits 4645505 bpb 5.5460 window_bpb 4.5928 elapsed 1126.4s
step 838656 bytes 838656 bits 4650454 bpb 5.5451 window_bpb 4.8330 elapsed 1127.7s
step 839680 bytes 839680 bits 4655458 bpb 5.5443 window_bpb 4.8867 elapsed 1129.1s
step 840704 bytes 840704 bits 4660428 bpb 5.5435 window_bpb 4.8535 elapsed 1130.5s
step 841728 bytes 841728 bits 4665453 bpb 5.5427 window_bpb 4.9072 elapsed 1131.8s
step 842752 bytes 842752 bits 4670511 bpb 5.5420 window_bpb 4.9395 elapsed 1133.2s
step 843776 bytes 843776 bits 4675716 bpb 5.5414 window_bpb 5.0830 elapsed 1134.6s
step 844800 bytes 844800 bits 4680932 bpb 5.5409 window_bpb 5.0938 elapsed 1136.0s
step 845824 bytes 845824 bits 4686373 bpb 5.5406 window_bpb 5.3135 elapsed 1137.3s
step 846848 bytes 846848 bits 4691460 bpb 5.5399 window_bpb 4.9678 elapsed 1138.7s
step 847872 bytes 847872 bits 4696958 bpb 5.5397 window_bpb 5.3691 elapsed 1140.1s
step 848896 bytes 848896 bits 4702176 bpb 5.5392 window_bpb 5.0957 elapsed 1141.4s
step 849920 bytes 849920 bits 4707458 bpb 5.5387 window_bpb 5.1582 elapsed 1142.8s
step 850944 bytes 850944 bits 4712682 bpb 5.5382 window_bpb 5.1016 elapsed 1144.2s
step 851968 bytes 851968 bits 4717959 bpb 5.5377 window_bpb 5.1533 elapsed 1145.6s
step 852992 bytes 852992 bits 4723149 bpb 5.5372 window_bpb 5.0684 elapsed 1146.9s
step 854016 bytes 854016 bits 4729454 bpb 5.5379 window_bpb 6.1572 elapsed 1148.3s
step 855040 bytes 855040 bits 4734931 bpb 5.5377 window_bpb 5.3486 elapsed 1149.7s
step 856064 bytes 856064 bits 4740983 bpb 5.5381 window_bpb 5.9102 elapsed 1151.0s
step 857088 bytes 857088 bits 4746945 bpb 5.5385 window_bpb 5.8223 elapsed 1152.4s
step 858112 bytes 858112 bits 4753265 bpb 5.5392 window_bpb 6.1719 elapsed 1153.8s
step 859136 bytes 859136 bits 4759156 bpb 5.5395 window_bpb 5.7529 elapsed 1155.2s
step 860160 bytes 860160 bits 4765117 bpb 5.5398 window_bpb 5.8213 elapsed 1156.5s
step 861184 bytes 861184 bits 4770939 bpb 5.5400 window_bpb 5.6855 elapsed 1157.9s
step 862208 bytes 862208 bits 4776770 bpb 5.5402 window_bpb 5.6943 elapsed 1159.3s
step 863232 bytes 863232 bits 4782657 bpb 5.5404 window_bpb 5.7490 elapsed 1160.6s
step 864256 bytes 864256 bits 4788946 bpb 5.5411 window_bpb 6.1416 elapsed 1162.0s
step 865280 bytes 865280 bits 4794968 bpb 5.5415 window_bpb 5.8809 elapsed 1163.4s
step 866304 bytes 866304 bits 4801053 bpb 5.5420 window_bpb 5.9424 elapsed 1164.8s
step 867328 bytes 867328 bits 4807078 bpb 5.5424 window_bpb 5.8838 elapsed 1166.1s
step 868352 bytes 868352 bits 4813749 bpb 5.5435 window_bpb 6.5146 elapsed 1167.5s
step 869376 bytes 869376 bits 4820585 bpb 5.5449 window_bpb 6.6758 elapsed 1168.9s
step 870400 bytes 870400 bits 4827730 bpb 5.5466 window_bpb 6.9775 elapsed 1170.2s
step 871424 bytes 871424 bits 4833956 bpb 5.5472 window_bpb 6.0801 elapsed 1171.6s
step 872448 bytes 872448 bits 4839898 bpb 5.5475 window_bpb 5.8027 elapsed 1173.0s
step 873472 bytes 873472 bits 4845619 bpb 5.5475 window_bpb 5.5869 elapsed 1174.3s
step 874496 bytes 874496 bits 4852024 bpb 5.5484 window_bpb 6.2549 elapsed 1175.7s
step 875520 bytes 875520 bits 4858333 bpb 5.5491 window_bpb 6.1611 elapsed 1177.1s
step 876544 bytes 876544 bits 4864557 bpb 5.5497 window_bpb 6.0781 elapsed 1178.5s
step 877568 bytes 877568 bits 4871037 bpb 5.5506 window_bpb 6.3281 elapsed 1179.8s
step 878592 bytes 878592 bits 4876670 bpb 5.5506 window_bpb 5.5010 elapsed 1181.2s
step 879616 bytes 879616 bits 4881743 bpb 5.5499 window_bpb 4.9541 elapsed 1182.6s
step 880640 bytes 880640 bits 4886619 bpb 5.5489 window_bpb 4.7617 elapsed 1183.9s
step 881664 bytes 881664 bits 4891869 bpb 5.5485 window_bpb 5.1270 elapsed 1185.3s
step 882688 bytes 882688 bits 4896993 bpb 5.5478 window_bpb 5.0039 elapsed 1186.7s
step 883712 bytes 883712 bits 4902082 bpb 5.5471 window_bpb 4.9697 elapsed 1188.1s
step 884736 bytes 884736 bits 4906786 bpb 5.5460 window_bpb 4.5938 elapsed 1189.4s
step 885760 bytes 885760 bits 4911730 bpb 5.5452 window_bpb 4.8281 elapsed 1190.8s
step 886784 bytes 886784 bits 4916716 bpb 5.5444 window_bpb 4.8691 elapsed 1192.2s
step 887808 bytes 887808 bits 4921880 bpb 5.5439 window_bpb 5.0430 elapsed 1193.5s
step 888832 bytes 888832 bits 4926962 bpb 5.5432 window_bpb 4.9629 elapsed 1194.9s
step 889856 bytes 889856 bits 4932351 bpb 5.5429 window_bpb 5.2627 elapsed 1196.3s
step 890880 bytes 890880 bits 4937473 bpb 5.5422 window_bpb 5.0020 elapsed 1197.7s
step 891904 bytes 891904 bits 4942891 bpb 5.5420 window_bpb 5.2910 elapsed 1199.0s
step 892928 bytes 892928 bits 4948227 bpb 5.5416 window_bpb 5.2109 elapsed 1200.4s
step 893952 bytes 893952 bits 4953460 bpb 5.5411 window_bpb 5.1104 elapsed 1201.8s
step 894976 bytes 894976 bits 4958320 bpb 5.5402 window_bpb 4.7461 elapsed 1203.1s
step 896000 bytes 896000 bits 4963623 bpb 5.5398 window_bpb 5.1787 elapsed 1204.5s
step 897024 bytes 897024 bits 4968632 bpb 5.5390 window_bpb 4.8916 elapsed 1205.9s
step 898048 bytes 898048 bits 4974073 bpb 5.5388 window_bpb 5.3135 elapsed 1207.2s
step 899072 bytes 899072 bits 4978943 bpb 5.5379 window_bpb 4.7559 elapsed 1208.6s
step 900096 bytes 900096 bits 4983876 bpb 5.5370 window_bpb 4.8174 elapsed 1210.0s
step 901120 bytes 901120 bits 4988942 bpb 5.5364 window_bpb 4.9473 elapsed 1211.4s
step 902144 bytes 902144 bits 4993962 bpb 5.5357 window_bpb 4.9023 elapsed 1212.7s
step 903168 bytes 903168 bits 4999059 bpb 5.5350 window_bpb 4.9775 elapsed 1214.1s
step 904192 bytes 904192 bits 5004534 bpb 5.5348 window_bpb 5.3467 elapsed 1215.5s
step 905216 bytes 905216 bits 5009296 bpb 5.5338 window_bpb 4.6504 elapsed 1216.8s
step 906240 bytes 906240 bits 5013986 bpb 5.5327 window_bpb 4.5801 elapsed 1218.2s
step 907264 bytes 907264 bits 5018559 bpb 5.5315 window_bpb 4.4658 elapsed 1219.6s
step 908288 bytes 908288 bits 5023406 bpb 5.5306 window_bpb 4.7334 elapsed 1221.0s
step 909312 bytes 909312 bits 5027970 bpb 5.5294 window_bpb 4.4570 elapsed 1222.3s
step 910336 bytes 910336 bits 5032800 bpb 5.5285 window_bpb 4.7168 elapsed 1223.7s
step 911360 bytes 911360 bits 5037161 bpb 5.5271 window_bpb 4.2588 elapsed 1225.1s
step 912384 bytes 912384 bits 5042189 bpb 5.5264 window_bpb 4.9102 elapsed 1226.4s
step 913408 bytes 913408 bits 5046998 bpb 5.5255 window_bpb 4.6963 elapsed 1227.8s
step 914432 bytes 914432 bits 5051632 bpb 5.5243 window_bpb 4.5254 elapsed 1229.2s
step 915456 bytes 915456 bits 5056189 bpb 5.5231 window_bpb 4.4502 elapsed 1230.5s
step 916480 bytes 916480 bits 5060772 bpb 5.5220 window_bpb 4.4756 elapsed 1231.9s
step 917504 bytes 917504 bits 5065935 bpb 5.5214 window_bpb 5.0420 elapsed 1233.3s
step 918528 bytes 918528 bits 5071418 bpb 5.5212 window_bpb 5.3545 elapsed 1234.6s
step 919552 bytes 919552 bits 5076893 bpb 5.5211 window_bpb 5.3467 elapsed 1236.0s
step 920576 bytes 920576 bits 5081789 bpb 5.5202 window_bpb 4.7812 elapsed 1237.4s
step 921600 bytes 921600 bits 5087501 bpb 5.5203 window_bpb 5.5781 elapsed 1238.8s
step 922624 bytes 922624 bits 5092805 bpb 5.5199 window_bpb 5.1797 elapsed 1240.1s
step 923648 bytes 923648 bits 5098401 bpb 5.5199 window_bpb 5.4648 elapsed 1241.5s
step 924672 bytes 924672 bits 5103751 bpb 5.5195 window_bpb 5.2246 elapsed 1242.9s
step 925696 bytes 925696 bits 5109325 bpb 5.5194 window_bpb 5.4434 elapsed 1244.2s
step 926720 bytes 926720 bits 5114472 bpb 5.5189 window_bpb 5.0264 elapsed 1245.6s
step 927744 bytes 927744 bits 5119581 bpb 5.5183 window_bpb 4.9893 elapsed 1247.0s
step 928768 bytes 928768 bits 5126549 bpb 5.5197 window_bpb 6.8047 elapsed 1248.3s
step 929792 bytes 929792 bits 5132778 bpb 5.5204 window_bpb 6.0830 elapsed 1249.7s
step 930816 bytes 930816 bits 5139619 bpb 5.5216 window_bpb 6.6807 elapsed 1251.1s
step 931840 bytes 931840 bits 5146506 bpb 5.5230 window_bpb 6.7256 elapsed 1252.4s
step 932864 bytes 932864 bits 5150894 bpb 5.5216 window_bpb 4.2852 elapsed 1253.8s
step 933888 bytes 933888 bits 5155801 bpb 5.5208 window_bpb 4.7920 elapsed 1255.2s
step 934912 bytes 934912 bits 5160646 bpb 5.5199 window_bpb 4.7314 elapsed 1256.5s
step 935936 bytes 935936 bits 5165476 bpb 5.5190 window_bpb 4.7168 elapsed 1257.9s
step 936960 bytes 936960 bits 5170881 bpb 5.5188 window_bpb 5.2783 elapsed 1259.3s
step 937984 bytes 937984 bits 5176498 bpb 5.5187 window_bpb 5.4854 elapsed 1260.7s
step 939008 bytes 939008 bits 5181862 bpb 5.5184 window_bpb 5.2383 elapsed 1262.0s
step 940032 bytes 940032 bits 5187186 bpb 5.5181 window_bpb 5.1992 elapsed 1263.4s
step 941056 bytes 941056 bits 5192907 bpb 5.5182 window_bpb 5.5869 elapsed 1264.8s
step 942080 bytes 942080 bits 5199150 bpb 5.5188 window_bpb 6.0967 elapsed 1266.1s
step 943104 bytes 943104 bits 5205543 bpb 5.5196 window_bpb 6.2432 elapsed 1267.5s
step 944128 bytes 944128 bits 5211359 bpb 5.5198 window_bpb 5.6797 elapsed 1268.9s
step 945152 bytes 945152 bits 5217674 bpb 5.5205 window_bpb 6.1670 elapsed 1270.2s
step 946176 bytes 946176 bits 5223536 bpb 5.5207 window_bpb 5.7246 elapsed 1271.6s
step 947200 bytes 947200 bits 5229248 bpb 5.5207 window_bpb 5.5781 elapsed 1273.0s
step 948224 bytes 948224 bits 5235536 bpb 5.5214 window_bpb 6.1406 elapsed 1274.4s
step 949248 bytes 949248 bits 5242010 bpb 5.5223 window_bpb 6.3223 elapsed 1275.7s
step 950272 bytes 950272 bits 5248052 bpb 5.5227 window_bpb 5.9004 elapsed 1277.1s
step 951296 bytes 951296 bits 5254027 bpb 5.5230 window_bpb 5.8350 elapsed 1278.5s
step 952320 bytes 952320 bits 5260268 bpb 5.5236 window_bpb 6.0947 elapsed 1279.8s
step 953344 bytes 953344 bits 5266941 bpb 5.5247 window_bpb 6.5166 elapsed 1281.2s
step 954368 bytes 954368 bits 5271877 bpb 5.5239 window_bpb 4.8203 elapsed 1282.6s
step 955392 bytes 955392 bits 5278154 bpb 5.5246 window_bpb 6.1299 elapsed 1283.9s
step 956416 bytes 956416 bits 5286154 bpb 5.5270 window_bpb 7.8125 elapsed 1285.3s
step 957440 bytes 957440 bits 5291854 bpb 5.5271 window_bpb 5.5664 elapsed 1286.7s
step 958464 bytes 958464 bits 5298307 bpb 5.5279 window_bpb 6.3018 elapsed 1288.0s
step 959488 bytes 959488 bits 5304934 bpb 5.5289 window_bpb 6.4717 elapsed 1289.4s
step 960512 bytes 960512 bits 5311599 bpb 5.5300 window_bpb 6.5088 elapsed 1290.8s
step 961536 bytes 961536 bits 5317182 bpb 5.5299 window_bpb 5.4521 elapsed 1292.1s
step 962560 bytes 962560 bits 5322825 bpb 5.5299 window_bpb 5.5107 elapsed 1293.5s
step 963584 bytes 963584 bits 5328355 bpb 5.5297 window_bpb 5.4004 elapsed 1294.9s
step 964608 bytes 964608 bits 5333719 bpb 5.5294 window_bpb 5.2383 elapsed 1296.3s
step 965632 bytes 965632 bits 5339222 bpb 5.5293 window_bpb 5.3740 elapsed 1297.6s
step 966656 bytes 966656 bits 5344392 bpb 5.5287 window_bpb 5.0488 elapsed 1299.0s
step 967680 bytes 967680 bits 5349978 bpb 5.5287 window_bpb 5.4551 elapsed 1300.4s
step 968704 bytes 968704 bits 5355823 bpb 5.5289 window_bpb 5.7080 elapsed 1301.7s
step 969728 bytes 969728 bits 5361327 bpb 5.5287 window_bpb 5.3750 elapsed 1303.1s
step 970752 bytes 970752 bits 5366842 bpb 5.5285 window_bpb 5.3857 elapsed 1304.5s
step 971776 bytes 971776 bits 5372281 bpb 5.5283 window_bpb 5.3115 elapsed 1305.8s
step 972800 bytes 972800 bits 5377715 bpb 5.5281 window_bpb 5.3066 elapsed 1307.2s
step 973824 bytes 973824 bits 5382814 bpb 5.5275 window_bpb 4.9795 elapsed 1308.6s
step 974848 bytes 974848 bits 5387969 bpb 5.5270 window_bpb 5.0342 elapsed 1309.9s
step 975872 bytes 975872 bits 5393604 bpb 5.5270 window_bpb 5.5029 elapsed 1311.3s
step 976896 bytes 976896 bits 5399295 bpb 5.5270 window_bpb 5.5576 elapsed 1312.7s
step 977920 bytes 977920 bits 5404983 bpb 5.5270 window_bpb 5.5547 elapsed 1314.0s
step 978944 bytes 978944 bits 5410384 bpb 5.5268 window_bpb 5.2744 elapsed 1315.4s
step 979968 bytes 979968 bits 5416020 bpb 5.5267 window_bpb 5.5039 elapsed 1316.8s
step 980992 bytes 980992 bits 5421903 bpb 5.5270 window_bpb 5.7451 elapsed 1318.2s
step 982016 bytes 982016 bits 5427517 bpb 5.5269 window_bpb 5.4824 elapsed 1319.5s
step 983040 bytes 983040 bits 5433171 bpb 5.5269 window_bpb 5.5215 elapsed 1320.9s
step 984064 bytes 984064 bits 5438663 bpb 5.5267 window_bpb 5.3633 elapsed 1322.3s
step 985088 bytes 985088 bits 5444340 bpb 5.5268 window_bpb 5.5439 elapsed 1323.6s
step 986112 bytes 986112 bits 5450138 bpb 5.5269 window_bpb 5.6621 elapsed 1325.0s
step 987136 bytes 987136 bits 5455586 bpb 5.5267 window_bpb 5.3203 elapsed 1326.4s
step 988160 bytes 988160 bits 5460994 bpb 5.5264 window_bpb 5.2812 elapsed 1327.7s
step 989184 bytes 989184 bits 5466444 bpb 5.5262 window_bpb 5.3223 elapsed 1329.1s
step 990208 bytes 990208 bits 5471944 bpb 5.5261 window_bpb 5.3711 elapsed 1330.5s
step 991232 bytes 991232 bits 5477608 bpb 5.5261 window_bpb 5.5312 elapsed 1331.8s
step 992256 bytes 992256 bits 5482981 bpb 5.5258 window_bpb 5.2471 elapsed 1333.2s
step 993280 bytes 993280 bits 5488499 bpb 5.5256 window_bpb 5.3887 elapsed 1334.6s
step 994304 bytes 994304 bits 5494402 bpb 5.5259 window_bpb 5.7646 elapsed 1335.9s
step 995328 bytes 995328 bits 5499882 bpb 5.5257 window_bpb 5.3516 elapsed 1337.3s
step 996352 bytes 996352 bits 5505431 bpb 5.5256 window_bpb 5.4189 elapsed 1338.7s
step 997376 bytes 997376 bits 5511001 bpb 5.5255 window_bpb 5.4395 elapsed 1340.0s
step 998400 bytes 998400 bits 5516752 bpb 5.5256 window_bpb 5.6162 elapsed 1341.4s
step 999424 bytes 999424 bits 5522647 bpb 5.5258 window_bpb 5.7568 elapsed 1342.8s
step 1000448 bytes 1000448 bits 5528616 bpb 5.5261 window_bpb 5.8291 elapsed 1344.1s
step 1001472 bytes 1001472 bits 5534258 bpb 5.5261 window_bpb 5.5098 elapsed 1345.5s
step 1002496 bytes 1002496 bits 5539761 bpb 5.5260 window_bpb 5.3740 elapsed 1346.9s
step 1003520 bytes 1003520 bits 5545059 bpb 5.5256 window_bpb 5.1738 elapsed 1348.2s
step 1004544 bytes 1004544 bits 5550742 bpb 5.5256 window_bpb 5.5498 elapsed 1349.6s
step 1005568 bytes 1005568 bits 5556140 bpb 5.5254 window_bpb 5.2715 elapsed 1351.0s
step 1006592 bytes 1006592 bits 5561588 bpb 5.5252 window_bpb 5.3203 elapsed 1352.3s
step 1007616 bytes 1007616 bits 5567091 bpb 5.5250 window_bpb 5.3740 elapsed 1353.7s
step 1008640 bytes 1008640 bits 5572560 bpb 5.5248 window_bpb 5.3408 elapsed 1355.1s
step 1009664 bytes 1009664 bits 5578065 bpb 5.5247 window_bpb 5.3760 elapsed 1356.5s
step 1010688 bytes 1010688 bits 5583574 bpb 5.5245 window_bpb 5.3799 elapsed 1357.8s
step 1011712 bytes 1011712 bits 5589217 bpb 5.5245 window_bpb 5.5107 elapsed 1359.2s
step 1012736 bytes 1012736 bits 5594382 bpb 5.5240 window_bpb 5.0439 elapsed 1360.6s
step 1013760 bytes 1013760 bits 5599912 bpb 5.5239 window_bpb 5.4004 elapsed 1361.9s
step 1014784 bytes 1014784 bits 5605561 bpb 5.5239 window_bpb 5.5166 elapsed 1363.3s
step 1015808 bytes 1015808 bits 5610993 bpb 5.5237 window_bpb 5.3047 elapsed 1364.7s
step 1016832 bytes 1016832 bits 5616656 bpb 5.5237 window_bpb 5.5303 elapsed 1366.0s
step 1017856 bytes 1017856 bits 5622520 bpb 5.5239 window_bpb 5.7266 elapsed 1367.4s
step 1018880 bytes 1018880 bits 5628364 bpb 5.5241 window_bpb 5.7070 elapsed 1368.8s
step 1019904 bytes 1019904 bits 5634129 bpb 5.5242 window_bpb 5.6299 elapsed 1370.2s
step 1020928 bytes 1020928 bits 5639923 bpb 5.5243 window_bpb 5.6582 elapsed 1371.5s
step 1021952 bytes 1021952 bits 5645626 bpb 5.5244 window_bpb 5.5693 elapsed 1372.9s
step 1022976 bytes 1022976 bits 5650989 bpb 5.5241 window_bpb 5.2373 elapsed 1374.3s
step 1024000 bytes 1024000 bits 5656809 bpb 5.5242 window_bpb 5.6836 elapsed 1375.6s
step 1025024 bytes 1025024 bits 5661975 bpb 5.5237 window_bpb 5.0449 elapsed 1377.0s
step 1026048 bytes 1026048 bits 5667653 bpb 5.5238 window_bpb 5.5449 elapsed 1378.4s
step 1027072 bytes 1027072 bits 5672971 bpb 5.5234 window_bpb 5.1934 elapsed 1379.7s
step 1028096 bytes 1028096 bits 5678370 bpb 5.5232 window_bpb 5.2725 elapsed 1381.1s
step 1029120 bytes 1029120 bits 5683824 bpb 5.5230 window_bpb 5.3262 elapsed 1382.5s
step 1030144 bytes 1030144 bits 5689255 bpb 5.5228 window_bpb 5.3037 elapsed 1383.8s
step 1031168 bytes 1031168 bits 5694841 bpb 5.5227 window_bpb 5.4551 elapsed 1385.2s
step 1032192 bytes 1032192 bits 5700459 bpb 5.5227 window_bpb 5.4863 elapsed 1386.6s
step 1033216 bytes 1033216 bits 5705909 bpb 5.5225 window_bpb 5.3223 elapsed 1387.9s
step 1034240 bytes 1034240 bits 5711357 bpb 5.5223 window_bpb 5.3203 elapsed 1389.3s
step 1035264 bytes 1035264 bits 5716833 bpb 5.5221 window_bpb 5.3477 elapsed 1390.7s
step 1036288 bytes 1036288 bits 5722213 bpb 5.5218 window_bpb 5.2539 elapsed 1392.0s
step 1037312 bytes 1037312 bits 5727852 bpb 5.5218 window_bpb 5.5068 elapsed 1393.4s
step 1038336 bytes 1038336 bits 5733610 bpb 5.5219 window_bpb 5.6230 elapsed 1394.8s
step 1039360 bytes 1039360 bits 5739243 bpb 5.5219 window_bpb 5.5010 elapsed 1396.1s
step 1040384 bytes 1040384 bits 5744829 bpb 5.5218 window_bpb 5.4551 elapsed 1397.5s
step 1041408 bytes 1041408 bits 5750547 bpb 5.5219 window_bpb 5.5840 elapsed 1398.9s
step 1042432 bytes 1042432 bits 5756646 bpb 5.5223 window_bpb 5.9561 elapsed 1400.2s
step 1043456 bytes 1043456 bits 5762261 bpb 5.5223 window_bpb 5.4834 elapsed 1401.6s
step 1044480 bytes 1044480 bits 5768040 bpb 5.5224 window_bpb 5.6436 elapsed 1403.0s
step 1045504 bytes 1045504 bits 5773532 bpb 5.5222 window_bpb 5.3633 elapsed 1404.3s
step 1046528 bytes 1046528 bits 5779268 bpb 5.5223 window_bpb 5.6016 elapsed 1405.7s
step 1047552 bytes 1047552 bits 5784918 bpb 5.5223 window_bpb 5.5176 elapsed 1407.1s
step 1048576 bytes 1048576 bits 5790244 bpb 5.5220 window_bpb 5.2012 elapsed 1408.4s
step 1049600 bytes 1049600 bits 5796007 bpb 5.5221 window_bpb 5.6279 elapsed 1409.8s
step 1050624 bytes 1050624 bits 5801732 bpb 5.5222 window_bpb 5.5908 elapsed 1411.2s
step 1051648 bytes 1051648 bits 5807427 bpb 5.5222 window_bpb 5.5615 elapsed 1412.6s
step 1052672 bytes 1052672 bits 5813472 bpb 5.5226 window_bpb 5.9033 elapsed 1413.9s
step 1053696 bytes 1053696 bits 5818768 bpb 5.5222 window_bpb 5.1719 elapsed 1415.3s
step 1054720 bytes 1054720 bits 5824350 bpb 5.5222 window_bpb 5.4512 elapsed 1416.7s
step 1055744 bytes 1055744 bits 5830031 bpb 5.5222 window_bpb 5.5479 elapsed 1418.0s
step 1056768 bytes 1056768 bits 5836000 bpb 5.5225 window_bpb 5.8291 elapsed 1419.4s
step 1057792 bytes 1057792 bits 5841381 bpb 5.5222 window_bpb 5.2549 elapsed 1420.8s
step 1058816 bytes 1058816 bits 5847264 bpb 5.5225 window_bpb 5.7451 elapsed 1422.1s
step 1059840 bytes 1059840 bits 5852920 bpb 5.5225 window_bpb 5.5234 elapsed 1423.5s
step 1060864 bytes 1060864 bits 5858467 bpb 5.5224 window_bpb 5.4170 elapsed 1424.9s
step 1061888 bytes 1061888 bits 5864242 bpb 5.5225 window_bpb 5.6396 elapsed 1426.3s
step 1062912 bytes 1062912 bits 5869856 bpb 5.5224 window_bpb 5.4824 elapsed 1427.6s
step 1063936 bytes 1063936 bits 5875323 bpb 5.5223 window_bpb 5.3389 elapsed 1429.0s
step 1064960 bytes 1064960 bits 5880798 bpb 5.5221 window_bpb 5.3467 elapsed 1430.4s
step 1065984 bytes 1065984 bits 5886359 bpb 5.5220 window_bpb 5.4307 elapsed 1431.7s
step 1067008 bytes 1067008 bits 5891702 bpb 5.5217 window_bpb 5.2178 elapsed 1433.1s
step 1068032 bytes 1068032 bits 5897284 bpb 5.5216 window_bpb 5.4512 elapsed 1434.5s
step 1069056 bytes 1069056 bits 5902576 bpb 5.5213 window_bpb 5.1680 elapsed 1435.8s
step 1070080 bytes 1070080 bits 5907772 bpb 5.5209 window_bpb 5.0742 elapsed 1437.2s
step 1071104 bytes 1071104 bits 5913182 bpb 5.5206 window_bpb 5.2832 elapsed 1438.6s
step 1072128 bytes 1072128 bits 5918273 bpb 5.5201 window_bpb 4.9717 elapsed 1439.9s
step 1073152 bytes 1073152 bits 5923736 bpb 5.5199 window_bpb 5.3350 elapsed 1441.3s
step 1074176 bytes 1074176 bits 5928865 bpb 5.5195 window_bpb 5.0088 elapsed 1442.7s
step 1075200 bytes 1075200 bits 5933912 bpb 5.5189 window_bpb 4.9287 elapsed 1444.1s
step 1076224 bytes 1076224 bits 5939217 bpb 5.5186 window_bpb 5.1807 elapsed 1445.4s
step 1077248 bytes 1077248 bits 5944411 bpb 5.5181 window_bpb 5.0723 elapsed 1446.8s
step 1078272 bytes 1078272 bits 5949917 bpb 5.5180 window_bpb 5.3770 elapsed 1448.2s
step 1079296 bytes 1079296 bits 5955231 bpb 5.5177 window_bpb 5.1895 elapsed 1449.5s
step 1080320 bytes 1080320 bits 5960575 bpb 5.5174 window_bpb 5.2188 elapsed 1450.9s
step 1081344 bytes 1081344 bits 5966097 bpb 5.5173 window_bpb 5.3926 elapsed 1452.3s
step 1082368 bytes 1082368 bits 5971457 bpb 5.5170 window_bpb 5.2344 elapsed 1453.6s
step 1083392 bytes 1083392 bits 5976745 bpb 5.5167 window_bpb 5.1641 elapsed 1455.0s
step 1084416 bytes 1084416 bits 5982027 bpb 5.5164 window_bpb 5.1582 elapsed 1456.4s
step 1085440 bytes 1085440 bits 5987481 bpb 5.5162 window_bpb 5.3262 elapsed 1457.8s
step 1086464 bytes 1086464 bits 5992824 bpb 5.5159 window_bpb 5.2178 elapsed 1459.1s
step 1087488 bytes 1087488 bits 5998244 bpb 5.5157 window_bpb 5.2930 elapsed 1460.5s
step 1088512 bytes 1088512 bits 6003449 bpb 5.5153 window_bpb 5.0830 elapsed 1461.9s
step 1089536 bytes 1089536 bits 6008672 bpb 5.5149 window_bpb 5.1006 elapsed 1463.2s
step 1090560 bytes 1090560 bits 6013713 bpb 5.5143 window_bpb 4.9229 elapsed 1464.6s
step 1091584 bytes 1091584 bits 6019043 bpb 5.5140 window_bpb 5.2051 elapsed 1466.0s
step 1092608 bytes 1092608 bits 6024696 bpb 5.5141 window_bpb 5.5205 elapsed 1467.4s
step 1093632 bytes 1093632 bits 6029852 bpb 5.5136 window_bpb 5.0352 elapsed 1468.7s
step 1094656 bytes 1094656 bits 6035134 bpb 5.5133 window_bpb 5.1582 elapsed 1470.1s
step 1095680 bytes 1095680 bits 6040456 bpb 5.5130 window_bpb 5.1973 elapsed 1471.5s
step 1096704 bytes 1096704 bits 6045838 bpb 5.5127 window_bpb 5.2559 elapsed 1472.8s
step 1097728 bytes 1097728 bits 6051042 bpb 5.5123 window_bpb 5.0820 elapsed 1474.2s
step 1098752 bytes 1098752 bits 6056017 bpb 5.5117 window_bpb 4.8584 elapsed 1475.6s
step 1099776 bytes 1099776 bits 6061072 bpb 5.5112 window_bpb 4.9365 elapsed 1477.0s
step 1100800 bytes 1100800 bits 6066353 bpb 5.5109 window_bpb 5.1572 elapsed 1478.3s
step 1101824 bytes 1101824 bits 6071590 bpb 5.5105 window_bpb 5.1143 elapsed 1479.7s
step 1102848 bytes 1102848 bits 6076826 bpb 5.5101 window_bpb 5.1133 elapsed 1481.1s
step 1103872 bytes 1103872 bits 6082314 bpb 5.5100 window_bpb 5.3594 elapsed 1482.4s
step 1104896 bytes 1104896 bits 6087330 bpb 5.5094 window_bpb 4.8984 elapsed 1483.8s
step 1105920 bytes 1105920 bits 6092340 bpb 5.5088 window_bpb 4.8926 elapsed 1485.2s
step 1106944 bytes 1106944 bits 6097770 bpb 5.5087 window_bpb 5.3027 elapsed 1486.5s
step 1107968 bytes 1107968 bits 6102761 bpb 5.5081 window_bpb 4.8740 elapsed 1487.9s
step 1108992 bytes 1108992 bits 6108121 bpb 5.5078 window_bpb 5.2344 elapsed 1489.3s
step 1110016 bytes 1110016 bits 6113418 bpb 5.5075 window_bpb 5.1729 elapsed 1490.6s
step 1111040 bytes 1111040 bits 6119220 bpb 5.5077 window_bpb 5.6660 elapsed 1492.0s
step 1112064 bytes 1112064 bits 6124817 bpb 5.5076 window_bpb 5.4658 elapsed 1493.4s
step 1113088 bytes 1113088 bits 6130505 bpb 5.5077 window_bpb 5.5547 elapsed 1494.7s
step 1114112 bytes 1114112 bits 6136021 bpb 5.5075 window_bpb 5.3867 elapsed 1496.1s
step 1115136 bytes 1115136 bits 6141876 bpb 5.5077 window_bpb 5.7178 elapsed 1497.5s
step 1116160 bytes 1116160 bits 6147309 bpb 5.5076 window_bpb 5.3057 elapsed 1498.8s
time limit 1500.0s reached at byte 1117024; stopping
compress done: input=1117024 compressed_payload=768974 file=768986 bpb=5.5073 elapsed=1500.6s out=records/compressed_20260506-190449.bin
---
bpb: 5.507302
training_seconds: 1500.562287
peak_vram_mb: 256.516113
total_tokens_M: 1.117024
num_steps: 4363
num_params_M: 3.483136
depth: 4
dim: 256
heads: 8
compressed_bytes: 768986
input_bytes: 1117024
max_seq_len: 1024
nncp_train_every: 256
nncp_slide: 768
mode: nncp_compress
