nncp compress: input bytes=51797434 model dim=256 depth=4 heads=8
num_params_M: 3.483136
nncp compress: bytes=51797434 ctx=1024 slide=768 train_every=256 train_batch=8 train_seq=256
/home/andrew/Developer/a-compressed-world/.venv/lib/python3.12/site-packages/torch/autograd/graph.py:869: UserWarning: Memory Efficient attention defaults to a non-deterministic algorithm. To explicitly enable determinism call torch.use_deterministic_algorithms(True, warn_only=False). (Triggered internally at /pytorch/aten/src/ATen/native/transformers/cuda/attention_backward.cu:900.)
  return Variable._execution_engine.run_backward(  # Calls into the C++ engine to run the backward pass
step 1024 bytes 1024 bits 7599 bpb 7.4209 window_bpb 7.4209 elapsed 1.6s
step 2048 bytes 2048 bits 14816 bpb 7.2344 window_bpb 7.0479 elapsed 3.0s
step 3072 bytes 3072 bits 21985 bpb 7.1566 window_bpb 7.0010 elapsed 4.4s
step 4096 bytes 4096 bits 28865 bpb 7.0471 window_bpb 6.7188 elapsed 5.8s
step 5120 bytes 5120 bits 35333 bpb 6.9010 window_bpb 6.3164 elapsed 7.2s
step 6144 bytes 6144 bits 42286 bpb 6.8825 window_bpb 6.7900 elapsed 8.6s
step 7168 bytes 7168 bits 48674 bpb 6.7905 window_bpb 6.2383 elapsed 10.0s
step 8192 bytes 8192 bits 54770 bpb 6.6858 window_bpb 5.9531 elapsed 11.4s
step 9216 bytes 9216 bits 60869 bpb 6.6047 window_bpb 5.9561 elapsed 12.8s
step 10240 bytes 10240 bits 66902 bpb 6.5334 window_bpb 5.8916 elapsed 14.2s
step 11264 bytes 11264 bits 73084 bpb 6.4883 window_bpb 6.0371 elapsed 15.6s
step 12288 bytes 12288 bits 78995 bpb 6.4286 window_bpb 5.7725 elapsed 17.0s
step 13312 bytes 13312 bits 84841 bpb 6.3733 window_bpb 5.7090 elapsed 18.4s
step 14336 bytes 14336 bits 90867 bpb 6.3384 window_bpb 5.8848 elapsed 19.8s
step 15360 bytes 15360 bits 97168 bpb 6.3260 window_bpb 6.1533 elapsed 21.2s
step 16384 bytes 16384 bits 103342 bpb 6.3075 window_bpb 6.0293 elapsed 22.6s
step 17408 bytes 17408 bits 109300 bpb 6.2787 window_bpb 5.8184 elapsed 24.0s
step 18432 bytes 18432 bits 115379 bpb 6.2597 window_bpb 5.9365 elapsed 25.4s
step 19456 bytes 19456 bits 121225 bpb 6.2307 window_bpb 5.7090 elapsed 26.8s
step 20480 bytes 20480 bits 126967 bpb 6.1996 window_bpb 5.6074 elapsed 28.1s
step 21504 bytes 21504 bits 132673 bpb 6.1697 window_bpb 5.5723 elapsed 29.5s
step 22528 bytes 22528 bits 138317 bpb 6.1398 window_bpb 5.5117 elapsed 30.9s
step 23552 bytes 23552 bits 143891 bpb 6.1095 window_bpb 5.4434 elapsed 32.3s
step 24576 bytes 24576 bits 149634 bpb 6.0886 window_bpb 5.6084 elapsed 33.7s
step 25600 bytes 25600 bits 155365 bpb 6.0689 window_bpb 5.5967 elapsed 35.1s
step 26624 bytes 26624 bits 161158 bpb 6.0531 window_bpb 5.6572 elapsed 36.5s
step 27648 bytes 27648 bits 166947 bpb 6.0383 window_bpb 5.6533 elapsed 37.9s
step 28672 bytes 28672 bits 172840 bpb 6.0282 window_bpb 5.7549 elapsed 39.3s
step 29696 bytes 29696 bits 178287 bpb 6.0037 window_bpb 5.3193 elapsed 40.7s
step 30720 bytes 30720 bits 183753 bpb 5.9815 window_bpb 5.3379 elapsed 42.1s
step 31744 bytes 31744 bits 189387 bpb 5.9661 window_bpb 5.5020 elapsed 43.5s
step 32768 bytes 32768 bits 194876 bpb 5.9471 window_bpb 5.3604 elapsed 44.9s
step 33792 bytes 33792 bits 200390 bpb 5.9301 window_bpb 5.3848 elapsed 46.2s
step 34816 bytes 34816 bits 205855 bpb 5.9127 window_bpb 5.3369 elapsed 47.6s
step 35840 bytes 35840 bits 211266 bpb 5.8947 window_bpb 5.2842 elapsed 49.0s
step 36864 bytes 36864 bits 216601 bpb 5.8757 window_bpb 5.2100 elapsed 50.4s
step 37888 bytes 37888 bits 221973 bpb 5.8587 window_bpb 5.2461 elapsed 51.8s
step 38912 bytes 38912 bits 227519 bpb 5.8470 window_bpb 5.4160 elapsed 53.2s
step 39936 bytes 39936 bits 233098 bpb 5.8368 window_bpb 5.4482 elapsed 54.6s
step 40960 bytes 40960 bits 238804 bpb 5.8302 window_bpb 5.5723 elapsed 56.0s
step 41984 bytes 41984 bits 244357 bpb 5.8202 window_bpb 5.4229 elapsed 57.4s
step 43008 bytes 43008 bits 249848 bpb 5.8093 window_bpb 5.3623 elapsed 58.8s
step 44032 bytes 44032 bits 255213 bpb 5.7961 window_bpb 5.2393 elapsed 60.2s
step 45056 bytes 45056 bits 260680 bpb 5.7857 window_bpb 5.3389 elapsed 61.6s
step 46080 bytes 46080 bits 265867 bpb 5.7697 window_bpb 5.0654 elapsed 63.0s
step 47104 bytes 47104 bits 271263 bpb 5.7588 window_bpb 5.2695 elapsed 64.4s
step 48128 bytes 48128 bits 276768 bpb 5.7507 window_bpb 5.3760 elapsed 65.8s
step 49152 bytes 49152 bits 282120 bpb 5.7397 window_bpb 5.2266 elapsed 67.2s
step 50176 bytes 50176 bits 287492 bpb 5.7297 window_bpb 5.2461 elapsed 68.5s
step 51200 bytes 51200 bits 292793 bpb 5.7186 window_bpb 5.1768 elapsed 69.9s
step 52224 bytes 52224 bits 298224 bpb 5.7105 window_bpb 5.3037 elapsed 71.3s
step 53248 bytes 53248 bits 303524 bpb 5.7002 window_bpb 5.1758 elapsed 72.7s
step 54272 bytes 54272 bits 308809 bpb 5.6900 window_bpb 5.1611 elapsed 74.1s
step 55296 bytes 55296 bits 314260 bpb 5.6832 window_bpb 5.3232 elapsed 75.5s
step 56320 bytes 56320 bits 319868 bpb 5.6795 window_bpb 5.4766 elapsed 76.9s
step 57344 bytes 57344 bits 325322 bpb 5.6732 window_bpb 5.3262 elapsed 78.3s
step 58368 bytes 58368 bits 330647 bpb 5.6649 window_bpb 5.2002 elapsed 79.7s
step 59392 bytes 59392 bits 336010 bpb 5.6575 window_bpb 5.2373 elapsed 81.1s
step 60416 bytes 60416 bits 341661 bpb 5.6551 window_bpb 5.5186 elapsed 82.5s
step 61440 bytes 61440 bits 346989 bpb 5.6476 window_bpb 5.2031 elapsed 83.9s
step 62464 bytes 62464 bits 352375 bpb 5.6412 window_bpb 5.2598 elapsed 85.3s
step 63488 bytes 63488 bits 357935 bpb 5.6378 window_bpb 5.4297 elapsed 86.7s
step 64512 bytes 64512 bits 363081 bpb 5.6281 window_bpb 5.0254 elapsed 88.1s
step 65536 bytes 65536 bits 368416 bpb 5.6216 window_bpb 5.2100 elapsed 89.5s
step 66560 bytes 66560 bits 373895 bpb 5.6174 window_bpb 5.3506 elapsed 90.9s
step 67584 bytes 67584 bits 379332 bpb 5.6127 window_bpb 5.3096 elapsed 92.2s
step 68608 bytes 68608 bits 384902 bpb 5.6102 window_bpb 5.4395 elapsed 93.6s
step 69632 bytes 69632 bits 390353 bpb 5.6059 window_bpb 5.3232 elapsed 95.0s
step 70656 bytes 70656 bits 395925 bpb 5.6036 window_bpb 5.4414 elapsed 96.4s
step 71680 bytes 71680 bits 401254 bpb 5.5979 window_bpb 5.2041 elapsed 97.8s
step 72704 bytes 72704 bits 406604 bpb 5.5926 window_bpb 5.2246 elapsed 99.2s
step 73728 bytes 73728 bits 411885 bpb 5.5865 window_bpb 5.1572 elapsed 100.6s
step 74752 bytes 74752 bits 417139 bpb 5.5803 window_bpb 5.1309 elapsed 102.0s
step 75776 bytes 75776 bits 422598 bpb 5.5769 window_bpb 5.3311 elapsed 103.4s
step 76800 bytes 76800 bits 428128 bpb 5.5746 window_bpb 5.4004 elapsed 104.7s
step 77824 bytes 77824 bits 435148 bpb 5.5914 window_bpb 6.8555 elapsed 106.1s
step 78848 bytes 78848 bits 441367 bpb 5.5977 window_bpb 6.0732 elapsed 107.5s
step 79872 bytes 79872 bits 447417 bpb 5.6017 window_bpb 5.9082 elapsed 108.9s
step 80896 bytes 80896 bits 453464 bpb 5.6055 window_bpb 5.9053 elapsed 110.2s
step 81920 bytes 81920 bits 459450 bpb 5.6085 window_bpb 5.8457 elapsed 111.6s
step 82944 bytes 82944 bits 465376 bpb 5.6107 window_bpb 5.7871 elapsed 113.0s
step 83968 bytes 83968 bits 471406 bpb 5.6141 window_bpb 5.8887 elapsed 114.3s
step 84992 bytes 84992 bits 477310 bpb 5.6159 window_bpb 5.7656 elapsed 115.7s
step 86016 bytes 86016 bits 483084 bpb 5.6162 window_bpb 5.6387 elapsed 117.1s
step 87040 bytes 87040 bits 489153 bpb 5.6199 window_bpb 5.9268 elapsed 118.5s
step 88064 bytes 88064 bits 495094 bpb 5.6220 window_bpb 5.8018 elapsed 119.8s
step 89088 bytes 89088 bits 501078 bpb 5.6245 window_bpb 5.8438 elapsed 121.2s
step 90112 bytes 90112 bits 508925 bpb 5.6477 window_bpb 7.6631 elapsed 122.6s
step 91136 bytes 91136 bits 516711 bpb 5.6697 window_bpb 7.6035 elapsed 123.9s
step 92160 bytes 92160 bits 524305 bpb 5.6891 window_bpb 7.4160 elapsed 125.3s
step 93184 bytes 93184 bits 531570 bpb 5.7045 window_bpb 7.0947 elapsed 126.7s
step 94208 bytes 94208 bits 536616 bpb 5.6961 window_bpb 4.9277 elapsed 128.0s
step 95232 bytes 95232 bits 542884 bpb 5.7006 window_bpb 6.1211 elapsed 129.4s
step 96256 bytes 96256 bits 549262 bpb 5.7063 window_bpb 6.2285 elapsed 130.8s
step 97280 bytes 97280 bits 555597 bpb 5.7113 window_bpb 6.1865 elapsed 132.2s
step 98304 bytes 98304 bits 561626 bpb 5.7132 window_bpb 5.8877 elapsed 133.5s
step 99328 bytes 99328 bits 567923 bpb 5.7177 window_bpb 6.1494 elapsed 134.9s
step 100352 bytes 100352 bits 574109 bpb 5.7210 window_bpb 6.0410 elapsed 136.3s
step 101376 bytes 101376 bits 580203 bpb 5.7233 window_bpb 5.9512 elapsed 137.7s
step 102400 bytes 102400 bits 586243 bpb 5.7250 window_bpb 5.8984 elapsed 139.0s
step 103424 bytes 103424 bits 592466 bpb 5.7285 window_bpb 6.0771 elapsed 140.4s
step 104448 bytes 104448 bits 598551 bpb 5.7306 window_bpb 5.9424 elapsed 141.8s
step 105472 bytes 105472 bits 604921 bpb 5.7354 window_bpb 6.2207 elapsed 143.1s
step 106496 bytes 106496 bits 611047 bpb 5.7377 window_bpb 5.9824 elapsed 144.5s
step 107520 bytes 107520 bits 617238 bpb 5.7407 window_bpb 6.0459 elapsed 145.9s
step 108544 bytes 108544 bits 622919 bpb 5.7389 window_bpb 5.5479 elapsed 147.2s
step 109568 bytes 109568 bits 628813 bpb 5.7390 window_bpb 5.7559 elapsed 148.6s
step 110592 bytes 110592 bits 634522 bpb 5.7375 window_bpb 5.5752 elapsed 150.0s
step 111616 bytes 111616 bits 639999 bpb 5.7339 window_bpb 5.3486 elapsed 151.4s
step 112640 bytes 112640 bits 645991 bpb 5.7350 window_bpb 5.8516 elapsed 152.7s
step 113664 bytes 113664 bits 651923 bpb 5.7355 window_bpb 5.7930 elapsed 154.1s
step 114688 bytes 114688 bits 657661 bpb 5.7343 window_bpb 5.6035 elapsed 155.5s
step 115712 bytes 115712 bits 663261 bpb 5.7320 window_bpb 5.4688 elapsed 156.9s
step 116736 bytes 116736 bits 668823 bpb 5.7294 window_bpb 5.4316 elapsed 158.2s
step 117760 bytes 117760 bits 674413 bpb 5.7270 window_bpb 5.4590 elapsed 159.6s
step 118784 bytes 118784 bits 679929 bpb 5.7241 window_bpb 5.3867 elapsed 161.0s
step 119808 bytes 119808 bits 685479 bpb 5.7215 window_bpb 5.4199 elapsed 162.3s
step 120832 bytes 120832 bits 691089 bpb 5.7194 window_bpb 5.4785 elapsed 163.7s
step 121856 bytes 121856 bits 696785 bpb 5.7181 window_bpb 5.5625 elapsed 165.1s
step 122880 bytes 122880 bits 702340 bpb 5.7157 window_bpb 5.4248 elapsed 166.5s
step 123904 bytes 123904 bits 707964 bpb 5.7138 window_bpb 5.4922 elapsed 167.8s
step 124928 bytes 124928 bits 713601 bpb 5.7121 window_bpb 5.5049 elapsed 169.2s
step 125952 bytes 125952 bits 719191 bpb 5.7100 window_bpb 5.4590 elapsed 170.6s
step 126976 bytes 126976 bits 724739 bpb 5.7077 window_bpb 5.4180 elapsed 171.9s
step 128000 bytes 128000 bits 730629 bpb 5.7080 window_bpb 5.7520 elapsed 173.3s
step 129024 bytes 129024 bits 736230 bpb 5.7061 window_bpb 5.4697 elapsed 174.7s
step 130048 bytes 130048 bits 742351 bpb 5.7083 window_bpb 5.9775 elapsed 176.1s
step 131072 bytes 131072 bits 748156 bpb 5.7080 window_bpb 5.6689 elapsed 177.4s
step 132096 bytes 132096 bits 753771 bpb 5.7062 window_bpb 5.4834 elapsed 178.8s
step 133120 bytes 133120 bits 759364 bpb 5.7044 window_bpb 5.4619 elapsed 180.2s
step 134144 bytes 134144 bits 764961 bpb 5.7025 window_bpb 5.4658 elapsed 181.6s
step 135168 bytes 135168 bits 770624 bpb 5.7012 window_bpb 5.5303 elapsed 182.9s
step 136192 bytes 136192 bits 776247 bpb 5.6997 window_bpb 5.4912 elapsed 184.3s
step 137216 bytes 137216 bits 781654 bpb 5.6965 window_bpb 5.2803 elapsed 185.7s
step 138240 bytes 138240 bits 787072 bpb 5.6935 window_bpb 5.2910 elapsed 187.0s
step 139264 bytes 139264 bits 792459 bpb 5.6903 window_bpb 5.2607 elapsed 188.4s
step 140288 bytes 140288 bits 798024 bpb 5.6885 window_bpb 5.4346 elapsed 189.8s
step 141312 bytes 141312 bits 803535 bpb 5.6862 window_bpb 5.3818 elapsed 191.1s
step 142336 bytes 142336 bits 808949 bpb 5.6834 window_bpb 5.2871 elapsed 192.5s
step 143360 bytes 143360 bits 814306 bpb 5.6801 window_bpb 5.2314 elapsed 193.9s
step 144384 bytes 144384 bits 819937 bpb 5.6789 window_bpb 5.4990 elapsed 195.3s
step 145408 bytes 145408 bits 825566 bpb 5.6776 window_bpb 5.4971 elapsed 196.6s
step 146432 bytes 146432 bits 831245 bpb 5.6767 window_bpb 5.5459 elapsed 198.0s
step 147456 bytes 147456 bits 836860 bpb 5.6753 window_bpb 5.4834 elapsed 199.4s
step 148480 bytes 148480 bits 842550 bpb 5.6745 window_bpb 5.5566 elapsed 200.7s
step 149504 bytes 149504 bits 848228 bpb 5.6736 window_bpb 5.5449 elapsed 202.1s
step 150528 bytes 150528 bits 854245 bpb 5.6750 window_bpb 5.8760 elapsed 203.5s
step 151552 bytes 151552 bits 859857 bpb 5.6737 window_bpb 5.4805 elapsed 204.9s
step 152576 bytes 152576 bits 865451 bpb 5.6723 window_bpb 5.4629 elapsed 206.2s
step 153600 bytes 153600 bits 871084 bpb 5.6711 window_bpb 5.5010 elapsed 207.6s
step 154624 bytes 154624 bits 876610 bpb 5.6693 window_bpb 5.3965 elapsed 209.0s
step 155648 bytes 155648 bits 882179 bpb 5.6678 window_bpb 5.4385 elapsed 210.3s
step 156672 bytes 156672 bits 887685 bpb 5.6659 window_bpb 5.3770 elapsed 211.7s
step 157696 bytes 157696 bits 893396 bpb 5.6653 window_bpb 5.5771 elapsed 213.1s
step 158720 bytes 158720 bits 899180 bpb 5.6652 window_bpb 5.6484 elapsed 214.5s
step 159744 bytes 159744 bits 904902 bpb 5.6647 window_bpb 5.5879 elapsed 215.8s
step 160768 bytes 160768 bits 910579 bpb 5.6639 window_bpb 5.5439 elapsed 217.2s
step 161792 bytes 161792 bits 916107 bpb 5.6623 window_bpb 5.3984 elapsed 218.6s
step 162816 bytes 162816 bits 921735 bpb 5.6612 window_bpb 5.4961 elapsed 220.0s
step 163840 bytes 163840 bits 927150 bpb 5.6589 window_bpb 5.2881 elapsed 221.3s
step 164864 bytes 164864 bits 932901 bpb 5.6586 window_bpb 5.6162 elapsed 222.7s
step 165888 bytes 165888 bits 938532 bpb 5.6576 window_bpb 5.4990 elapsed 224.1s
step 166912 bytes 166912 bits 944084 bpb 5.6562 window_bpb 5.4219 elapsed 225.4s
step 167936 bytes 167936 bits 949805 bpb 5.6558 window_bpb 5.5869 elapsed 226.8s
step 168960 bytes 168960 bits 955598 bpb 5.6558 window_bpb 5.6572 elapsed 228.2s
step 169984 bytes 169984 bits 961314 bpb 5.6553 window_bpb 5.5820 elapsed 229.6s
step 171008 bytes 171008 bits 967160 bpb 5.6556 window_bpb 5.7090 elapsed 230.9s
step 172032 bytes 172032 bits 974236 bpb 5.6631 window_bpb 6.9102 elapsed 232.3s
step 173056 bytes 173056 bits 981670 bpb 5.6726 window_bpb 7.2598 elapsed 233.7s
step 174080 bytes 174080 bits 989286 bpb 5.6829 window_bpb 7.4375 elapsed 235.0s
step 175104 bytes 175104 bits 997052 bpb 5.6941 window_bpb 7.5840 elapsed 236.4s
step 176128 bytes 176128 bits 1004349 bpb 5.7024 window_bpb 7.1260 elapsed 237.8s
step 177152 bytes 177152 bits 1010500 bpb 5.7041 window_bpb 6.0068 elapsed 239.2s
step 178176 bytes 178176 bits 1016591 bpb 5.7055 window_bpb 5.9482 elapsed 240.5s
step 179200 bytes 179200 bits 1022369 bpb 5.7052 window_bpb 5.6426 elapsed 241.9s
step 180224 bytes 180224 bits 1028394 bpb 5.7062 window_bpb 5.8838 elapsed 243.3s
step 181248 bytes 181248 bits 1034359 bpb 5.7069 window_bpb 5.8252 elapsed 244.7s
step 182272 bytes 182272 bits 1040063 bpb 5.7061 window_bpb 5.5703 elapsed 246.0s
step 183296 bytes 183296 bits 1045723 bpb 5.7051 window_bpb 5.5273 elapsed 247.4s
step 184320 bytes 184320 bits 1051503 bpb 5.7048 window_bpb 5.6445 elapsed 248.8s
step 185344 bytes 185344 bits 1057265 bpb 5.7043 window_bpb 5.6270 elapsed 250.1s
step 186368 bytes 186368 bits 1062618 bpb 5.7017 window_bpb 5.2275 elapsed 251.5s
step 187392 bytes 187392 bits 1067941 bpb 5.6990 window_bpb 5.1982 elapsed 252.9s
step 188416 bytes 188416 bits 1073296 bpb 5.6964 window_bpb 5.2295 elapsed 254.3s
step 189440 bytes 189440 bits 1078620 bpb 5.6937 window_bpb 5.1992 elapsed 255.6s
step 190464 bytes 190464 bits 1084032 bpb 5.6915 window_bpb 5.2852 elapsed 257.0s
step 191488 bytes 191488 bits 1090569 bpb 5.6952 window_bpb 6.3838 elapsed 258.4s
step 192512 bytes 192512 bits 1096859 bpb 5.6976 window_bpb 6.1426 elapsed 259.8s
step 193536 bytes 193536 bits 1103069 bpb 5.6996 window_bpb 6.0645 elapsed 261.1s
step 194560 bytes 194560 bits 1109230 bpb 5.7012 window_bpb 6.0166 elapsed 262.5s
step 195584 bytes 195584 bits 1115498 bpb 5.7034 window_bpb 6.1211 elapsed 263.9s
step 196608 bytes 196608 bits 1121903 bpb 5.7063 window_bpb 6.2549 elapsed 265.2s
step 197632 bytes 197632 bits 1128040 bpb 5.7078 window_bpb 5.9932 elapsed 266.6s
step 198656 bytes 198656 bits 1134121 bpb 5.7090 window_bpb 5.9385 elapsed 268.0s
step 199680 bytes 199680 bits 1139643 bpb 5.7073 window_bpb 5.3926 elapsed 269.4s
step 200704 bytes 200704 bits 1146128 bpb 5.7105 window_bpb 6.3330 elapsed 270.7s
step 201728 bytes 201728 bits 1152234 bpb 5.7118 window_bpb 5.9629 elapsed 272.1s
step 202752 bytes 202752 bits 1158496 bpb 5.7139 window_bpb 6.1152 elapsed 273.5s
step 203776 bytes 203776 bits 1165185 bpb 5.7180 window_bpb 6.5322 elapsed 274.9s
step 204800 bytes 204800 bits 1171625 bpb 5.7208 window_bpb 6.2891 elapsed 276.2s
step 205824 bytes 205824 bits 1177707 bpb 5.7219 window_bpb 5.9395 elapsed 277.6s
step 206848 bytes 206848 bits 1183617 bpb 5.7222 window_bpb 5.7715 elapsed 279.0s
step 207872 bytes 207872 bits 1189940 bpb 5.7244 window_bpb 6.1748 elapsed 280.4s
step 208896 bytes 208896 bits 1196391 bpb 5.7272 window_bpb 6.2998 elapsed 281.7s
step 209920 bytes 209920 bits 1203048 bpb 5.7310 window_bpb 6.5010 elapsed 283.1s
step 210944 bytes 210944 bits 1209472 bpb 5.7336 window_bpb 6.2734 elapsed 284.5s
step 211968 bytes 211968 bits 1215573 bpb 5.7347 window_bpb 5.9580 elapsed 285.9s
step 212992 bytes 212992 bits 1221508 bpb 5.7350 window_bpb 5.7959 elapsed 287.2s
step 214016 bytes 214016 bits 1227704 bpb 5.7365 window_bpb 6.0508 elapsed 288.6s
step 215040 bytes 215040 bits 1233719 bpb 5.7372 window_bpb 5.8740 elapsed 290.0s
step 216064 bytes 216064 bits 1239718 bpb 5.7377 window_bpb 5.8584 elapsed 291.4s
step 217088 bytes 217088 bits 1245536 bpb 5.7375 window_bpb 5.6816 elapsed 292.7s
step 218112 bytes 218112 bits 1251278 bpb 5.7369 window_bpb 5.6074 elapsed 294.1s
step 219136 bytes 219136 bits 1257231 bpb 5.7372 window_bpb 5.8135 elapsed 295.5s
step 220160 bytes 220160 bits 1263093 bpb 5.7372 window_bpb 5.7246 elapsed 296.8s
step 221184 bytes 221184 bits 1269051 bpb 5.7375 window_bpb 5.8184 elapsed 298.2s
step 222208 bytes 222208 bits 1274936 bpb 5.7376 window_bpb 5.7471 elapsed 299.6s
step 223232 bytes 223232 bits 1280771 bpb 5.7374 window_bpb 5.6982 elapsed 301.0s
step 224256 bytes 224256 bits 1286662 bpb 5.7375 window_bpb 5.7529 elapsed 302.3s
step 225280 bytes 225280 bits 1292513 bpb 5.7374 window_bpb 5.7139 elapsed 303.7s
step 226304 bytes 226304 bits 1298266 bpb 5.7368 window_bpb 5.6182 elapsed 305.1s
step 227328 bytes 227328 bits 1304126 bpb 5.7368 window_bpb 5.7227 elapsed 306.4s
step 228352 bytes 228352 bits 1309953 bpb 5.7366 window_bpb 5.6904 elapsed 307.8s
step 229376 bytes 229376 bits 1315681 bpb 5.7359 window_bpb 5.5938 elapsed 309.2s
step 230400 bytes 230400 bits 1321505 bpb 5.7357 window_bpb 5.6875 elapsed 310.5s
step 231424 bytes 231424 bits 1327318 bpb 5.7354 window_bpb 5.6768 elapsed 311.9s
step 232448 bytes 232448 bits 1333253 bpb 5.7357 window_bpb 5.7959 elapsed 313.3s
step 233472 bytes 233472 bits 1339248 bpb 5.7362 window_bpb 5.8545 elapsed 314.7s
step 234496 bytes 234496 bits 1345098 bpb 5.7361 window_bpb 5.7129 elapsed 316.0s
step 235520 bytes 235520 bits 1351049 bpb 5.7365 window_bpb 5.8115 elapsed 317.4s
step 236544 bytes 236544 bits 1357071 bpb 5.7371 window_bpb 5.8809 elapsed 318.8s
step 237568 bytes 237568 bits 1362879 bpb 5.7368 window_bpb 5.6719 elapsed 320.2s
step 238592 bytes 238592 bits 1368803 bpb 5.7370 window_bpb 5.7852 elapsed 321.5s
step 239616 bytes 239616 bits 1374593 bpb 5.7366 window_bpb 5.6543 elapsed 322.9s
step 240640 bytes 240640 bits 1380339 bpb 5.7361 window_bpb 5.6113 elapsed 324.3s
step 241664 bytes 241664 bits 1386243 bpb 5.7362 window_bpb 5.7656 elapsed 325.6s
step 242688 bytes 242688 bits 1391921 bpb 5.7354 window_bpb 5.5449 elapsed 327.0s
step 243712 bytes 243712 bits 1397686 bpb 5.7350 window_bpb 5.6299 elapsed 328.4s
step 244736 bytes 244736 bits 1403497 bpb 5.7347 window_bpb 5.6748 elapsed 329.8s
step 245760 bytes 245760 bits 1409421 bpb 5.7349 window_bpb 5.7852 elapsed 331.1s
step 246784 bytes 246784 bits 1415407 bpb 5.7354 window_bpb 5.8457 elapsed 332.5s
step 247808 bytes 247808 bits 1421312 bpb 5.7355 window_bpb 5.7666 elapsed 333.9s
step 248832 bytes 248832 bits 1427221 bpb 5.7357 window_bpb 5.7705 elapsed 335.2s
step 249856 bytes 249856 bits 1433005 bpb 5.7353 window_bpb 5.6484 elapsed 336.6s
step 250880 bytes 250880 bits 1438742 bpb 5.7348 window_bpb 5.6025 elapsed 338.0s
step 251904 bytes 251904 bits 1444397 bpb 5.7339 window_bpb 5.5225 elapsed 339.4s
step 252928 bytes 252928 bits 1450253 bpb 5.7339 window_bpb 5.7188 elapsed 340.7s
step 253952 bytes 253952 bits 1455876 bpb 5.7329 window_bpb 5.4912 elapsed 342.1s
step 254976 bytes 254976 bits 1461532 bpb 5.7320 window_bpb 5.5234 elapsed 343.5s
step 256000 bytes 256000 bits 1467306 bpb 5.7317 window_bpb 5.6387 elapsed 344.9s
step 257024 bytes 257024 bits 1473088 bpb 5.7313 window_bpb 5.6465 elapsed 346.2s
step 258048 bytes 258048 bits 1478970 bpb 5.7314 window_bpb 5.7441 elapsed 347.6s
step 259072 bytes 259072 bits 1484874 bpb 5.7315 window_bpb 5.7656 elapsed 349.0s
step 260096 bytes 260096 bits 1490643 bpb 5.7311 window_bpb 5.6338 elapsed 350.4s
step 261120 bytes 261120 bits 1496496 bpb 5.7311 window_bpb 5.7158 elapsed 351.7s
step 262144 bytes 262144 bits 1502234 bpb 5.7306 window_bpb 5.6035 elapsed 353.1s
step 263168 bytes 263168 bits 1508207 bpb 5.7310 window_bpb 5.8330 elapsed 354.5s
step 264192 bytes 264192 bits 1514200 bpb 5.7314 window_bpb 5.8525 elapsed 355.8s
step 265216 bytes 265216 bits 1520146 bpb 5.7317 window_bpb 5.8066 elapsed 357.2s
step 266240 bytes 266240 bits 1525938 bpb 5.7314 window_bpb 5.6562 elapsed 358.6s
step 267264 bytes 267264 bits 1531751 bpb 5.7312 window_bpb 5.6768 elapsed 359.9s
step 268288 bytes 268288 bits 1537714 bpb 5.7316 window_bpb 5.8232 elapsed 361.3s
step 269312 bytes 269312 bits 1543504 bpb 5.7313 window_bpb 5.6543 elapsed 362.7s
step 270336 bytes 270336 bits 1549293 bpb 5.7310 window_bpb 5.6533 elapsed 364.0s
step 271360 bytes 271360 bits 1555378 bpb 5.7318 window_bpb 5.9424 elapsed 365.4s
step 272384 bytes 272384 bits 1561153 bpb 5.7314 window_bpb 5.6396 elapsed 366.8s
step 273408 bytes 273408 bits 1567169 bpb 5.7320 window_bpb 5.8750 elapsed 368.2s
step 274432 bytes 274432 bits 1572997 bpb 5.7318 window_bpb 5.6914 elapsed 369.5s
step 275456 bytes 275456 bits 1578924 bpb 5.7320 window_bpb 5.7881 elapsed 370.9s
step 276480 bytes 276480 bits 1584832 bpb 5.7322 window_bpb 5.7695 elapsed 372.3s
step 277504 bytes 277504 bits 1590689 bpb 5.7321 window_bpb 5.7197 elapsed 373.7s
step 278528 bytes 278528 bits 1596519 bpb 5.7320 window_bpb 5.6934 elapsed 375.0s
step 279552 bytes 279552 bits 1602428 bpb 5.7321 window_bpb 5.7705 elapsed 376.4s
step 280576 bytes 280576 bits 1608281 bpb 5.7321 window_bpb 5.7158 elapsed 377.8s
step 281600 bytes 281600 bits 1614336 bpb 5.7327 window_bpb 5.9131 elapsed 379.1s
step 282624 bytes 282624 bits 1620368 bpb 5.7333 window_bpb 5.8906 elapsed 380.5s
step 283648 bytes 283648 bits 1626259 bpb 5.7334 window_bpb 5.7529 elapsed 381.9s
step 284672 bytes 284672 bits 1632291 bpb 5.7339 window_bpb 5.8906 elapsed 383.3s
step 285696 bytes 285696 bits 1638310 bpb 5.7345 window_bpb 5.8779 elapsed 384.6s
step 286720 bytes 286720 bits 1644370 bpb 5.7351 window_bpb 5.9180 elapsed 386.0s
step 287744 bytes 287744 bits 1650244 bpb 5.7351 window_bpb 5.7363 elapsed 387.4s
step 288768 bytes 288768 bits 1656069 bpb 5.7349 window_bpb 5.6885 elapsed 388.8s
step 289792 bytes 289792 bits 1661792 bpb 5.7344 window_bpb 5.5889 elapsed 390.1s
step 290816 bytes 290816 bits 1667741 bpb 5.7347 window_bpb 5.8096 elapsed 391.5s
step 291840 bytes 291840 bits 1673623 bpb 5.7347 window_bpb 5.7441 elapsed 392.9s
step 292864 bytes 292864 bits 1679452 bpb 5.7346 window_bpb 5.6924 elapsed 394.3s
step 293888 bytes 293888 bits 1685279 bpb 5.7344 window_bpb 5.6904 elapsed 395.6s
step 294912 bytes 294912 bits 1691122 bpb 5.7343 window_bpb 5.7061 elapsed 397.0s
step 295936 bytes 295936 bits 1697243 bpb 5.7352 window_bpb 5.9775 elapsed 398.4s
step 296960 bytes 296960 bits 1703170 bpb 5.7354 window_bpb 5.7881 elapsed 399.7s
step 297984 bytes 297984 bits 1709125 bpb 5.7356 window_bpb 5.8154 elapsed 401.1s
step 299008 bytes 299008 bits 1715186 bpb 5.7363 window_bpb 5.9189 elapsed 402.5s
step 300032 bytes 300032 bits 1721189 bpb 5.7367 window_bpb 5.8623 elapsed 403.8s
step 301056 bytes 301056 bits 1726797 bpb 5.7358 window_bpb 5.4766 elapsed 405.2s
step 302080 bytes 302080 bits 1732414 bpb 5.7350 window_bpb 5.4854 elapsed 406.6s
step 303104 bytes 303104 bits 1737703 bpb 5.7330 window_bpb 5.1650 elapsed 408.0s
step 304128 bytes 304128 bits 1742983 bpb 5.7311 window_bpb 5.1562 elapsed 409.3s
step 305152 bytes 305152 bits 1748782 bpb 5.7309 window_bpb 5.6631 elapsed 410.7s
step 306176 bytes 306176 bits 1754724 bpb 5.7311 window_bpb 5.8027 elapsed 412.1s
step 307200 bytes 307200 bits 1760419 bpb 5.7305 window_bpb 5.5615 elapsed 413.5s
step 308224 bytes 308224 bits 1766006 bpb 5.7296 window_bpb 5.4561 elapsed 414.8s
step 309248 bytes 309248 bits 1771175 bpb 5.7274 window_bpb 5.0479 elapsed 416.2s
step 310272 bytes 310272 bits 1776375 bpb 5.7252 window_bpb 5.0781 elapsed 417.6s
step 311296 bytes 311296 bits 1781610 bpb 5.7232 window_bpb 5.1123 elapsed 419.0s
step 312320 bytes 312320 bits 1787139 bpb 5.7221 window_bpb 5.3994 elapsed 420.3s
step 313344 bytes 313344 bits 1792949 bpb 5.7220 window_bpb 5.6738 elapsed 421.7s
step 314368 bytes 314368 bits 1798360 bpb 5.7206 window_bpb 5.2842 elapsed 423.1s
step 315392 bytes 315392 bits 1803721 bpb 5.7190 window_bpb 5.2354 elapsed 424.4s
step 316416 bytes 316416 bits 1809207 bpb 5.7178 window_bpb 5.3574 elapsed 425.8s
step 317440 bytes 317440 bits 1814599 bpb 5.7164 window_bpb 5.2656 elapsed 427.2s
step 318464 bytes 318464 bits 1819043 bpb 5.7119 window_bpb 4.3398 elapsed 428.6s
step 319488 bytes 319488 bits 1823414 bpb 5.7073 window_bpb 4.2686 elapsed 429.9s
step 320512 bytes 320512 bits 1827671 bpb 5.7023 window_bpb 4.1572 elapsed 431.3s
step 321536 bytes 321536 bits 1832318 bpb 5.6986 window_bpb 4.5381 elapsed 432.7s
step 322560 bytes 322560 bits 1839205 bpb 5.7019 window_bpb 6.7256 elapsed 434.0s
step 323584 bytes 323584 bits 1844918 bpb 5.7015 window_bpb 5.5791 elapsed 435.4s
step 324608 bytes 324608 bits 1850677 bpb 5.7013 window_bpb 5.6240 elapsed 436.8s
step 325632 bytes 325632 bits 1856414 bpb 5.7010 window_bpb 5.6025 elapsed 438.2s
step 326656 bytes 326656 bits 1863090 bpb 5.7035 window_bpb 6.5195 elapsed 439.5s
step 327680 bytes 327680 bits 1870579 bpb 5.7086 window_bpb 7.3135 elapsed 440.9s
step 328704 bytes 328704 bits 1878470 bpb 5.7148 window_bpb 7.7061 elapsed 442.3s
step 329728 bytes 329728 bits 1886185 bpb 5.7204 window_bpb 7.5342 elapsed 443.7s
step 330752 bytes 330752 bits 1893341 bpb 5.7244 window_bpb 6.9883 elapsed 445.0s
step 331776 bytes 331776 bits 1900775 bpb 5.7291 window_bpb 7.2598 elapsed 446.4s
step 332800 bytes 332800 bits 1908201 bpb 5.7338 window_bpb 7.2520 elapsed 447.8s
step 333824 bytes 333824 bits 1915285 bpb 5.7374 window_bpb 6.9180 elapsed 449.2s
step 334848 bytes 334848 bits 1919755 bpb 5.7332 window_bpb 4.3652 elapsed 450.5s
step 335872 bytes 335872 bits 1923976 bpb 5.7283 window_bpb 4.1221 elapsed 451.9s
step 336896 bytes 336896 bits 1927994 bpb 5.7228 window_bpb 3.9238 elapsed 453.3s
step 337920 bytes 337920 bits 1932088 bpb 5.7176 window_bpb 3.9980 elapsed 454.6s
step 338944 bytes 338944 bits 1936262 bpb 5.7126 window_bpb 4.0762 elapsed 456.0s
step 339968 bytes 339968 bits 1940633 bpb 5.7083 window_bpb 4.2686 elapsed 457.4s
step 340992 bytes 340992 bits 1945173 bpb 5.7045 window_bpb 4.4336 elapsed 458.8s
step 342016 bytes 342016 bits 1950068 bpb 5.7017 window_bpb 4.7803 elapsed 460.1s
step 343040 bytes 343040 bits 1954994 bpb 5.6990 window_bpb 4.8105 elapsed 461.5s
step 344064 bytes 344064 bits 1959164 bpb 5.6942 window_bpb 4.0723 elapsed 462.9s
step 345088 bytes 345088 bits 1963656 bpb 5.6903 window_bpb 4.3867 elapsed 464.2s
step 346112 bytes 346112 bits 1967967 bpb 5.6859 window_bpb 4.2100 elapsed 465.6s
step 347136 bytes 347136 bits 1972688 bpb 5.6828 window_bpb 4.6104 elapsed 467.0s
step 348160 bytes 348160 bits 1977163 bpb 5.6789 window_bpb 4.3701 elapsed 468.4s
step 349184 bytes 349184 bits 1981619 bpb 5.6750 window_bpb 4.3516 elapsed 469.7s
step 350208 bytes 350208 bits 1986074 bpb 5.6711 window_bpb 4.3506 elapsed 471.1s
step 351232 bytes 351232 bits 1990532 bpb 5.6673 window_bpb 4.3535 elapsed 472.5s
step 352256 bytes 352256 bits 1994727 bpb 5.6627 window_bpb 4.0967 elapsed 473.8s
step 353280 bytes 353280 bits 1999456 bpb 5.6597 window_bpb 4.6182 elapsed 475.2s
step 354304 bytes 354304 bits 2004268 bpb 5.6569 window_bpb 4.6992 elapsed 476.6s
step 355328 bytes 355328 bits 2008740 bpb 5.6532 window_bpb 4.3672 elapsed 478.0s
step 356352 bytes 356352 bits 2013551 bpb 5.6505 window_bpb 4.6982 elapsed 479.3s
step 357376 bytes 357376 bits 2018540 bpb 5.6482 window_bpb 4.8721 elapsed 480.7s
step 358400 bytes 358400 bits 2023420 bpb 5.6457 window_bpb 4.7656 elapsed 482.1s
step 359424 bytes 359424 bits 2027925 bpb 5.6422 window_bpb 4.3994 elapsed 483.5s
step 360448 bytes 360448 bits 2032269 bpb 5.6382 window_bpb 4.2422 elapsed 484.8s
step 361472 bytes 361472 bits 2036731 bpb 5.6345 window_bpb 4.3574 elapsed 486.2s
step 362496 bytes 362496 bits 2041320 bpb 5.6313 window_bpb 4.4814 elapsed 487.6s
step 363520 bytes 363520 bits 2045805 bpb 5.6278 window_bpb 4.3799 elapsed 488.9s
step 364544 bytes 364544 bits 2050314 bpb 5.6243 window_bpb 4.4033 elapsed 490.3s
step 365568 bytes 365568 bits 2054877 bpb 5.6211 window_bpb 4.4561 elapsed 491.7s
step 366592 bytes 366592 bits 2059276 bpb 5.6174 window_bpb 4.2959 elapsed 493.1s
step 367616 bytes 367616 bits 2063465 bpb 5.6131 window_bpb 4.0908 elapsed 494.4s
step 368640 bytes 368640 bits 2067856 bpb 5.6094 window_bpb 4.2881 elapsed 495.8s
step 369664 bytes 369664 bits 2072545 bpb 5.6066 window_bpb 4.5791 elapsed 497.2s
step 370688 bytes 370688 bits 2078477 bpb 5.6071 window_bpb 5.7930 elapsed 498.6s
step 371712 bytes 371712 bits 2084719 bpb 5.6084 window_bpb 6.0957 elapsed 499.9s
step 372736 bytes 372736 bits 2090989 bpb 5.6098 window_bpb 6.1230 elapsed 501.3s
step 373760 bytes 373760 bits 2097567 bpb 5.6121 window_bpb 6.4238 elapsed 502.7s
step 374784 bytes 374784 bits 2104298 bpb 5.6147 window_bpb 6.5732 elapsed 504.0s
step 375808 bytes 375808 bits 2110838 bpb 5.6168 window_bpb 6.3867 elapsed 505.4s
step 376832 bytes 376832 bits 2117195 bpb 5.6184 window_bpb 6.2080 elapsed 506.8s
step 377856 bytes 377856 bits 2123364 bpb 5.6195 window_bpb 6.0244 elapsed 508.2s
step 378880 bytes 378880 bits 2129699 bpb 5.6210 window_bpb 6.1865 elapsed 509.5s
step 379904 bytes 379904 bits 2136123 bpb 5.6228 window_bpb 6.2734 elapsed 510.9s
step 380928 bytes 380928 bits 2142387 bpb 5.6241 window_bpb 6.1172 elapsed 512.3s
step 381952 bytes 381952 bits 2148468 bpb 5.6250 window_bpb 5.9385 elapsed 513.6s
step 382976 bytes 382976 bits 2154733 bpb 5.6263 window_bpb 6.1182 elapsed 515.0s
step 384000 bytes 384000 bits 2160972 bpb 5.6275 window_bpb 6.0928 elapsed 516.4s
step 385024 bytes 385024 bits 2167797 bpb 5.6303 window_bpb 6.6650 elapsed 517.8s
step 386048 bytes 386048 bits 2174431 bpb 5.6325 window_bpb 6.4785 elapsed 519.1s
step 387072 bytes 387072 bits 2181334 bpb 5.6355 window_bpb 6.7412 elapsed 520.5s
step 388096 bytes 388096 bits 2187704 bpb 5.6370 window_bpb 6.2207 elapsed 521.9s
step 389120 bytes 389120 bits 2193846 bpb 5.6380 window_bpb 5.9980 elapsed 523.3s
step 390144 bytes 390144 bits 2199860 bpb 5.6386 window_bpb 5.8730 elapsed 524.6s
step 391168 bytes 391168 bits 2205971 bpb 5.6394 window_bpb 5.9678 elapsed 526.0s
step 392192 bytes 392192 bits 2212059 bpb 5.6402 window_bpb 5.9453 elapsed 527.4s
step 393216 bytes 393216 bits 2218353 bpb 5.6416 window_bpb 6.1465 elapsed 528.7s
step 394240 bytes 394240 bits 2224510 bpb 5.6425 window_bpb 6.0127 elapsed 530.1s
step 395264 bytes 395264 bits 2230647 bpb 5.6434 window_bpb 5.9932 elapsed 531.5s
step 396288 bytes 396288 bits 2236784 bpb 5.6443 window_bpb 5.9932 elapsed 532.9s
step 397312 bytes 397312 bits 2242808 bpb 5.6450 window_bpb 5.8828 elapsed 534.2s
step 398336 bytes 398336 bits 2248853 bpb 5.6456 window_bpb 5.9033 elapsed 535.6s
step 399360 bytes 399360 bits 2255039 bpb 5.6466 window_bpb 6.0410 elapsed 537.0s
step 400384 bytes 400384 bits 2261347 bpb 5.6479 window_bpb 6.1602 elapsed 538.4s
step 401408 bytes 401408 bits 2267578 bpb 5.6491 window_bpb 6.0850 elapsed 539.7s
step 402432 bytes 402432 bits 2273637 bpb 5.6497 window_bpb 5.9170 elapsed 541.1s
step 403456 bytes 403456 bits 2279734 bpb 5.6505 window_bpb 5.9541 elapsed 542.5s
step 404480 bytes 404480 bits 2285733 bpb 5.6510 window_bpb 5.8584 elapsed 543.8s
step 405504 bytes 405504 bits 2291907 bpb 5.6520 window_bpb 6.0293 elapsed 545.2s
step 406528 bytes 406528 bits 2298109 bpb 5.6530 window_bpb 6.0566 elapsed 546.6s
step 407552 bytes 407552 bits 2304238 bpb 5.6539 window_bpb 5.9854 elapsed 548.0s
step 408576 bytes 408576 bits 2310298 bpb 5.6545 window_bpb 5.9180 elapsed 549.3s
step 409600 bytes 409600 bits 2316280 bpb 5.6550 window_bpb 5.8418 elapsed 550.7s
step 410624 bytes 410624 bits 2322249 bpb 5.6554 window_bpb 5.8291 elapsed 552.1s
step 411648 bytes 411648 bits 2328170 bpb 5.6557 window_bpb 5.7822 elapsed 553.4s
step 412672 bytes 412672 bits 2334148 bpb 5.6562 window_bpb 5.8379 elapsed 554.8s
step 413696 bytes 413696 bits 2340148 bpb 5.6567 window_bpb 5.8594 elapsed 556.2s
step 414720 bytes 414720 bits 2346247 bpb 5.6574 window_bpb 5.9561 elapsed 557.6s
step 415744 bytes 415744 bits 2352386 bpb 5.6583 window_bpb 5.9951 elapsed 558.9s
step 416768 bytes 416768 bits 2358449 bpb 5.6589 window_bpb 5.9209 elapsed 560.3s
step 417792 bytes 417792 bits 2364462 bpb 5.6594 window_bpb 5.8721 elapsed 561.7s
step 418816 bytes 418816 bits 2370521 bpb 5.6601 window_bpb 5.9170 elapsed 563.0s
step 419840 bytes 419840 bits 2376678 bpb 5.6609 window_bpb 6.0127 elapsed 564.4s
step 420864 bytes 420864 bits 2382849 bpb 5.6618 window_bpb 6.0264 elapsed 565.8s
step 421888 bytes 421888 bits 2388997 bpb 5.6626 window_bpb 6.0039 elapsed 567.2s
step 422912 bytes 422912 bits 2395124 bpb 5.6634 window_bpb 5.9834 elapsed 568.5s
step 423936 bytes 423936 bits 2401581 bpb 5.6650 window_bpb 6.3057 elapsed 569.9s
step 424960 bytes 424960 bits 2408005 bpb 5.6664 window_bpb 6.2734 elapsed 571.3s
step 425984 bytes 425984 bits 2414356 bpb 5.6677 window_bpb 6.2021 elapsed 572.7s
step 427008 bytes 427008 bits 2420652 bpb 5.6689 window_bpb 6.1484 elapsed 574.0s
step 428032 bytes 428032 bits 2426960 bpb 5.6700 window_bpb 6.1602 elapsed 575.4s
step 429056 bytes 429056 bits 2433356 bpb 5.6714 window_bpb 6.2461 elapsed 576.8s
step 430080 bytes 430080 bits 2439337 bpb 5.6718 window_bpb 5.8408 elapsed 578.2s
step 431104 bytes 431104 bits 2445389 bpb 5.6724 window_bpb 5.9102 elapsed 579.5s
step 432128 bytes 432128 bits 2451423 bpb 5.6729 window_bpb 5.8926 elapsed 580.9s
step 433152 bytes 433152 bits 2457507 bpb 5.6735 window_bpb 5.9414 elapsed 582.3s
step 434176 bytes 434176 bits 2463704 bpb 5.6744 window_bpb 6.0518 elapsed 583.7s
step 435200 bytes 435200 bits 2470106 bpb 5.6758 window_bpb 6.2520 elapsed 585.0s
step 436224 bytes 436224 bits 2476083 bpb 5.6762 window_bpb 5.8369 elapsed 586.4s
step 437248 bytes 437248 bits 2482111 bpb 5.6767 window_bpb 5.8867 elapsed 587.8s
step 438272 bytes 438272 bits 2488243 bpb 5.6774 window_bpb 5.9883 elapsed 589.1s
step 439296 bytes 439296 bits 2494451 bpb 5.6783 window_bpb 6.0625 elapsed 590.5s
step 440320 bytes 440320 bits 2500693 bpb 5.6793 window_bpb 6.0957 elapsed 591.9s
step 441344 bytes 441344 bits 2506878 bpb 5.6801 window_bpb 6.0400 elapsed 593.3s
step 442368 bytes 442368 bits 2513012 bpb 5.6808 window_bpb 5.9902 elapsed 594.6s
step 443392 bytes 443392 bits 2518939 bpb 5.6811 window_bpb 5.7881 elapsed 596.0s
step 444416 bytes 444416 bits 2525048 bpb 5.6817 window_bpb 5.9658 elapsed 597.4s
step 445440 bytes 445440 bits 2531275 bpb 5.6826 window_bpb 6.0811 elapsed 598.8s
step 446464 bytes 446464 bits 2537147 bpb 5.6828 window_bpb 5.7344 elapsed 600.1s
step 447488 bytes 447488 bits 2542378 bpb 5.6814 window_bpb 5.1084 elapsed 601.5s
step 448512 bytes 448512 bits 2547421 bpb 5.6797 window_bpb 4.9248 elapsed 602.9s
step 449536 bytes 449536 bits 2552544 bpb 5.6782 window_bpb 5.0029 elapsed 604.2s
step 450560 bytes 450560 bits 2557605 bpb 5.6765 window_bpb 4.9424 elapsed 605.6s
step 451584 bytes 451584 bits 2563645 bpb 5.6770 window_bpb 5.8984 elapsed 607.0s
step 452608 bytes 452608 bits 2568722 bpb 5.6754 window_bpb 4.9580 elapsed 608.4s
step 453632 bytes 453632 bits 2573436 bpb 5.6730 window_bpb 4.6035 elapsed 609.7s
step 454656 bytes 454656 bits 2578915 bpb 5.6722 window_bpb 5.3506 elapsed 611.1s
step 455680 bytes 455680 bits 2584322 bpb 5.6714 window_bpb 5.2803 elapsed 612.5s
step 456704 bytes 456704 bits 2589475 bpb 5.6699 window_bpb 5.0322 elapsed 613.9s
step 457728 bytes 457728 bits 2595083 bpb 5.6695 window_bpb 5.4766 elapsed 615.2s
step 458752 bytes 458752 bits 2600283 bpb 5.6682 window_bpb 5.0781 elapsed 616.6s
step 459776 bytes 459776 bits 2605171 bpb 5.6662 window_bpb 4.7734 elapsed 618.0s
step 460800 bytes 460800 bits 2610553 bpb 5.6653 window_bpb 5.2559 elapsed 619.3s
step 461824 bytes 461824 bits 2615796 bpb 5.6641 window_bpb 5.1201 elapsed 620.7s
step 462848 bytes 462848 bits 2620656 bpb 5.6620 window_bpb 4.7461 elapsed 622.1s
step 463872 bytes 463872 bits 2625910 bpb 5.6609 window_bpb 5.1309 elapsed 623.5s
step 464896 bytes 464896 bits 2631051 bpb 5.6594 window_bpb 5.0205 elapsed 624.8s
step 465920 bytes 465920 bits 2636297 bpb 5.6583 window_bpb 5.1230 elapsed 626.2s
step 466944 bytes 466944 bits 2640693 bpb 5.6553 window_bpb 4.2930 elapsed 627.6s
step 467968 bytes 467968 bits 2645098 bpb 5.6523 window_bpb 4.3018 elapsed 628.9s
step 468992 bytes 468992 bits 2649755 bpb 5.6499 window_bpb 4.5479 elapsed 630.3s
step 470016 bytes 470016 bits 2654720 bpb 5.6481 window_bpb 4.8486 elapsed 631.7s
step 471040 bytes 471040 bits 2661471 bpb 5.6502 window_bpb 6.5928 elapsed 633.1s
step 472064 bytes 472064 bits 2666963 bpb 5.6496 window_bpb 5.3633 elapsed 634.4s
step 473088 bytes 473088 bits 2672659 bpb 5.6494 window_bpb 5.5625 elapsed 635.8s
step 474112 bytes 474112 bits 2678409 bpb 5.6493 window_bpb 5.6152 elapsed 637.2s
step 475136 bytes 475136 bits 2684166 bpb 5.6493 window_bpb 5.6221 elapsed 638.6s
step 476160 bytes 476160 bits 2690475 bpb 5.6504 window_bpb 6.1611 elapsed 639.9s
step 477184 bytes 477184 bits 2696584 bpb 5.6510 window_bpb 5.9658 elapsed 641.3s
step 478208 bytes 478208 bits 2702753 bpb 5.6518 window_bpb 6.0244 elapsed 642.7s
step 479232 bytes 479232 bits 2708987 bpb 5.6528 window_bpb 6.0879 elapsed 644.0s
step 480256 bytes 480256 bits 2715415 bpb 5.6541 window_bpb 6.2773 elapsed 645.4s
step 481280 bytes 481280 bits 2721137 bpb 5.6540 window_bpb 5.5879 elapsed 646.8s
step 482304 bytes 482304 bits 2725463 bpb 5.6509 window_bpb 4.2246 elapsed 648.2s
step 483328 bytes 483328 bits 2729827 bpb 5.6480 window_bpb 4.2617 elapsed 649.5s
step 484352 bytes 484352 bits 2734228 bpb 5.6451 window_bpb 4.2979 elapsed 650.9s
step 485376 bytes 485376 bits 2738856 bpb 5.6428 window_bpb 4.5195 elapsed 652.3s
step 486400 bytes 486400 bits 2743215 bpb 5.6398 window_bpb 4.2568 elapsed 653.6s
step 487424 bytes 487424 bits 2747737 bpb 5.6373 window_bpb 4.4160 elapsed 655.0s
step 488448 bytes 488448 bits 2752216 bpb 5.6346 window_bpb 4.3740 elapsed 656.4s
step 489472 bytes 489472 bits 2756807 bpb 5.6322 window_bpb 4.4834 elapsed 657.8s
step 490496 bytes 490496 bits 2761633 bpb 5.6303 window_bpb 4.7129 elapsed 659.1s
step 491520 bytes 491520 bits 2766209 bpb 5.6279 window_bpb 4.4688 elapsed 660.5s
step 492544 bytes 492544 bits 2770643 bpb 5.6252 window_bpb 4.3301 elapsed 661.9s
step 493568 bytes 493568 bits 2775112 bpb 5.6226 window_bpb 4.3643 elapsed 663.2s
step 494592 bytes 494592 bits 2779637 bpb 5.6201 window_bpb 4.4189 elapsed 664.6s
step 495616 bytes 495616 bits 2784310 bpb 5.6179 window_bpb 4.5635 elapsed 666.0s
step 496640 bytes 496640 bits 2789189 bpb 5.6161 window_bpb 4.7646 elapsed 667.4s
step 497664 bytes 497664 bits 2793821 bpb 5.6139 window_bpb 4.5234 elapsed 668.7s
step 498688 bytes 498688 bits 2798578 bpb 5.6119 window_bpb 4.6455 elapsed 670.1s
step 499712 bytes 499712 bits 2803126 bpb 5.6095 window_bpb 4.4414 elapsed 671.5s
step 500736 bytes 500736 bits 2808109 bpb 5.6080 window_bpb 4.8662 elapsed 672.9s
step 501760 bytes 501760 bits 2812895 bpb 5.6061 window_bpb 4.6738 elapsed 674.2s
step 502784 bytes 502784 bits 2817740 bpb 5.6043 window_bpb 4.7314 elapsed 675.6s
step 503808 bytes 503808 bits 2823074 bpb 5.6035 window_bpb 5.2090 elapsed 677.0s
step 504832 bytes 504832 bits 2827947 bpb 5.6018 window_bpb 4.7588 elapsed 678.4s
step 505856 bytes 505856 bits 2832806 bpb 5.6000 window_bpb 4.7451 elapsed 679.7s
step 506880 bytes 506880 bits 2837705 bpb 5.5984 window_bpb 4.7842 elapsed 681.1s
step 507904 bytes 507904 bits 2842432 bpb 5.5964 window_bpb 4.6162 elapsed 682.5s
step 508928 bytes 508928 bits 2847310 bpb 5.5947 window_bpb 4.7637 elapsed 683.8s
step 509952 bytes 509952 bits 2852287 bpb 5.5932 window_bpb 4.8604 elapsed 685.2s
step 510976 bytes 510976 bits 2857500 bpb 5.5922 window_bpb 5.0908 elapsed 686.6s
step 512000 bytes 512000 bits 2862485 bpb 5.5908 window_bpb 4.8682 elapsed 687.9s
step 513024 bytes 513024 bits 2867302 bpb 5.5890 window_bpb 4.7041 elapsed 689.3s
step 514048 bytes 514048 bits 2874216 bpb 5.5913 window_bpb 6.7520 elapsed 690.7s
step 515072 bytes 515072 bits 2880020 bpb 5.5915 window_bpb 5.6680 elapsed 692.1s
step 516096 bytes 516096 bits 2885758 bpb 5.5915 window_bpb 5.6035 elapsed 693.4s
step 517120 bytes 517120 bits 2891412 bpb 5.5914 window_bpb 5.5215 elapsed 694.8s
step 518144 bytes 518144 bits 2897102 bpb 5.5913 window_bpb 5.5566 elapsed 696.2s
step 519168 bytes 519168 bits 2902873 bpb 5.5914 window_bpb 5.6357 elapsed 697.5s
step 520192 bytes 520192 bits 2908568 bpb 5.5913 window_bpb 5.5615 elapsed 698.9s
step 521216 bytes 521216 bits 2914251 bpb 5.5913 window_bpb 5.5498 elapsed 700.3s
step 522240 bytes 522240 bits 2919904 bpb 5.5911 window_bpb 5.5205 elapsed 701.7s
step 523264 bytes 523264 bits 2925659 bpb 5.5912 window_bpb 5.6201 elapsed 703.0s
step 524288 bytes 524288 bits 2931352 bpb 5.5911 window_bpb 5.5596 elapsed 704.4s
step 525312 bytes 525312 bits 2937044 bpb 5.5910 window_bpb 5.5586 elapsed 705.8s
step 526336 bytes 526336 bits 2942804 bpb 5.5911 window_bpb 5.6250 elapsed 707.2s
step 527360 bytes 527360 bits 2948508 bpb 5.5911 window_bpb 5.5703 elapsed 708.5s
step 528384 bytes 528384 bits 2954225 bpb 5.5911 window_bpb 5.5830 elapsed 709.9s
step 529408 bytes 529408 bits 2960029 bpb 5.5912 window_bpb 5.6680 elapsed 711.3s
step 530432 bytes 530432 bits 2965841 bpb 5.5914 window_bpb 5.6758 elapsed 712.7s
step 531456 bytes 531456 bits 2971719 bpb 5.5917 window_bpb 5.7402 elapsed 714.0s
step 532480 bytes 532480 bits 2977495 bpb 5.5917 window_bpb 5.6406 elapsed 715.4s
step 533504 bytes 533504 bits 2984338 bpb 5.5938 window_bpb 6.6826 elapsed 716.8s
step 534528 bytes 534528 bits 2990805 bpb 5.5952 window_bpb 6.3154 elapsed 718.2s
step 535552 bytes 535552 bits 2997453 bpb 5.5969 window_bpb 6.4922 elapsed 719.5s
step 536576 bytes 536576 bits 3004191 bpb 5.5988 window_bpb 6.5801 elapsed 720.9s
step 537600 bytes 537600 bits 3011197 bpb 5.6012 window_bpb 6.8418 elapsed 722.3s
step 538624 bytes 538624 bits 3017134 bpb 5.6016 window_bpb 5.7979 elapsed 723.7s
step 539648 bytes 539648 bits 3021861 bpb 5.5997 window_bpb 4.6162 elapsed 725.0s
step 540672 bytes 540672 bits 3028104 bpb 5.6006 window_bpb 6.0967 elapsed 726.4s
step 541696 bytes 541696 bits 3034657 bpb 5.6021 window_bpb 6.3994 elapsed 727.8s
step 542720 bytes 542720 bits 3040985 bpb 5.6032 window_bpb 6.1797 elapsed 729.1s
step 543744 bytes 543744 bits 3047481 bpb 5.6046 window_bpb 6.3438 elapsed 730.5s
step 544768 bytes 544768 bits 3054063 bpb 5.6062 window_bpb 6.4277 elapsed 731.9s
step 545792 bytes 545792 bits 3061513 bpb 5.6093 window_bpb 7.2754 elapsed 733.3s
step 546816 bytes 546816 bits 3068933 bpb 5.6124 window_bpb 7.2461 elapsed 734.6s
step 547840 bytes 547840 bits 3075340 bpb 5.6136 window_bpb 6.2568 elapsed 736.0s
step 548864 bytes 548864 bits 3081557 bpb 5.6144 window_bpb 6.0713 elapsed 737.4s
step 549888 bytes 549888 bits 3087753 bpb 5.6152 window_bpb 6.0508 elapsed 738.8s
step 550912 bytes 550912 bits 3093820 bpb 5.6158 window_bpb 5.9248 elapsed 740.1s
step 551936 bytes 551936 bits 3099987 bpb 5.6166 window_bpb 6.0225 elapsed 741.5s
step 552960 bytes 552960 bits 3106248 bpb 5.6175 window_bpb 6.1143 elapsed 742.9s
step 553984 bytes 553984 bits 3112510 bpb 5.6184 window_bpb 6.1152 elapsed 744.3s
step 555008 bytes 555008 bits 3118853 bpb 5.6195 window_bpb 6.1943 elapsed 745.7s
step 556032 bytes 556032 bits 3125251 bpb 5.6206 window_bpb 6.2480 elapsed 747.0s
step 557056 bytes 557056 bits 3131573 bpb 5.6216 window_bpb 6.1738 elapsed 748.4s
step 558080 bytes 558080 bits 3137815 bpb 5.6225 window_bpb 6.0957 elapsed 749.8s
step 559104 bytes 559104 bits 3144099 bpb 5.6235 window_bpb 6.1367 elapsed 751.2s
step 560128 bytes 560128 bits 3150318 bpb 5.6243 window_bpb 6.0732 elapsed 752.5s
step 561152 bytes 561152 bits 3156541 bpb 5.6251 window_bpb 6.0771 elapsed 753.9s
step 562176 bytes 562176 bits 3162828 bpb 5.6260 window_bpb 6.1396 elapsed 755.3s
step 563200 bytes 563200 bits 3169089 bpb 5.6269 window_bpb 6.1143 elapsed 756.6s
step 564224 bytes 564224 bits 3175251 bpb 5.6276 window_bpb 6.0176 elapsed 758.0s
step 565248 bytes 565248 bits 3181523 bpb 5.6285 window_bpb 6.1250 elapsed 759.4s
step 566272 bytes 566272 bits 3187844 bpb 5.6295 window_bpb 6.1729 elapsed 760.8s
step 567296 bytes 567296 bits 3193886 bpb 5.6300 window_bpb 5.9004 elapsed 762.1s
step 568320 bytes 568320 bits 3199983 bpb 5.6306 window_bpb 5.9541 elapsed 763.5s
step 569344 bytes 569344 bits 3206086 bpb 5.6312 window_bpb 5.9600 elapsed 764.9s
step 570368 bytes 570368 bits 3212307 bpb 5.6320 window_bpb 6.0752 elapsed 766.2s
step 571392 bytes 571392 bits 3218353 bpb 5.6325 window_bpb 5.9043 elapsed 767.6s
step 572416 bytes 572416 bits 3224348 bpb 5.6329 window_bpb 5.8545 elapsed 769.0s
step 573440 bytes 573440 bits 3230345 bpb 5.6333 window_bpb 5.8564 elapsed 770.4s
step 574464 bytes 574464 bits 3236509 bpb 5.6340 window_bpb 6.0195 elapsed 771.7s
step 575488 bytes 575488 bits 3242434 bpb 5.6342 window_bpb 5.7861 elapsed 773.1s
step 576512 bytes 576512 bits 3248459 bpb 5.6347 window_bpb 5.8838 elapsed 774.5s
step 577536 bytes 577536 bits 3254635 bpb 5.6354 window_bpb 6.0312 elapsed 775.9s
step 578560 bytes 578560 bits 3260727 bpb 5.6359 window_bpb 5.9492 elapsed 777.2s
step 579584 bytes 579584 bits 3266855 bpb 5.6366 window_bpb 5.9844 elapsed 778.6s
step 580608 bytes 580608 bits 3272981 bpb 5.6372 window_bpb 5.9824 elapsed 780.0s
step 581632 bytes 581632 bits 3279057 bpb 5.6377 window_bpb 5.9336 elapsed 781.3s
step 582656 bytes 582656 bits 3285195 bpb 5.6383 window_bpb 5.9941 elapsed 782.7s
step 583680 bytes 583680 bits 3291420 bpb 5.6391 window_bpb 6.0791 elapsed 784.1s
step 584704 bytes 584704 bits 3297694 bpb 5.6399 window_bpb 6.1270 elapsed 785.5s
step 585728 bytes 585728 bits 3303829 bpb 5.6406 window_bpb 5.9912 elapsed 786.8s
step 586752 bytes 586752 bits 3310050 bpb 5.6413 window_bpb 6.0752 elapsed 788.2s
step 587776 bytes 587776 bits 3316407 bpb 5.6423 window_bpb 6.2080 elapsed 789.6s
step 588800 bytes 588800 bits 3322949 bpb 5.6436 window_bpb 6.3887 elapsed 790.9s
step 589824 bytes 589824 bits 3329280 bpb 5.6445 window_bpb 6.1826 elapsed 792.3s
step 590848 bytes 590848 bits 3335659 bpb 5.6455 window_bpb 6.2295 elapsed 793.7s
step 591872 bytes 591872 bits 3341843 bpb 5.6462 window_bpb 6.0391 elapsed 795.1s
step 592896 bytes 592896 bits 3347948 bpb 5.6468 window_bpb 5.9619 elapsed 796.4s
step 593920 bytes 593920 bits 3354079 bpb 5.6474 window_bpb 5.9873 elapsed 797.8s
step 594944 bytes 594944 bits 3360099 bpb 5.6478 window_bpb 5.8789 elapsed 799.2s
step 595968 bytes 595968 bits 3366422 bpb 5.6487 window_bpb 6.1748 elapsed 800.5s
step 596992 bytes 596992 bits 3372682 bpb 5.6495 window_bpb 6.1133 elapsed 801.9s
step 598016 bytes 598016 bits 3378915 bpb 5.6502 window_bpb 6.0869 elapsed 803.3s
step 599040 bytes 599040 bits 3385048 bpb 5.6508 window_bpb 5.9893 elapsed 804.7s
step 600064 bytes 600064 bits 3391296 bpb 5.6516 window_bpb 6.1016 elapsed 806.0s
step 601088 bytes 601088 bits 3397644 bpb 5.6525 window_bpb 6.1992 elapsed 807.4s
step 602112 bytes 602112 bits 3403401 bpb 5.6524 window_bpb 5.6221 elapsed 808.8s
step 603136 bytes 603136 bits 3409176 bpb 5.6524 window_bpb 5.6396 elapsed 810.1s
step 604160 bytes 604160 bits 3413911 bpb 5.6507 window_bpb 4.6240 elapsed 811.5s
step 605184 bytes 605184 bits 3418794 bpb 5.6492 window_bpb 4.7686 elapsed 812.9s
step 606208 bytes 606208 bits 3423927 bpb 5.6481 window_bpb 5.0127 elapsed 814.2s
step 607232 bytes 607232 bits 3428895 bpb 5.6468 window_bpb 4.8516 elapsed 815.6s
step 608256 bytes 608256 bits 3434195 bpb 5.6460 window_bpb 5.1758 elapsed 817.0s
step 609280 bytes 609280 bits 3439422 bpb 5.6451 window_bpb 5.1045 elapsed 818.4s
step 610304 bytes 610304 bits 3444554 bpb 5.6440 window_bpb 5.0117 elapsed 819.7s
step 611328 bytes 611328 bits 3449528 bpb 5.6427 window_bpb 4.8574 elapsed 821.1s
step 612352 bytes 612352 bits 3454430 bpb 5.6412 window_bpb 4.7871 elapsed 822.5s
step 613376 bytes 613376 bits 3459862 bpb 5.6407 window_bpb 5.3047 elapsed 823.9s
step 614400 bytes 614400 bits 3465016 bpb 5.6397 window_bpb 5.0332 elapsed 825.2s
step 615424 bytes 615424 bits 3470281 bpb 5.6388 window_bpb 5.1416 elapsed 826.6s
step 616448 bytes 616448 bits 3474804 bpb 5.6368 window_bpb 4.4170 elapsed 828.0s
step 617472 bytes 617472 bits 3480004 bpb 5.6359 window_bpb 5.0781 elapsed 829.3s
step 618496 bytes 618496 bits 3485195 bpb 5.6350 window_bpb 5.0693 elapsed 830.7s
step 619520 bytes 619520 bits 3489997 bpb 5.6334 window_bpb 4.6895 elapsed 832.1s
step 620544 bytes 620544 bits 3494028 bpb 5.6306 window_bpb 3.9365 elapsed 833.4s
step 621568 bytes 621568 bits 3498424 bpb 5.6284 window_bpb 4.2930 elapsed 834.8s
step 622592 bytes 622592 bits 3503504 bpb 5.6273 window_bpb 4.9609 elapsed 836.2s
step 623616 bytes 623616 bits 3508144 bpb 5.6255 window_bpb 4.5312 elapsed 837.6s
step 624640 bytes 624640 bits 3512484 bpb 5.6232 window_bpb 4.2383 elapsed 838.9s
step 625664 bytes 625664 bits 3517790 bpb 5.6225 window_bpb 5.1816 elapsed 840.3s
step 626688 bytes 626688 bits 3522539 bpb 5.6209 window_bpb 4.6377 elapsed 841.7s
step 627712 bytes 627712 bits 3527424 bpb 5.6195 window_bpb 4.7705 elapsed 843.0s
step 628736 bytes 628736 bits 3532497 bpb 5.6184 window_bpb 4.9541 elapsed 844.4s
step 629760 bytes 629760 bits 3537383 bpb 5.6170 window_bpb 4.7715 elapsed 845.8s
step 630784 bytes 630784 bits 3542611 bpb 5.6162 window_bpb 5.1055 elapsed 847.1s
step 631808 bytes 631808 bits 3548262 bpb 5.6160 window_bpb 5.5186 elapsed 848.5s
step 632832 bytes 632832 bits 3553255 bpb 5.6148 window_bpb 4.8760 elapsed 849.9s
step 633856 bytes 633856 bits 3558049 bpb 5.6133 window_bpb 4.6816 elapsed 851.3s
step 634880 bytes 634880 bits 3562784 bpb 5.6117 window_bpb 4.6240 elapsed 852.6s
step 635904 bytes 635904 bits 3567558 bpb 5.6102 window_bpb 4.6621 elapsed 854.0s
step 636928 bytes 636928 bits 3572860 bpb 5.6095 window_bpb 5.1777 elapsed 855.4s
step 637952 bytes 637952 bits 3578071 bpb 5.6087 window_bpb 5.0889 elapsed 856.7s
step 638976 bytes 638976 bits 3583169 bpb 5.6077 window_bpb 4.9785 elapsed 858.1s
step 640000 bytes 640000 bits 3589555 bpb 5.6087 window_bpb 6.2363 elapsed 859.5s
step 641024 bytes 641024 bits 3595328 bpb 5.6087 window_bpb 5.6377 elapsed 860.9s
step 642048 bytes 642048 bits 3601359 bpb 5.6092 window_bpb 5.8896 elapsed 862.2s
step 643072 bytes 643072 bits 3607229 bpb 5.6094 window_bpb 5.7324 elapsed 863.6s
step 644096 bytes 644096 bits 3612957 bpb 5.6093 window_bpb 5.5938 elapsed 865.0s
step 645120 bytes 645120 bits 3619368 bpb 5.6104 window_bpb 6.2607 elapsed 866.3s
step 646144 bytes 646144 bits 3625899 bpb 5.6116 window_bpb 6.3779 elapsed 867.7s
step 647168 bytes 647168 bits 3631990 bpb 5.6121 window_bpb 5.9482 elapsed 869.1s
step 648192 bytes 648192 bits 3638164 bpb 5.6128 window_bpb 6.0293 elapsed 870.5s
step 649216 bytes 649216 bits 3644483 bpb 5.6137 window_bpb 6.1709 elapsed 871.8s
step 650240 bytes 650240 bits 3650720 bpb 5.6144 window_bpb 6.0908 elapsed 873.2s
step 651264 bytes 651264 bits 3657748 bpb 5.6164 window_bpb 6.8633 elapsed 874.6s
step 652288 bytes 652288 bits 3665916 bpb 5.6201 window_bpb 7.9766 elapsed 875.9s
step 653312 bytes 653312 bits 3674096 bpb 5.6238 window_bpb 7.9883 elapsed 877.3s
step 654336 bytes 654336 bits 3677992 bpb 5.6210 window_bpb 3.8047 elapsed 878.7s
step 655360 bytes 655360 bits 3682291 bpb 5.6187 window_bpb 4.1982 elapsed 880.1s
step 656384 bytes 656384 bits 3687036 bpb 5.6172 window_bpb 4.6338 elapsed 881.4s
step 657408 bytes 657408 bits 3692039 bpb 5.6161 window_bpb 4.8857 elapsed 882.8s
step 658432 bytes 658432 bits 3696561 bpb 5.6142 window_bpb 4.4160 elapsed 884.2s
step 659456 bytes 659456 bits 3701392 bpb 5.6128 window_bpb 4.7178 elapsed 885.6s
step 660480 bytes 660480 bits 3705988 bpb 5.6111 window_bpb 4.4883 elapsed 886.9s
step 661504 bytes 661504 bits 3710622 bpb 5.6094 window_bpb 4.5254 elapsed 888.3s
step 662528 bytes 662528 bits 3715440 bpb 5.6080 window_bpb 4.7051 elapsed 889.7s
step 663552 bytes 663552 bits 3720120 bpb 5.6064 window_bpb 4.5703 elapsed 891.1s
step 664576 bytes 664576 bits 3725013 bpb 5.6051 window_bpb 4.7783 elapsed 892.4s
step 665600 bytes 665600 bits 3730025 bpb 5.6040 window_bpb 4.8945 elapsed 893.8s
step 666624 bytes 666624 bits 3734559 bpb 5.6022 window_bpb 4.4277 elapsed 895.2s
step 667648 bytes 667648 bits 3739135 bpb 5.6005 window_bpb 4.4688 elapsed 896.5s
step 668672 bytes 668672 bits 3743906 bpb 5.5990 window_bpb 4.6592 elapsed 897.9s
step 669696 bytes 669696 bits 3748636 bpb 5.5975 window_bpb 4.6191 elapsed 899.3s
step 670720 bytes 670720 bits 3753659 bpb 5.5965 window_bpb 4.9053 elapsed 900.7s
step 671744 bytes 671744 bits 3758639 bpb 5.5953 window_bpb 4.8633 elapsed 902.0s
step 672768 bytes 672768 bits 3763631 bpb 5.5942 window_bpb 4.8750 elapsed 903.4s
step 673792 bytes 673792 bits 3768625 bpb 5.5932 window_bpb 4.8770 elapsed 904.8s
step 674816 bytes 674816 bits 3773973 bpb 5.5926 window_bpb 5.2227 elapsed 906.2s
step 675840 bytes 675840 bits 3778815 bpb 5.5913 window_bpb 4.7285 elapsed 907.5s
step 676864 bytes 676864 bits 3783281 bpb 5.5894 window_bpb 4.3613 elapsed 908.9s
step 677888 bytes 677888 bits 3787997 bpb 5.5879 window_bpb 4.6055 elapsed 910.3s
step 678912 bytes 678912 bits 3792934 bpb 5.5868 window_bpb 4.8213 elapsed 911.6s
step 679936 bytes 679936 bits 3798623 bpb 5.5867 window_bpb 5.5557 elapsed 913.0s
step 680960 bytes 680960 bits 3803491 bpb 5.5855 window_bpb 4.7539 elapsed 914.4s
step 681984 bytes 681984 bits 3808346 bpb 5.5842 window_bpb 4.7412 elapsed 915.7s
step 683008 bytes 683008 bits 3813209 bpb 5.5830 window_bpb 4.7490 elapsed 917.1s
step 684032 bytes 684032 bits 3818064 bpb 5.5817 window_bpb 4.7412 elapsed 918.5s
step 685056 bytes 685056 bits 3822926 bpb 5.5805 window_bpb 4.7480 elapsed 919.9s
step 686080 bytes 686080 bits 3827806 bpb 5.5792 window_bpb 4.7656 elapsed 921.2s
step 687104 bytes 687104 bits 3832805 bpb 5.5782 window_bpb 4.8818 elapsed 922.6s
step 688128 bytes 688128 bits 3837753 bpb 5.5771 window_bpb 4.8320 elapsed 924.0s
step 689152 bytes 689152 bits 3843088 bpb 5.5765 window_bpb 5.2100 elapsed 925.3s
step 690176 bytes 690176 bits 3848066 bpb 5.5755 window_bpb 4.8613 elapsed 926.7s
step 691200 bytes 691200 bits 3853408 bpb 5.5750 window_bpb 5.2168 elapsed 928.1s
step 692224 bytes 692224 bits 3858205 bpb 5.5736 window_bpb 4.6846 elapsed 929.5s
step 693248 bytes 693248 bits 3863399 bpb 5.5729 window_bpb 5.0723 elapsed 930.8s
step 694272 bytes 694272 bits 3870774 bpb 5.5753 window_bpb 7.2021 elapsed 932.2s
step 695296 bytes 695296 bits 3876685 bpb 5.5756 window_bpb 5.7725 elapsed 933.6s
step 696320 bytes 696320 bits 3882491 bpb 5.5757 window_bpb 5.6699 elapsed 935.0s
step 697344 bytes 697344 bits 3888364 bpb 5.5760 window_bpb 5.7354 elapsed 936.3s
step 698368 bytes 698368 bits 3894150 bpb 5.5761 window_bpb 5.6504 elapsed 937.7s
step 699392 bytes 699392 bits 3900028 bpb 5.5763 window_bpb 5.7402 elapsed 939.1s
step 700416 bytes 700416 bits 3905783 bpb 5.5764 window_bpb 5.6201 elapsed 940.5s
step 701440 bytes 701440 bits 3911713 bpb 5.5767 window_bpb 5.7910 elapsed 941.8s
step 702464 bytes 702464 bits 3917505 bpb 5.5768 window_bpb 5.6562 elapsed 943.2s
step 703488 bytes 703488 bits 3923181 bpb 5.5768 window_bpb 5.5430 elapsed 944.6s
step 704512 bytes 704512 bits 3928885 bpb 5.5767 window_bpb 5.5703 elapsed 946.0s
step 705536 bytes 705536 bits 3934591 bpb 5.5767 window_bpb 5.5723 elapsed 947.3s
step 706560 bytes 706560 bits 3940570 bpb 5.5771 window_bpb 5.8389 elapsed 948.7s
step 707584 bytes 707584 bits 3946496 bpb 5.5774 window_bpb 5.7871 elapsed 950.1s
step 708608 bytes 708608 bits 3952262 bpb 5.5775 window_bpb 5.6309 elapsed 951.5s
step 709632 bytes 709632 bits 3957977 bpb 5.5775 window_bpb 5.5811 elapsed 952.8s
step 710656 bytes 710656 bits 3963728 bpb 5.5776 window_bpb 5.6162 elapsed 954.2s
step 711680 bytes 711680 bits 3969761 bpb 5.5780 window_bpb 5.8916 elapsed 955.6s
step 712704 bytes 712704 bits 3975669 bpb 5.5783 window_bpb 5.7695 elapsed 957.0s
step 713728 bytes 713728 bits 3981631 bpb 5.5786 window_bpb 5.8223 elapsed 958.3s
step 714752 bytes 714752 bits 3987504 bpb 5.5789 window_bpb 5.7354 elapsed 959.7s
step 715776 bytes 715776 bits 3993563 bpb 5.5793 window_bpb 5.9170 elapsed 961.1s
step 716800 bytes 716800 bits 3999816 bpb 5.5801 window_bpb 6.1064 elapsed 962.5s
step 717824 bytes 717824 bits 4005701 bpb 5.5803 window_bpb 5.7471 elapsed 963.8s
step 718848 bytes 718848 bits 4011536 bpb 5.5805 window_bpb 5.6982 elapsed 965.2s
step 719872 bytes 719872 bits 4017412 bpb 5.5807 window_bpb 5.7383 elapsed 966.6s
step 720896 bytes 720896 bits 4024259 bpb 5.5823 window_bpb 6.6865 elapsed 968.0s
step 721920 bytes 721920 bits 4031418 bpb 5.5843 window_bpb 6.9912 elapsed 969.3s
step 722944 bytes 722944 bits 4038468 bpb 5.5861 window_bpb 6.8848 elapsed 970.7s
step 723968 bytes 723968 bits 4045217 bpb 5.5876 window_bpb 6.5908 elapsed 972.1s
step 724992 bytes 724992 bits 4051884 bpb 5.5889 window_bpb 6.5107 elapsed 973.5s
step 726016 bytes 726016 bits 4058790 bpb 5.5905 window_bpb 6.7441 elapsed 974.8s
step 727040 bytes 727040 bits 4065736 bpb 5.5922 window_bpb 6.7832 elapsed 976.2s
step 728064 bytes 728064 bits 4072338 bpb 5.5934 window_bpb 6.4473 elapsed 977.6s
step 729088 bytes 729088 bits 4078717 bpb 5.5943 window_bpb 6.2295 elapsed 979.0s
step 730112 bytes 730112 bits 4085075 bpb 5.5951 window_bpb 6.2090 elapsed 980.3s
step 731136 bytes 731136 bits 4091518 bpb 5.5961 window_bpb 6.2920 elapsed 981.7s
step 732160 bytes 732160 bits 4097893 bpb 5.5970 window_bpb 6.2256 elapsed 983.1s
step 733184 bytes 733184 bits 4104267 bpb 5.5979 window_bpb 6.2246 elapsed 984.5s
step 734208 bytes 734208 bits 4110599 bpb 5.5987 window_bpb 6.1836 elapsed 985.8s
step 735232 bytes 735232 bits 4116939 bpb 5.5995 window_bpb 6.1914 elapsed 987.2s
step 736256 bytes 736256 bits 4123216 bpb 5.6002 window_bpb 6.1299 elapsed 988.6s
step 737280 bytes 737280 bits 4129481 bpb 5.6010 window_bpb 6.1182 elapsed 990.0s
step 738304 bytes 738304 bits 4135936 bpb 5.6019 window_bpb 6.3037 elapsed 991.3s
step 739328 bytes 739328 bits 4142325 bpb 5.6028 window_bpb 6.2393 elapsed 992.7s
step 740352 bytes 740352 bits 4148704 bpb 5.6037 window_bpb 6.2295 elapsed 994.1s
step 741376 bytes 741376 bits 4155106 bpb 5.6046 window_bpb 6.2520 elapsed 995.5s
step 742400 bytes 742400 bits 4161665 bpb 5.6057 window_bpb 6.4053 elapsed 996.8s
step 743424 bytes 743424 bits 4167949 bpb 5.6064 window_bpb 6.1367 elapsed 998.2s
step 744448 bytes 744448 bits 4174392 bpb 5.6074 window_bpb 6.2920 elapsed 999.6s
step 745472 bytes 745472 bits 4180706 bpb 5.6081 window_bpb 6.1660 elapsed 1001.0s
step 746496 bytes 746496 bits 4186929 bpb 5.6088 window_bpb 6.0771 elapsed 1002.3s
step 747520 bytes 747520 bits 4193386 bpb 5.6097 window_bpb 6.3057 elapsed 1003.7s
step 748544 bytes 748544 bits 4199632 bpb 5.6104 window_bpb 6.0996 elapsed 1005.1s
step 749568 bytes 749568 bits 4206211 bpb 5.6115 window_bpb 6.4248 elapsed 1006.5s
step 750592 bytes 750592 bits 4212816 bpb 5.6127 window_bpb 6.4502 elapsed 1007.8s
step 751616 bytes 751616 bits 4219252 bpb 5.6136 window_bpb 6.2852 elapsed 1009.2s
step 752640 bytes 752640 bits 4225740 bpb 5.6146 window_bpb 6.3359 elapsed 1010.6s
step 753664 bytes 753664 bits 4232228 bpb 5.6155 window_bpb 6.3359 elapsed 1012.0s
step 754688 bytes 754688 bits 4238718 bpb 5.6165 window_bpb 6.3379 elapsed 1013.3s
step 755712 bytes 755712 bits 4244983 bpb 5.6172 window_bpb 6.1182 elapsed 1014.7s
step 756736 bytes 756736 bits 4250208 bpb 5.6165 window_bpb 5.1025 elapsed 1016.1s
step 757760 bytes 757760 bits 4255085 bpb 5.6153 window_bpb 4.7627 elapsed 1017.4s
step 758784 bytes 758784 bits 4260396 bpb 5.6148 window_bpb 5.1865 elapsed 1018.8s
step 759808 bytes 759808 bits 4265602 bpb 5.6141 window_bpb 5.0840 elapsed 1020.2s
step 760832 bytes 760832 bits 4271020 bpb 5.6136 window_bpb 5.2910 elapsed 1021.6s
step 761856 bytes 761856 bits 4275871 bpb 5.6124 window_bpb 4.7373 elapsed 1022.9s
step 762880 bytes 762880 bits 4280866 bpb 5.6115 window_bpb 4.8779 elapsed 1024.3s
step 763904 bytes 763904 bits 4285540 bpb 5.6101 window_bpb 4.5645 elapsed 1025.7s
step 764928 bytes 764928 bits 4290215 bpb 5.6087 window_bpb 4.5654 elapsed 1027.1s
step 765952 bytes 765952 bits 4295363 bpb 5.6079 window_bpb 5.0273 elapsed 1028.5s
step 766976 bytes 766976 bits 4300098 bpb 5.6066 window_bpb 4.6240 elapsed 1029.8s
step 768000 bytes 768000 bits 4304663 bpb 5.6050 window_bpb 4.4580 elapsed 1031.2s
step 769024 bytes 769024 bits 4309582 bpb 5.6040 window_bpb 4.8037 elapsed 1032.6s
step 770048 bytes 770048 bits 4314374 bpb 5.6027 window_bpb 4.6797 elapsed 1034.0s
step 771072 bytes 771072 bits 4319129 bpb 5.6015 window_bpb 4.6436 elapsed 1035.3s
step 772096 bytes 772096 bits 4324211 bpb 5.6006 window_bpb 4.9629 elapsed 1036.7s
step 773120 bytes 773120 bits 4329026 bpb 5.5994 window_bpb 4.7021 elapsed 1038.1s
step 774144 bytes 774144 bits 4334248 bpb 5.5988 window_bpb 5.0996 elapsed 1039.5s
step 775168 bytes 775168 bits 4339439 bpb 5.5981 window_bpb 5.0693 elapsed 1040.8s
step 776192 bytes 776192 bits 4344580 bpb 5.5973 window_bpb 5.0205 elapsed 1042.2s
step 777216 bytes 777216 bits 4349852 bpb 5.5967 window_bpb 5.1484 elapsed 1043.6s
step 778240 bytes 778240 bits 4355149 bpb 5.5962 window_bpb 5.1729 elapsed 1044.9s
step 779264 bytes 779264 bits 4360277 bpb 5.5954 window_bpb 5.0078 elapsed 1046.3s
step 780288 bytes 780288 bits 4364712 bpb 5.5937 window_bpb 4.3311 elapsed 1047.7s
step 781312 bytes 781312 bits 4369221 bpb 5.5922 window_bpb 4.4033 elapsed 1049.1s
step 782336 bytes 782336 bits 4373869 bpb 5.5908 window_bpb 4.5391 elapsed 1050.4s
step 783360 bytes 783360 bits 4378950 bpb 5.5900 window_bpb 4.9619 elapsed 1051.8s
step 784384 bytes 784384 bits 4383486 bpb 5.5884 window_bpb 4.4297 elapsed 1053.2s
step 785408 bytes 785408 bits 4387799 bpb 5.5866 window_bpb 4.2119 elapsed 1054.6s
step 786432 bytes 786432 bits 4392555 bpb 5.5854 window_bpb 4.6445 elapsed 1055.9s
step 787456 bytes 787456 bits 4396872 bpb 5.5836 window_bpb 4.2158 elapsed 1057.3s
step 788480 bytes 788480 bits 4401452 bpb 5.5822 window_bpb 4.4727 elapsed 1058.7s
step 789504 bytes 789504 bits 4405761 bpb 5.5804 window_bpb 4.2080 elapsed 1060.0s
step 790528 bytes 790528 bits 4410629 bpb 5.5793 window_bpb 4.7539 elapsed 1061.4s
step 791552 bytes 791552 bits 4415455 bpb 5.5782 window_bpb 4.7129 elapsed 1062.8s
step 792576 bytes 792576 bits 4420183 bpb 5.5770 window_bpb 4.6172 elapsed 1064.2s
step 793600 bytes 793600 bits 4425045 bpb 5.5759 window_bpb 4.7480 elapsed 1065.5s
step 794624 bytes 794624 bits 4429794 bpb 5.5747 window_bpb 4.6377 elapsed 1066.9s
step 795648 bytes 795648 bits 4434821 bpb 5.5738 window_bpb 4.9092 elapsed 1068.3s
step 796672 bytes 796672 bits 4440112 bpb 5.5733 window_bpb 5.1670 elapsed 1069.6s
step 797696 bytes 797696 bits 4444887 bpb 5.5722 window_bpb 4.6631 elapsed 1071.0s
step 798720 bytes 798720 bits 4449541 bpb 5.5708 window_bpb 4.5449 elapsed 1072.4s
step 799744 bytes 799744 bits 4453949 bpb 5.5692 window_bpb 4.3047 elapsed 1073.8s
step 800768 bytes 800768 bits 4458610 bpb 5.5679 window_bpb 4.5518 elapsed 1075.1s
step 801792 bytes 801792 bits 4463107 bpb 5.5664 window_bpb 4.3916 elapsed 1076.5s
step 802816 bytes 802816 bits 4468076 bpb 5.5655 window_bpb 4.8525 elapsed 1077.9s
step 803840 bytes 803840 bits 4473055 bpb 5.5646 window_bpb 4.8623 elapsed 1079.3s
step 804864 bytes 804864 bits 4477804 bpb 5.5634 window_bpb 4.6377 elapsed 1080.6s
step 805888 bytes 805888 bits 4483035 bpb 5.5629 window_bpb 5.1084 elapsed 1082.0s
step 806912 bytes 806912 bits 4488225 bpb 5.5622 window_bpb 5.0684 elapsed 1083.4s
step 807936 bytes 807936 bits 4492968 bpb 5.5610 window_bpb 4.6318 elapsed 1084.8s
step 808960 bytes 808960 bits 4498080 bpb 5.5603 window_bpb 4.9922 elapsed 1086.1s
step 809984 bytes 809984 bits 4502684 bpb 5.5590 window_bpb 4.4961 elapsed 1087.5s
step 811008 bytes 811008 bits 4507564 bpb 5.5580 window_bpb 4.7656 elapsed 1088.9s
step 812032 bytes 812032 bits 4512203 bpb 5.5567 window_bpb 4.5303 elapsed 1090.2s
step 813056 bytes 813056 bits 4516707 bpb 5.5552 window_bpb 4.3984 elapsed 1091.6s
step 814080 bytes 814080 bits 4521340 bpb 5.5539 window_bpb 4.5244 elapsed 1093.0s
step 815104 bytes 815104 bits 4526010 bpb 5.5527 window_bpb 4.5605 elapsed 1094.4s
step 816128 bytes 816128 bits 4530989 bpb 5.5518 window_bpb 4.8623 elapsed 1095.7s
step 817152 bytes 817152 bits 4535310 bpb 5.5501 window_bpb 4.2197 elapsed 1097.1s
step 818176 bytes 818176 bits 4539882 bpb 5.5488 window_bpb 4.4648 elapsed 1098.5s
step 819200 bytes 819200 bits 4544261 bpb 5.5472 window_bpb 4.2764 elapsed 1099.9s
step 820224 bytes 820224 bits 4548632 bpb 5.5456 window_bpb 4.2686 elapsed 1101.2s
step 821248 bytes 821248 bits 4555242 bpb 5.5467 window_bpb 6.4551 elapsed 1102.6s
step 822272 bytes 822272 bits 4561107 bpb 5.5470 window_bpb 5.7275 elapsed 1104.0s
step 823296 bytes 823296 bits 4567248 bpb 5.5475 window_bpb 5.9971 elapsed 1105.3s
step 824320 bytes 824320 bits 4573382 bpb 5.5481 window_bpb 5.9902 elapsed 1106.7s
step 825344 bytes 825344 bits 4579787 bpb 5.5489 window_bpb 6.2549 elapsed 1108.1s
step 826368 bytes 826368 bits 4586383 bpb 5.5500 window_bpb 6.4414 elapsed 1109.5s
step 827392 bytes 827392 bits 4593217 bpb 5.5514 window_bpb 6.6738 elapsed 1110.8s
step 828416 bytes 828416 bits 4599683 bpb 5.5524 window_bpb 6.3145 elapsed 1112.2s
step 829440 bytes 829440 bits 4606527 bpb 5.5538 window_bpb 6.6836 elapsed 1113.6s
step 830464 bytes 830464 bits 4611419 bpb 5.5528 window_bpb 4.7773 elapsed 1115.0s
step 831488 bytes 831488 bits 4615844 bpb 5.5513 window_bpb 4.3213 elapsed 1116.3s
step 832512 bytes 832512 bits 4620803 bpb 5.5504 window_bpb 4.8428 elapsed 1117.7s
step 833536 bytes 833536 bits 4625515 bpb 5.5493 window_bpb 4.6016 elapsed 1119.1s
step 834560 bytes 834560 bits 4630594 bpb 5.5485 window_bpb 4.9600 elapsed 1120.4s
step 835584 bytes 835584 bits 4635543 bpb 5.5477 window_bpb 4.8330 elapsed 1121.8s
step 836608 bytes 836608 bits 4640802 bpb 5.5472 window_bpb 5.1357 elapsed 1123.2s
step 837632 bytes 837632 bits 4645505 bpb 5.5460 window_bpb 4.5928 elapsed 1124.6s
step 838656 bytes 838656 bits 4650454 bpb 5.5451 window_bpb 4.8330 elapsed 1125.9s
step 839680 bytes 839680 bits 4655458 bpb 5.5443 window_bpb 4.8867 elapsed 1127.3s
step 840704 bytes 840704 bits 4660428 bpb 5.5435 window_bpb 4.8535 elapsed 1128.7s
step 841728 bytes 841728 bits 4665453 bpb 5.5427 window_bpb 4.9072 elapsed 1130.1s
step 842752 bytes 842752 bits 4670511 bpb 5.5420 window_bpb 4.9395 elapsed 1131.4s
step 843776 bytes 843776 bits 4675716 bpb 5.5414 window_bpb 5.0830 elapsed 1132.8s
step 844800 bytes 844800 bits 4680932 bpb 5.5409 window_bpb 5.0938 elapsed 1134.2s
step 845824 bytes 845824 bits 4686373 bpb 5.5406 window_bpb 5.3135 elapsed 1135.5s
step 846848 bytes 846848 bits 4691460 bpb 5.5399 window_bpb 4.9678 elapsed 1136.9s
step 847872 bytes 847872 bits 4696958 bpb 5.5397 window_bpb 5.3691 elapsed 1138.3s
step 848896 bytes 848896 bits 4702176 bpb 5.5392 window_bpb 5.0957 elapsed 1139.7s
step 849920 bytes 849920 bits 4707458 bpb 5.5387 window_bpb 5.1582 elapsed 1141.0s
step 850944 bytes 850944 bits 4712682 bpb 5.5382 window_bpb 5.1016 elapsed 1142.4s
step 851968 bytes 851968 bits 4717959 bpb 5.5377 window_bpb 5.1533 elapsed 1143.8s
step 852992 bytes 852992 bits 4723149 bpb 5.5372 window_bpb 5.0684 elapsed 1145.2s
step 854016 bytes 854016 bits 4729454 bpb 5.5379 window_bpb 6.1572 elapsed 1146.5s
step 855040 bytes 855040 bits 4734931 bpb 5.5377 window_bpb 5.3486 elapsed 1147.9s
step 856064 bytes 856064 bits 4740983 bpb 5.5381 window_bpb 5.9102 elapsed 1149.3s
step 857088 bytes 857088 bits 4746945 bpb 5.5385 window_bpb 5.8223 elapsed 1150.6s
step 858112 bytes 858112 bits 4753265 bpb 5.5392 window_bpb 6.1719 elapsed 1152.0s
step 859136 bytes 859136 bits 4759156 bpb 5.5395 window_bpb 5.7529 elapsed 1153.4s
step 860160 bytes 860160 bits 4765117 bpb 5.5398 window_bpb 5.8213 elapsed 1154.8s
step 861184 bytes 861184 bits 4770939 bpb 5.5400 window_bpb 5.6855 elapsed 1156.1s
step 862208 bytes 862208 bits 4776770 bpb 5.5402 window_bpb 5.6943 elapsed 1157.5s
step 863232 bytes 863232 bits 4782657 bpb 5.5404 window_bpb 5.7490 elapsed 1158.9s
step 864256 bytes 864256 bits 4788946 bpb 5.5411 window_bpb 6.1416 elapsed 1160.3s
step 865280 bytes 865280 bits 4794968 bpb 5.5415 window_bpb 5.8809 elapsed 1161.6s
step 866304 bytes 866304 bits 4801053 bpb 5.5420 window_bpb 5.9424 elapsed 1163.0s
step 867328 bytes 867328 bits 4807078 bpb 5.5424 window_bpb 5.8838 elapsed 1164.4s
step 868352 bytes 868352 bits 4813749 bpb 5.5435 window_bpb 6.5146 elapsed 1165.8s
step 869376 bytes 869376 bits 4820610 bpb 5.5449 window_bpb 6.7002 elapsed 1167.1s
step 870400 bytes 870400 bits 4827738 bpb 5.5466 window_bpb 6.9609 elapsed 1168.5s
step 871424 bytes 871424 bits 4834413 bpb 5.5477 window_bpb 6.5186 elapsed 1169.9s
step 872448 bytes 872448 bits 4840946 bpb 5.5487 window_bpb 6.3799 elapsed 1171.3s
step 873472 bytes 873472 bits 4846966 bpb 5.5491 window_bpb 5.8789 elapsed 1172.7s
step 874496 bytes 874496 bits 4853226 bpb 5.5497 window_bpb 6.1133 elapsed 1174.0s
step 875520 bytes 875520 bits 4859285 bpb 5.5502 window_bpb 5.9170 elapsed 1175.4s
step 876544 bytes 876544 bits 4865195 bpb 5.5504 window_bpb 5.7715 elapsed 1176.8s
step 877568 bytes 877568 bits 4871507 bpb 5.5511 window_bpb 6.1641 elapsed 1178.2s
step 878592 bytes 878592 bits 4877672 bpb 5.5517 window_bpb 6.0205 elapsed 1179.5s
step 879616 bytes 879616 bits 4883895 bpb 5.5523 window_bpb 6.0771 elapsed 1180.9s
step 880640 bytes 880640 bits 4890044 bpb 5.5528 window_bpb 6.0049 elapsed 1182.3s
step 881664 bytes 881664 bits 4895916 bpb 5.5530 window_bpb 5.7344 elapsed 1183.7s
step 882688 bytes 882688 bits 4901753 bpb 5.5532 window_bpb 5.7002 elapsed 1185.0s
step 883712 bytes 883712 bits 4907873 bpb 5.5537 window_bpb 5.9766 elapsed 1186.4s
step 884736 bytes 884736 bits 4914391 bpb 5.5546 window_bpb 6.3652 elapsed 1187.8s
step 885760 bytes 885760 bits 4919645 bpb 5.5542 window_bpb 5.1309 elapsed 1189.2s
step 886784 bytes 886784 bits 4924222 bpb 5.5529 window_bpb 4.4697 elapsed 1190.6s
step 887808 bytes 887808 bits 4929560 bpb 5.5525 window_bpb 5.2129 elapsed 1191.9s
step 888832 bytes 888832 bits 4934886 bpb 5.5521 window_bpb 5.2012 elapsed 1193.3s
step 889856 bytes 889856 bits 4940165 bpb 5.5516 window_bpb 5.1553 elapsed 1194.7s
step 890880 bytes 890880 bits 4945205 bpb 5.5509 window_bpb 4.9219 elapsed 1196.0s
step 891904 bytes 891904 bits 4950400 bpb 5.5504 window_bpb 5.0732 elapsed 1197.4s
step 892928 bytes 892928 bits 4955142 bpb 5.5493 window_bpb 4.6309 elapsed 1198.8s
step 893952 bytes 893952 bits 4960360 bpb 5.5488 window_bpb 5.0957 elapsed 1200.2s
step 894976 bytes 894976 bits 4965748 bpb 5.5485 window_bpb 5.2617 elapsed 1201.5s
step 896000 bytes 896000 bits 4970351 bpb 5.5473 window_bpb 4.4951 elapsed 1202.9s
step 897024 bytes 897024 bits 4975163 bpb 5.5463 window_bpb 4.6992 elapsed 1204.3s
step 898048 bytes 898048 bits 4979938 bpb 5.5453 window_bpb 4.6631 elapsed 1205.7s
step 899072 bytes 899072 bits 4984851 bpb 5.5444 window_bpb 4.7979 elapsed 1207.0s
step 900096 bytes 900096 bits 4989148 bpb 5.5429 window_bpb 4.1963 elapsed 1208.4s
step 901120 bytes 901120 bits 4993898 bpb 5.5419 window_bpb 4.6387 elapsed 1209.8s
step 902144 bytes 902144 bits 4998965 bpb 5.5412 window_bpb 4.9482 elapsed 1211.2s
step 903168 bytes 903168 bits 5003350 bpb 5.5398 window_bpb 4.2822 elapsed 1212.5s
step 904192 bytes 904192 bits 5007598 bpb 5.5382 window_bpb 4.1484 elapsed 1213.9s
step 905216 bytes 905216 bits 5012164 bpb 5.5370 window_bpb 4.4590 elapsed 1215.3s
step 906240 bytes 906240 bits 5017112 bpb 5.5362 window_bpb 4.8320 elapsed 1216.6s
step 907264 bytes 907264 bits 5021961 bpb 5.5353 window_bpb 4.7354 elapsed 1218.0s
step 908288 bytes 908288 bits 5026788 bpb 5.5344 window_bpb 4.7139 elapsed 1219.4s
step 909312 bytes 909312 bits 5031983 bpb 5.5338 window_bpb 5.0732 elapsed 1220.8s
step 910336 bytes 910336 bits 5036693 bpb 5.5328 window_bpb 4.5996 elapsed 1222.1s
step 911360 bytes 911360 bits 5041332 bpb 5.5317 window_bpb 4.5303 elapsed 1223.5s
step 912384 bytes 912384 bits 5045892 bpb 5.5304 window_bpb 4.4531 elapsed 1224.9s
step 913408 bytes 913408 bits 5050773 bpb 5.5296 window_bpb 4.7666 elapsed 1226.3s
step 914432 bytes 914432 bits 5055916 bpb 5.5290 window_bpb 5.0225 elapsed 1227.6s
step 915456 bytes 915456 bits 5060774 bpb 5.5281 window_bpb 4.7441 elapsed 1229.0s
step 916480 bytes 916480 bits 5066152 bpb 5.5278 window_bpb 5.2520 elapsed 1230.4s
step 917504 bytes 917504 bits 5070999 bpb 5.5270 window_bpb 4.7334 elapsed 1231.7s
step 918528 bytes 918528 bits 5076250 bpb 5.5265 window_bpb 5.1279 elapsed 1233.1s
step 919552 bytes 919552 bits 5081044 bpb 5.5256 window_bpb 4.6816 elapsed 1234.5s
step 920576 bytes 920576 bits 5085735 bpb 5.5245 window_bpb 4.5811 elapsed 1235.9s
step 921600 bytes 921600 bits 5090571 bpb 5.5236 window_bpb 4.7227 elapsed 1237.2s
step 922624 bytes 922624 bits 5095781 bpb 5.5231 window_bpb 5.0879 elapsed 1238.6s
step 923648 bytes 923648 bits 5101470 bpb 5.5232 window_bpb 5.5557 elapsed 1240.0s
step 924672 bytes 924672 bits 5106866 bpb 5.5229 window_bpb 5.2695 elapsed 1241.4s
step 925696 bytes 925696 bits 5112190 bpb 5.5225 window_bpb 5.1992 elapsed 1242.7s
step 926720 bytes 926720 bits 5117417 bpb 5.5221 window_bpb 5.1045 elapsed 1244.1s
step 927744 bytes 927744 bits 5122195 bpb 5.5211 window_bpb 4.6660 elapsed 1245.5s
step 928768 bytes 928768 bits 5127460 bpb 5.5207 window_bpb 5.1416 elapsed 1246.9s
step 929792 bytes 929792 bits 5133000 bpb 5.5206 window_bpb 5.4102 elapsed 1248.2s
step 930816 bytes 930816 bits 5138242 bpb 5.5201 window_bpb 5.1191 elapsed 1249.6s
step 931840 bytes 931840 bits 5143196 bpb 5.5194 window_bpb 4.8379 elapsed 1251.0s
step 932864 bytes 932864 bits 5148257 bpb 5.5188 window_bpb 4.9424 elapsed 1252.4s
step 933888 bytes 933888 bits 5153470 bpb 5.5183 window_bpb 5.0908 elapsed 1253.7s
step 934912 bytes 934912 bits 5158488 bpb 5.5176 window_bpb 4.9004 elapsed 1255.1s
step 935936 bytes 935936 bits 5163441 bpb 5.5169 window_bpb 4.8369 elapsed 1256.5s
step 936960 bytes 936960 bits 5168242 bpb 5.5160 window_bpb 4.6885 elapsed 1257.9s
step 937984 bytes 937984 bits 5173013 bpb 5.5150 window_bpb 4.6592 elapsed 1259.2s
step 939008 bytes 939008 bits 5178211 bpb 5.5146 window_bpb 5.0762 elapsed 1260.6s
step 940032 bytes 940032 bits 5183220 bpb 5.5139 window_bpb 4.8916 elapsed 1262.0s
step 941056 bytes 941056 bits 5188153 bpb 5.5131 window_bpb 4.8174 elapsed 1263.4s
step 942080 bytes 942080 bits 5193063 bpb 5.5123 window_bpb 4.7949 elapsed 1264.7s
step 943104 bytes 943104 bits 5197607 bpb 5.5112 window_bpb 4.4375 elapsed 1266.1s
step 944128 bytes 944128 bits 5202548 bpb 5.5104 window_bpb 4.8252 elapsed 1267.5s
step 945152 bytes 945152 bits 5207743 bpb 5.5100 window_bpb 5.0732 elapsed 1268.8s
step 946176 bytes 946176 bits 5213416 bpb 5.5100 window_bpb 5.5400 elapsed 1270.2s
step 947200 bytes 947200 bits 5219116 bpb 5.5100 window_bpb 5.5664 elapsed 1271.6s
step 948224 bytes 948224 bits 5224973 bpb 5.5103 window_bpb 5.7197 elapsed 1273.0s
step 949248 bytes 949248 bits 5230702 bpb 5.5104 window_bpb 5.5947 elapsed 1274.3s
step 950272 bytes 950272 bits 5235592 bpb 5.5096 window_bpb 4.7754 elapsed 1275.7s
step 951296 bytes 951296 bits 5240354 bpb 5.5086 window_bpb 4.6504 elapsed 1277.1s
step 952320 bytes 952320 bits 5245617 bpb 5.5083 window_bpb 5.1396 elapsed 1278.5s
step 953344 bytes 953344 bits 5251123 bpb 5.5081 window_bpb 5.3770 elapsed 1279.8s
step 954368 bytes 954368 bits 5256802 bpb 5.5081 window_bpb 5.5459 elapsed 1281.2s
step 955392 bytes 955392 bits 5262337 bpb 5.5080 window_bpb 5.4053 elapsed 1282.6s
step 956416 bytes 956416 bits 5268040 bpb 5.5081 window_bpb 5.5693 elapsed 1284.0s
step 957440 bytes 957440 bits 5272953 bpb 5.5073 window_bpb 4.7979 elapsed 1285.3s
step 958464 bytes 958464 bits 5278142 bpb 5.5069 window_bpb 5.0674 elapsed 1286.7s
step 959488 bytes 959488 bits 5283325 bpb 5.5064 window_bpb 5.0615 elapsed 1288.1s
step 960512 bytes 960512 bits 5288186 bpb 5.5056 window_bpb 4.7471 elapsed 1289.4s
step 961536 bytes 961536 bits 5292947 bpb 5.5047 window_bpb 4.6494 elapsed 1290.8s
step 962560 bytes 962560 bits 5298215 bpb 5.5043 window_bpb 5.1445 elapsed 1292.2s
step 963584 bytes 963584 bits 5303600 bpb 5.5040 window_bpb 5.2588 elapsed 1293.6s
step 964608 bytes 964608 bits 5309117 bpb 5.5039 window_bpb 5.3877 elapsed 1295.0s
step 965632 bytes 965632 bits 5314634 bpb 5.5038 window_bpb 5.3877 elapsed 1296.3s
step 966656 bytes 966656 bits 5320030 bpb 5.5035 window_bpb 5.2695 elapsed 1297.7s
step 967680 bytes 967680 bits 5324799 bpb 5.5026 window_bpb 4.6572 elapsed 1299.1s
step 968704 bytes 968704 bits 5329706 bpb 5.5019 window_bpb 4.7920 elapsed 1300.4s
step 969728 bytes 969728 bits 5334871 bpb 5.5014 window_bpb 5.0439 elapsed 1301.8s
step 970752 bytes 970752 bits 5339763 bpb 5.5006 window_bpb 4.7773 elapsed 1303.2s
step 971776 bytes 971776 bits 5344820 bpb 5.5001 window_bpb 4.9385 elapsed 1304.6s
step 972800 bytes 972800 bits 5350123 bpb 5.4997 window_bpb 5.1787 elapsed 1305.9s
step 973824 bytes 973824 bits 5354999 bpb 5.4989 window_bpb 4.7617 elapsed 1307.3s
step 974848 bytes 974848 bits 5360495 bpb 5.4988 window_bpb 5.3672 elapsed 1308.7s
step 975872 bytes 975872 bits 5366101 bpb 5.4988 window_bpb 5.4746 elapsed 1310.1s
step 976896 bytes 976896 bits 5370754 bpb 5.4978 window_bpb 4.5439 elapsed 1311.4s
step 977920 bytes 977920 bits 5375843 bpb 5.4972 window_bpb 4.9697 elapsed 1312.8s
step 978944 bytes 978944 bits 5380588 bpb 5.4963 window_bpb 4.6338 elapsed 1314.2s
step 979968 bytes 979968 bits 5385505 bpb 5.4956 window_bpb 4.8018 elapsed 1315.6s
step 980992 bytes 980992 bits 5390922 bpb 5.4954 window_bpb 5.2900 elapsed 1316.9s
step 982016 bytes 982016 bits 5396358 bpb 5.4952 window_bpb 5.3086 elapsed 1318.3s
step 983040 bytes 983040 bits 5401635 bpb 5.4948 window_bpb 5.1533 elapsed 1319.7s
step 984064 bytes 984064 bits 5407038 bpb 5.4946 window_bpb 5.2764 elapsed 1321.0s
step 985088 bytes 985088 bits 5412270 bpb 5.4942 window_bpb 5.1094 elapsed 1322.4s
step 986112 bytes 986112 bits 5417789 bpb 5.4941 window_bpb 5.3896 elapsed 1323.8s
step 987136 bytes 987136 bits 5423414 bpb 5.4941 window_bpb 5.4932 elapsed 1325.2s
step 988160 bytes 988160 bits 5428479 bpb 5.4935 window_bpb 4.9463 elapsed 1326.5s
step 989184 bytes 989184 bits 5433901 bpb 5.4933 window_bpb 5.2949 elapsed 1327.9s
step 990208 bytes 990208 bits 5439183 bpb 5.4930 window_bpb 5.1582 elapsed 1329.3s
step 991232 bytes 991232 bits 5444078 bpb 5.4922 window_bpb 4.7803 elapsed 1330.7s
step 992256 bytes 992256 bits 5448896 bpb 5.4914 window_bpb 4.7051 elapsed 1332.0s
step 993280 bytes 993280 bits 5453565 bpb 5.4905 window_bpb 4.5596 elapsed 1333.4s
step 994304 bytes 994304 bits 5458053 bpb 5.4893 window_bpb 4.3828 elapsed 1334.8s
step 995328 bytes 995328 bits 5462495 bpb 5.4881 window_bpb 4.3379 elapsed 1336.2s
step 996352 bytes 996352 bits 5466746 bpb 5.4868 window_bpb 4.1514 elapsed 1337.5s
step 997376 bytes 997376 bits 5471119 bpb 5.4855 window_bpb 4.2705 elapsed 1338.9s
step 998400 bytes 998400 bits 5475602 bpb 5.4844 window_bpb 4.3779 elapsed 1340.3s
step 999424 bytes 999424 bits 5480642 bpb 5.4838 window_bpb 4.9219 elapsed 1341.7s
step 1000448 bytes 1000448 bits 5486145 bpb 5.4837 window_bpb 5.3740 elapsed 1343.0s
step 1001472 bytes 1001472 bits 5491641 bpb 5.4836 window_bpb 5.3672 elapsed 1344.4s
step 1002496 bytes 1002496 bits 5497130 bpb 5.4834 window_bpb 5.3604 elapsed 1345.8s
step 1003520 bytes 1003520 bits 5502614 bpb 5.4833 window_bpb 5.3555 elapsed 1347.2s
step 1004544 bytes 1004544 bits 5507919 bpb 5.4830 window_bpb 5.1807 elapsed 1348.5s
step 1005568 bytes 1005568 bits 5513608 bpb 5.4831 window_bpb 5.5557 elapsed 1349.9s
step 1006592 bytes 1006592 bits 5518826 bpb 5.4827 window_bpb 5.0957 elapsed 1351.3s
step 1007616 bytes 1007616 bits 5523484 bpb 5.4817 window_bpb 4.5488 elapsed 1352.7s
step 1008640 bytes 1008640 bits 5528433 bpb 5.4811 window_bpb 4.8330 elapsed 1354.0s
step 1009664 bytes 1009664 bits 5533302 bpb 5.4803 window_bpb 4.7549 elapsed 1355.4s
step 1010688 bytes 1010688 bits 5538375 bpb 5.4798 window_bpb 4.9541 elapsed 1356.8s
step 1011712 bytes 1011712 bits 5543808 bpb 5.4796 window_bpb 5.3057 elapsed 1358.1s
step 1012736 bytes 1012736 bits 5548563 bpb 5.4788 window_bpb 4.6436 elapsed 1359.5s
step 1013760 bytes 1013760 bits 5553367 bpb 5.4780 window_bpb 4.6914 elapsed 1360.9s
step 1014784 bytes 1014784 bits 5558654 bpb 5.4777 window_bpb 5.1631 elapsed 1362.3s
step 1015808 bytes 1015808 bits 5563666 bpb 5.4771 window_bpb 4.8945 elapsed 1363.6s
step 1016832 bytes 1016832 bits 5568426 bpb 5.4762 window_bpb 4.6484 elapsed 1365.0s
step 1017856 bytes 1017856 bits 5573240 bpb 5.4755 window_bpb 4.7012 elapsed 1366.4s
step 1018880 bytes 1018880 bits 5578090 bpb 5.4747 window_bpb 4.7363 elapsed 1367.8s
step 1019904 bytes 1019904 bits 5583697 bpb 5.4747 window_bpb 5.4756 elapsed 1369.2s
step 1020928 bytes 1020928 bits 5588655 bpb 5.4741 window_bpb 4.8418 elapsed 1370.5s
step 1021952 bytes 1021952 bits 5593985 bpb 5.4738 window_bpb 5.2051 elapsed 1371.9s
step 1022976 bytes 1022976 bits 5599341 bpb 5.4736 window_bpb 5.2305 elapsed 1373.3s
step 1024000 bytes 1024000 bits 5603941 bpb 5.4726 window_bpb 4.4922 elapsed 1374.6s
step 1025024 bytes 1025024 bits 5609323 bpb 5.4724 window_bpb 5.2559 elapsed 1376.0s
step 1026048 bytes 1026048 bits 5614579 bpb 5.4720 window_bpb 5.1328 elapsed 1377.4s
step 1027072 bytes 1027072 bits 5619164 bpb 5.4711 window_bpb 4.4775 elapsed 1378.8s
step 1028096 bytes 1028096 bits 5626454 bpb 5.4727 window_bpb 7.1191 elapsed 1380.1s
step 1029120 bytes 1029120 bits 5632687 bpb 5.4733 window_bpb 6.0869 elapsed 1381.5s
step 1030144 bytes 1030144 bits 5639255 bpb 5.4742 window_bpb 6.4141 elapsed 1382.9s
step 1031168 bytes 1031168 bits 5645311 bpb 5.4747 window_bpb 5.9141 elapsed 1384.3s
step 1032192 bytes 1032192 bits 5649785 bpb 5.4736 window_bpb 4.3691 elapsed 1385.6s
step 1033216 bytes 1033216 bits 5654828 bpb 5.4730 window_bpb 4.9248 elapsed 1387.0s
step 1034240 bytes 1034240 bits 5660108 bpb 5.4727 window_bpb 5.1562 elapsed 1388.4s
step 1035264 bytes 1035264 bits 5665167 bpb 5.4722 window_bpb 4.9404 elapsed 1389.8s
step 1036288 bytes 1036288 bits 5670579 bpb 5.4720 window_bpb 5.2852 elapsed 1391.1s
step 1037312 bytes 1037312 bits 5676082 bpb 5.4719 window_bpb 5.3740 elapsed 1392.5s
step 1038336 bytes 1038336 bits 5682482 bpb 5.4727 window_bpb 6.2500 elapsed 1393.9s
step 1039360 bytes 1039360 bits 5688201 bpb 5.4728 window_bpb 5.5850 elapsed 1395.3s
step 1040384 bytes 1040384 bits 5693559 bpb 5.4726 window_bpb 5.2324 elapsed 1396.6s
step 1041408 bytes 1041408 bits 5700175 bpb 5.4735 window_bpb 6.4609 elapsed 1398.0s
step 1042432 bytes 1042432 bits 5705927 bpb 5.4737 window_bpb 5.6172 elapsed 1399.4s
step 1043456 bytes 1043456 bits 5711520 bpb 5.4737 window_bpb 5.4619 elapsed 1400.7s
step 1044480 bytes 1044480 bits 5717689 bpb 5.4742 window_bpb 6.0244 elapsed 1402.1s
step 1045504 bytes 1045504 bits 5724049 bpb 5.4749 window_bpb 6.2109 elapsed 1403.5s
step 1046528 bytes 1046528 bits 5730869 bpb 5.4761 window_bpb 6.6602 elapsed 1404.9s
step 1047552 bytes 1047552 bits 5737145 bpb 5.4767 window_bpb 6.1289 elapsed 1406.2s
step 1048576 bytes 1048576 bits 5744061 bpb 5.4780 window_bpb 6.7539 elapsed 1407.6s
step 1049600 bytes 1049600 bits 5750484 bpb 5.4787 window_bpb 6.2725 elapsed 1409.0s
step 1050624 bytes 1050624 bits 5757042 bpb 5.4796 window_bpb 6.4043 elapsed 1410.3s
step 1051648 bytes 1051648 bits 5763563 bpb 5.4805 window_bpb 6.3682 elapsed 1411.7s
step 1052672 bytes 1052672 bits 5769975 bpb 5.4813 window_bpb 6.2617 elapsed 1413.1s
step 1053696 bytes 1053696 bits 5776316 bpb 5.4820 window_bpb 6.1924 elapsed 1414.5s
step 1054720 bytes 1054720 bits 5783380 bpb 5.4833 window_bpb 6.8984 elapsed 1415.8s
step 1055744 bytes 1055744 bits 5790067 bpb 5.4843 window_bpb 6.5303 elapsed 1417.2s
step 1056768 bytes 1056768 bits 5797389 bpb 5.4860 window_bpb 7.1504 elapsed 1418.6s
step 1057792 bytes 1057792 bits 5803540 bpb 5.4865 window_bpb 6.0068 elapsed 1419.9s
step 1058816 bytes 1058816 bits 5809429 bpb 5.4867 window_bpb 5.7510 elapsed 1421.3s
step 1059840 bytes 1059840 bits 5815629 bpb 5.4873 window_bpb 6.0547 elapsed 1422.7s
step 1060864 bytes 1060864 bits 5821746 bpb 5.4877 window_bpb 5.9736 elapsed 1424.0s
step 1061888 bytes 1061888 bits 5827557 bpb 5.4879 window_bpb 5.6748 elapsed 1425.4s
step 1062912 bytes 1062912 bits 5832872 bpb 5.4876 window_bpb 5.1904 elapsed 1426.8s
step 1063936 bytes 1063936 bits 5837992 bpb 5.4872 window_bpb 5.0000 elapsed 1428.2s
step 1064960 bytes 1064960 bits 5843436 bpb 5.4870 window_bpb 5.3164 elapsed 1429.5s
step 1065984 bytes 1065984 bits 5848867 bpb 5.4868 window_bpb 5.3037 elapsed 1430.9s
step 1067008 bytes 1067008 bits 5854063 bpb 5.4864 window_bpb 5.0742 elapsed 1432.3s
step 1068032 bytes 1068032 bits 5859568 bpb 5.4863 window_bpb 5.3760 elapsed 1433.6s
step 1069056 bytes 1069056 bits 5864832 bpb 5.4860 window_bpb 5.1406 elapsed 1435.0s
step 1070080 bytes 1070080 bits 5870404 bpb 5.4859 window_bpb 5.4414 elapsed 1436.4s
step 1071104 bytes 1071104 bits 5876281 bpb 5.4862 window_bpb 5.7393 elapsed 1437.7s
step 1072128 bytes 1072128 bits 5881668 bpb 5.4860 window_bpb 5.2607 elapsed 1439.1s
step 1073152 bytes 1073152 bits 5886912 bpb 5.4856 window_bpb 5.1211 elapsed 1440.5s
step 1074176 bytes 1074176 bits 5892245 bpb 5.4854 window_bpb 5.2080 elapsed 1441.9s
step 1075200 bytes 1075200 bits 5897536 bpb 5.4851 window_bpb 5.1670 elapsed 1443.2s
step 1076224 bytes 1076224 bits 5902947 bpb 5.4849 window_bpb 5.2842 elapsed 1444.6s
step 1077248 bytes 1077248 bits 5908090 bpb 5.4844 window_bpb 5.0225 elapsed 1446.0s
step 1078272 bytes 1078272 bits 5913637 bpb 5.4844 window_bpb 5.4170 elapsed 1447.3s
step 1079296 bytes 1079296 bits 5918969 bpb 5.4841 window_bpb 5.2070 elapsed 1448.7s
step 1080320 bytes 1080320 bits 5924502 bpb 5.4840 window_bpb 5.4033 elapsed 1450.1s
step 1081344 bytes 1081344 bits 5930074 bpb 5.4840 window_bpb 5.4414 elapsed 1451.4s
step 1082368 bytes 1082368 bits 5935210 bpb 5.4835 window_bpb 5.0156 elapsed 1452.8s
step 1083392 bytes 1083392 bits 5940414 bpb 5.4832 window_bpb 5.0820 elapsed 1454.2s
step 1084416 bytes 1084416 bits 5945505 bpb 5.4827 window_bpb 4.9717 elapsed 1455.5s
step 1085440 bytes 1085440 bits 5950901 bpb 5.4825 window_bpb 5.2695 elapsed 1456.9s
step 1086464 bytes 1086464 bits 5956247 bpb 5.4822 window_bpb 5.2207 elapsed 1458.3s
step 1087488 bytes 1087488 bits 5961162 bpb 5.4816 window_bpb 4.7998 elapsed 1459.6s
step 1088512 bytes 1088512 bits 5966784 bpb 5.4816 window_bpb 5.4902 elapsed 1461.0s
step 1089536 bytes 1089536 bits 5972299 bpb 5.4815 window_bpb 5.3857 elapsed 1462.4s
step 1090560 bytes 1090560 bits 5977474 bpb 5.4811 window_bpb 5.0537 elapsed 1463.8s
step 1091584 bytes 1091584 bits 5982845 bpb 5.4809 window_bpb 5.2451 elapsed 1465.1s
step 1092608 bytes 1092608 bits 5988051 bpb 5.4805 window_bpb 5.0840 elapsed 1466.5s
step 1093632 bytes 1093632 bits 5993288 bpb 5.4802 window_bpb 5.1143 elapsed 1467.9s
step 1094656 bytes 1094656 bits 5998665 bpb 5.4800 window_bpb 5.2510 elapsed 1469.2s
step 1095680 bytes 1095680 bits 6003918 bpb 5.4796 window_bpb 5.1299 elapsed 1470.6s
step 1096704 bytes 1096704 bits 6009199 bpb 5.4793 window_bpb 5.1572 elapsed 1472.0s
step 1097728 bytes 1097728 bits 6014257 bpb 5.4788 window_bpb 4.9395 elapsed 1473.3s
step 1098752 bytes 1098752 bits 6020040 bpb 5.4790 window_bpb 5.6475 elapsed 1474.7s
step 1099776 bytes 1099776 bits 6025631 bpb 5.4790 window_bpb 5.4600 elapsed 1476.1s
step 1100800 bytes 1100800 bits 6031337 bpb 5.4790 window_bpb 5.5723 elapsed 1477.5s
step 1101824 bytes 1101824 bits 6036685 bpb 5.4788 window_bpb 5.2227 elapsed 1478.8s
step 1102848 bytes 1102848 bits 6041999 bpb 5.4785 window_bpb 5.1895 elapsed 1480.2s
step 1103872 bytes 1103872 bits 6047399 bpb 5.4784 window_bpb 5.2734 elapsed 1481.6s
step 1104896 bytes 1104896 bits 6052831 bpb 5.4782 window_bpb 5.3047 elapsed 1482.9s
step 1105920 bytes 1105920 bits 6058278 bpb 5.4780 window_bpb 5.3193 elapsed 1484.3s
step 1106944 bytes 1106944 bits 6063922 bpb 5.4781 window_bpb 5.5117 elapsed 1485.7s
step 1107968 bytes 1107968 bits 6069188 bpb 5.4778 window_bpb 5.1426 elapsed 1487.0s
step 1108992 bytes 1108992 bits 6074513 bpb 5.4775 window_bpb 5.2002 elapsed 1488.4s
step 1110016 bytes 1110016 bits 6079859 bpb 5.4773 window_bpb 5.2207 elapsed 1489.8s
step 1111040 bytes 1111040 bits 6085331 bpb 5.4771 window_bpb 5.3438 elapsed 1491.2s
step 1112064 bytes 1112064 bits 6090933 bpb 5.4771 window_bpb 5.4707 elapsed 1492.5s
step 1113088 bytes 1113088 bits 6096422 bpb 5.4770 window_bpb 5.3604 elapsed 1493.9s
step 1114112 bytes 1114112 bits 6102097 bpb 5.4771 window_bpb 5.5420 elapsed 1495.3s
step 1115136 bytes 1115136 bits 6108015 bpb 5.4774 window_bpb 5.7793 elapsed 1496.6s
step 1116160 bytes 1116160 bits 6113672 bpb 5.4774 window_bpb 5.5244 elapsed 1498.0s
step 1117184 bytes 1117184 bits 6119291 bpb 5.4774 window_bpb 5.4873 elapsed 1499.4s
time limit 1500.0s reached at byte 1117659; stopping
compress done: input=1117659 compressed_payload=765240 file=765252 bpb=5.4774 elapsed=1500.6s out=records/compressed_paris_20260506-204038.bin
---
bpb: 5.477447
training_seconds: 1500.566736
peak_vram_mb: 256.516113
total_tokens_M: 1.117659
num_steps: 4365
num_params_M: 3.483136
depth: 4
dim: 256
heads: 8
compressed_bytes: 765252
input_bytes: 1117659
max_seq_len: 1024
nncp_train_every: 256
nncp_slide: 768
mode: nncp_compress
