config: batch_size=32 depth=8 dim=512 heads=8 seq_len=1024 lr=0.0003 weight_decay=0.1 compile=True steps=time_budget
num_params_M: 25.859072
compiling model
step 00001 loss 5.6770 elapsed 1.0s tokens_M 0.0
step 00050 loss 3.9171 elapsed 3.9s tokens_M 1.6
step 00100 loss 3.7251 elapsed 7.0s tokens_M 3.3
step 00150 loss 3.7277 elapsed 10.1s tokens_M 4.9
step 00200 loss 3.7076 elapsed 13.2s tokens_M 6.6
step 00250 loss 3.5734 elapsed 16.2s tokens_M 8.2
step 00300 loss 3.6026 elapsed 19.3s tokens_M 9.8
step 00350 loss 3.0434 elapsed 22.4s tokens_M 11.5
step 00400 loss 3.4882 elapsed 25.5s tokens_M 13.1
step 00450 loss 3.1453 elapsed 28.5s tokens_M 14.7
step 00500 loss 3.2111 elapsed 31.6s tokens_M 16.4
step 00550 loss 3.2042 elapsed 34.7s tokens_M 18.0
step 00600 loss 3.1046 elapsed 37.8s tokens_M 19.7
step 00650 loss 3.0877 elapsed 40.9s tokens_M 21.3
step 00700 loss 2.7920 elapsed 43.9s tokens_M 22.9
step 00750 loss 3.0377 elapsed 47.0s tokens_M 24.6
step 00800 loss 3.0269 elapsed 50.1s tokens_M 26.2
step 00850 loss 2.8442 elapsed 53.2s tokens_M 27.9
step 00900 loss 2.9394 elapsed 56.3s tokens_M 29.5
step 00950 loss 2.7843 elapsed 59.3s tokens_M 31.1
step 01000 loss 2.7152 elapsed 62.4s tokens_M 32.8
step 01050 loss 2.6768 elapsed 65.5s tokens_M 34.4
step 01100 loss 2.6432 elapsed 68.6s tokens_M 36.0
step 01150 loss 2.7501 elapsed 71.7s tokens_M 37.7
step 01200 loss 2.6315 elapsed 74.7s tokens_M 39.3
step 01250 loss 2.5575 elapsed 77.8s tokens_M 41.0
step 01300 loss 2.9069 elapsed 80.9s tokens_M 42.6
step 01350 loss 2.5887 elapsed 84.0s tokens_M 44.2
step 01400 loss 2.4881 elapsed 87.1s tokens_M 45.9
step 01450 loss 2.3309 elapsed 90.1s tokens_M 47.5
step 01500 loss 2.7751 elapsed 93.2s tokens_M 49.2
step 01550 loss 2.5037 elapsed 96.3s tokens_M 50.8
step 01600 loss 2.3105 elapsed 99.4s tokens_M 52.4
step 01650 loss 2.7330 elapsed 102.5s tokens_M 54.1
step 01700 loss 2.5311 elapsed 105.6s tokens_M 55.7
step 01750 loss 2.7891 elapsed 108.6s tokens_M 57.3
step 01800 loss 2.6439 elapsed 111.7s tokens_M 59.0
step 01850 loss 2.7406 elapsed 114.8s tokens_M 60.6
step 01900 loss 2.3211 elapsed 117.9s tokens_M 62.3
step 01950 loss 2.5287 elapsed 121.0s tokens_M 63.9
step 02000 loss 2.1728 elapsed 124.1s tokens_M 65.5
step 02050 loss 2.4178 elapsed 127.2s tokens_M 67.2
step 02100 loss 2.3285 elapsed 130.2s tokens_M 68.8
step 02150 loss 2.5801 elapsed 133.3s tokens_M 70.5
step 02200 loss 2.1136 elapsed 136.4s tokens_M 72.1
step 02250 loss 2.1579 elapsed 139.5s tokens_M 73.7
step 02300 loss 2.4264 elapsed 142.6s tokens_M 75.4
step 02350 loss 2.2555 elapsed 145.7s tokens_M 77.0
step 02400 loss 2.5466 elapsed 148.8s tokens_M 78.6
step 02450 loss 2.4228 elapsed 151.9s tokens_M 80.3
step 02500 loss 2.3841 elapsed 154.9s tokens_M 81.9
step 02550 loss 2.1089 elapsed 158.0s tokens_M 83.6
step 02600 loss 2.1953 elapsed 161.1s tokens_M 85.2
step 02650 loss 2.4576 elapsed 164.2s tokens_M 86.8
step 02700 loss 2.0866 elapsed 167.3s tokens_M 88.5
step 02750 loss 2.0586 elapsed 170.4s tokens_M 90.1
step 02800 loss 1.8477 elapsed 173.5s tokens_M 91.8
step 02850 loss 1.8646 elapsed 176.5s tokens_M 93.4
step 02900 loss 2.5301 elapsed 179.6s tokens_M 95.0
step 02950 loss 1.8390 elapsed 182.7s tokens_M 96.7
step 03000 loss 1.8276 elapsed 185.8s tokens_M 98.3
step 03050 loss 1.8749 elapsed 188.9s tokens_M 99.9
step 03100 loss 1.9640 elapsed 192.0s tokens_M 101.6
step 03150 loss 1.9133 elapsed 195.1s tokens_M 103.2
step 03200 loss 2.0809 elapsed 198.2s tokens_M 104.9
step 03250 loss 1.6760 elapsed 201.2s tokens_M 106.5
step 03300 loss 1.8556 elapsed 204.3s tokens_M 108.1
step 03350 loss 1.5079 elapsed 207.4s tokens_M 109.8
step 03400 loss 1.7625 elapsed 210.5s tokens_M 111.4
step 03450 loss 1.4616 elapsed 213.6s tokens_M 113.0
step 03500 loss 1.4516 elapsed 216.7s tokens_M 114.7
step 03550 loss 1.5937 elapsed 219.8s tokens_M 116.3
step 03600 loss 1.5300 elapsed 222.8s tokens_M 118.0
step 03650 loss 1.3587 elapsed 225.9s tokens_M 119.6
step 03700 loss 1.6651 elapsed 229.0s tokens_M 121.2
step 03750 loss 1.2002 elapsed 232.1s tokens_M 122.9
step 03800 loss 1.2785 elapsed 235.2s tokens_M 124.5
step 03850 loss 1.6200 elapsed 238.3s tokens_M 126.2
step 03900 loss 1.1615 elapsed 241.4s tokens_M 127.8
step 03950 loss 1.2897 elapsed 244.5s tokens_M 129.4
step 04000 loss 1.2683 elapsed 247.5s tokens_M 131.1
step 04050 loss 1.3596 elapsed 250.6s tokens_M 132.7
step 04100 loss 0.8897 elapsed 253.7s tokens_M 134.3
step 04150 loss 1.2852 elapsed 256.8s tokens_M 136.0
step 04200 loss 1.0789 elapsed 259.9s tokens_M 137.6
step 04250 loss 0.9920 elapsed 263.0s tokens_M 139.3
step 04300 loss 0.8441 elapsed 266.1s tokens_M 140.9
step 04350 loss 1.0658 elapsed 269.2s tokens_M 142.5
step 04400 loss 1.2047 elapsed 272.2s tokens_M 144.2
step 04450 loss 0.9691 elapsed 275.3s tokens_M 145.8
step 04500 loss 0.8900 elapsed 278.4s tokens_M 147.5
step 04550 loss 1.1834 elapsed 281.5s tokens_M 149.1
step 04600 loss 0.8689 elapsed 284.6s tokens_M 150.7
step 04650 loss 1.1956 elapsed 287.7s tokens_M 152.4
step 04700 loss 1.2431 elapsed 290.8s tokens_M 154.0
step 04750 loss 1.0072 elapsed 293.8s tokens_M 155.6
step 04800 loss 0.8327 elapsed 296.9s tokens_M 157.3
step 04850 loss 0.9563 elapsed 300.0s tokens_M 158.9
---
bpb: 1.509762
training_seconds: 300.156259
peak_vram_mb: 5204.954590
total_tokens_M: 158.924800
num_steps: 4850
num_params_M: 25.859072
depth: 8
dim: 512
heads: 8
checkpoint: records/checkpoint.pt
